507,507,2026-02-26 17:40:25.0321699,271,Verbose,Microsoft-Windows-StateRepository,Microsoft-Windows-StateRepository/Operational,2452,6272,vm-final-lab-wo,3,S-1-5-18,,,,,,,,,,,False,c:\temp\b0f5cb3c534e29b6ade44c0e5667ea9e_MicrosoftWindowsStateRepository4Operational.evtx,0x4000200000000001,0,"{""EventData"":{""Data"":{""@Name"":""Options"",""#text"":""0x0""}}}"
508,508,2026-02-26 17:40:33.8738161,221,Verbose,Microsoft-Windows-StateRepository,Microsoft-Windows-StateRepository/Operational,4032,3140,vm-final-lab-wo,3,S-1-5-18,,,,,,,,,,,False,c:\temp\b0f5cb3c534e29b6ade44c0e5667ea9e_MicrosoftWindowsStateRepository4Operational.evtx,0x4000000000000001,0,"{""EventData"":{""Data"":[{""@Name"":""Partition"",""#text"":""1""},{""@Name"":""ProcessId"",""#text"":""4032""},{""@Name"":""Scope"",""#text"":""(database)""}]}}"
509,509,2026-02-26 17:40:33.9029341,221,Verbose,Microsoft-Windows-StateRepository,Microsoft-Windows-StateRepository/Operational,4032,3140,vm-final-lab-wo,3,S-1-5-18,,,,,,,,,,,False,c:\temp\b0f5cb3c534e29b6ade44c0e5667ea9e_MicrosoftWindowsStateRepository4Operational.evtx,0x4000000000000001,0,"{""EventData"":{""Data"":[{""@Name"":""Partition"",""#text"":""2""},{""@Name"":""ProcessId"",""#text"":""4032""},{""@Name"":""Scope"",""#text"":""(database)""}]}}"
510,510,2026-02-26 17:40:33.9292933,271,Verbose,Microsoft-Windows-StateRepository,Microsoft-Windows-StateRepository/Operational,2452,3512,vm-final-lab-wo,3,S-1-5-18,,,,,,,,,,,False,c:\temp\b0f5cb3c534e29b6ade44c0e5667ea9e_MicrosoftWindowsStateRepository4Operational.evtx,0x4000200000000001,0,"{""EventData"":{""Data"":{""@Name"":""Options"",""#text"":""0x0""}}}"
511,511,2026-02-26 17:40:34.0647382,271,Verbose,Microsoft-Windows-StateRepository,Microsoft-Windows-StateRepository/Operational,2452,3512,vm-final-lab-wo,3,S-1-5-18,,,,,,,,,,,False,c:\temp\b0f5cb3c534e29b6ade44c0e5667ea9e_MicrosoftWindowsStateRepository4Operational.evtx,0x4000200000000001,0,"{""EventData"":{""Data"":{""@Name"":""Options"",""#text"":""0x0""}}}"
512,512,2026-02-26 17:45:55.7699187,221,Verbose,Microsoft-Windows-StateRepository,Microsoft-Windows-StateRepository/Operational,4032,3140,vm-final-lab-wo,3,S-1-5-18,,,,,,,,,,,False,c:\temp\b0f5cb3c534e29b6ade44c0e5667ea9e_MicrosoftWindowsStateRepository4Operational.evtx,0x4000000000000001,0,"{""EventData"":{""Data"":[{""@Name"":""Partition"",""#text"":""1""},{""@Name"":""ProcessId"",""#text"":""4032""},{""@Name"":""Scope"",""#text"":""(database)""}]}}"
513,513,2026-02-26 17:45:55.7886144,221,Verbose,Microsoft-Windows-StateRepository,Microsoft-Windows-StateRepository/Operational,4032,3140,vm-final-lab-wo,3,S-1-5-18,,,,,,,,,,,False,c:\temp\b0f5cb3c534e29b6ade44c0e5667ea9e_MicrosoftWindowsStateRepository4Operational.evtx,0x4000000000000001,0,"{""EventData"":{""Data"":[{""@Name"":""Partition"",""#text"":""2""},{""@Name"":""ProcessId"",""#text"":""4032""},{""@Name"":""Scope"",""#text"":""(database)""}]}}"
514,514,2026-02-26 17:45:55.8068489,271,Verbose,Microsoft-Windows-StateRepository,Microsoft-Windows-StateRepository/Operational,2452,6632,vm-final-lab-wo,3,S-1-5-18,,,,,,,,,,,False,c:\temp\b0f5cb3c534e29b6ade44c0e5667ea9e_MicrosoftWindowsStateRepository4Operational.evtx,0x4000200000000001,0,"{""EventData"":{""Data"":{""@Name"":""Options"",""#text"":""0x0""}}}"
515,515,2026-02-26 17:45:56.1371536,271,Verbose,Microsoft-Windows-StateRepository,Microsoft-Windows-StateRepository/Operational,2452,6632,vm-final-lab-wo,3,S-1-5-18,,,,,,,,,,,False,c:\temp\b0f5cb3c534e29b6ade44c0e5667ea9e_MicrosoftWindowsStateRepository4Operational.evtx,0x4000200000000001,0,"{""EventData"":{""Data"":{""@Name"":""Options"",""#text"":""0x0""}}}"
516,516,2026-02-26 17:45:57.5006015,271,Verbose,Microsoft-Windows-StateRepository,Microsoft-Windows-StateRepository/Operational,2452,484,vm-final-lab-wo,3,S-1-5-18,,,,,,,,,,,False,c:\temp\b0f5cb3c534e29b6ade44c0e5667ea9e_MicrosoftWindowsStateRepository4Operational.evtx,0x4000200000000001,0,"{""EventData"":{""Data"":{""@Name"":""Options"",""#text"":""0x0""}}}"
517,517,2026-02-26 17:45:57.5300737,271,Verbose,Microsoft-Windows-StateRepository,Microsoft-Windows-StateRepository/Operational,2452,484,vm-final-lab-wo,3,S-1-5-18,,,,,,,,,,,False,c:\temp\b0f5cb3c534e29b6ade44c0e5667ea9e_MicrosoftWindowsStateRepository4Operational.evtx,0x4000200000000001,0,"{""EventData"":{""Data"":{""@Name"":""Options"",""#text"":""0x0""}}}"
518,518,2026-02-26 17:45:58.3614209,271,Verbose,Microsoft-Windows-StateRepository,Microsoft-Windows-StateRepository/Operational,2452,484,vm-final-lab-wo,3,S-1-5-18,,,,,,,,,,,False,c:\temp\b0f5cb3c534e29b6ade44c0e5667ea9e_MicrosoftWindowsStateRepository4Operational.evtx,0x4000200000000001,0,"{""EventData"":{""Data"":{""@Name"":""Options"",""#text"":""0x0""}}}"
519,519,2026-02-26 17:45:58.4891201,271,Verbose,Microsoft-Windows-StateRepository,Microsoft-Windows-StateRepository/Operational,2452,484,vm-final-lab-wo,3,S-1-5-18,,,,,,,,,,,False,c:\temp\b0f5cb3c534e29b6ade44c0e5667ea9e_MicrosoftWindowsStateRepository4Operational.evtx,0x4000200000000001,0,"{""EventData"":{""Data"":{""@Name"":""Options"",""#text"":""0x0""}}}"
520,520,2026-02-26 17:45:58.8435602,271,Verbose,Microsoft-Windows-StateRepository,Microsoft-Windows-StateRepository/Operational,2452,6632,vm-final-lab-wo,3,S-1-5-18,,,,,,,,,,,False,c:\temp\b0f5cb3c534e29b6ade44c0e5667ea9e_MicrosoftWindowsStateRepository4Operational.evtx,0x4000200000000001,0,"{""EventData"":{""Data"":{""@Name"":""Options"",""#text"":""0x0""}}}"
521,521,2026-02-26 17:45:58.8986861,271,Verbose,Microsoft-Windows-StateRepository,Microsoft-Windows-StateRepository/Operational,2452,6632,vm-final-lab-wo,3,S-1-5-18,,,,,,,,,,,False,c:\temp\b0f5cb3c534e29b6ade44c0e5667ea9e_MicrosoftWindowsStateRepository4Operational.evtx,0x4000200000000001,0,"{""EventData"":{""Data"":{""@Name"":""Options"",""#text"":""0x0""}}}"
522,522,2026-02-26 17:45:59.4286699,271,Verbose,Microsoft-Windows-StateRepository,Microsoft-Windows-StateRepository/Operational,2452,484,vm-final-lab-wo,3,S-1-5-18,,,,,,,,,,,False,c:\temp\b0f5cb3c534e29b6ade44c0e5667ea9e_MicrosoftWindowsStateRepository4Operational.evtx,0x4000200000000001,0,"{""EventData"":{""Data"":{""@Name"":""Options"",""#text"":""0x0""}}}"
523,523,2026-02-26 17:45:59.5692378,271,Verbose,Microsoft-Windows-StateRepository,Microsoft-Windows-StateRepository/Operational,2452,484,vm-final-lab-wo,3,S-1-5-18,,,,,,,,,,,False,c:\temp\b0f5cb3c534e29b6ade44c0e5667ea9e_MicrosoftWindowsStateRepository4Operational.evtx,0x4000200000000001,0,"{""EventData"":{""Data"":{""@Name"":""Options"",""#text"":""0x0""}}}"
524,524,2026-02-26 17:46:01.3794289,271,Verbose,Microsoft-Windows-StateRepository,Microsoft-Windows-StateRepository/Operational,2452,6632,vm-final-lab-wo,3,S-1-5-18,,,,,,,,,,,False,c:\temp\b0f5cb3c534e29b6ade44c0e5667ea9e_MicrosoftWindowsStateRepository4Operational.evtx,0x4000200000000001,0,"{""EventData"":{""Data"":{""@Name"":""Options"",""#text"":""0x0""}}}"
525,525,2026-02-26 17:46:01.5287865,271,Verbose,Microsoft-Windows-StateRepository,Microsoft-Windows-StateRepository/Operational,2452,6632,vm-final-lab-wo,3,S-1-5-18,,,,,,,,,,,False,c:\temp\b0f5cb3c534e29b6ade44c0e5667ea9e_MicrosoftWindowsStateRepository4Operational.evtx,0x4000200000000001,0,"{""EventData"":{""Data"":{""@Name"":""Options"",""#text"":""0x0""}}}"
526,526,2026-02-26 17:46:04.2559392,271,Verbose,Microsoft-Windows-StateRepository,Microsoft-Windows-StateRepository/Operational,2452,484,vm-final-lab-wo,3,S-1-5-18,,,,,,,,,,,False,c:\temp\b0f5cb3c534e29b6ade44c0e5667ea9e_MicrosoftWindowsStateRepository4Operational.evtx,0x4000200000000001,0,"{""EventData"":{""Data"":{""@Name"":""Options"",""#text"":""0x0""}}}"
527,527,2026-02-26 17:46:04.3878285,271,Verbose,Microsoft-Windows-StateRepository,Microsoft-Windows-StateRepository/Operational,2452,3528,vm-final-lab-wo,3,S-1-5-18,,,,,,,,,,,False,c:\temp\b0f5cb3c534e29b6ade44c0e5667ea9e_MicrosoftWindowsStateRepository4Operational.evtx,0x4000200000000001,0,"{""EventData"":{""Data"":{""@Name"":""Options"",""#text"":""0x0""}}}"
528,528,2026-02-26 17:46:04.4418769,271,Verbose,Microsoft-Windows-StateRepository,Microsoft-Windows-StateRepository/Operational,2452,3528,vm-final-lab-wo,3,S-1-5-18,,,,,,,,,,,False,c:\temp\b0f5cb3c534e29b6ade44c0e5667ea9e_MicrosoftWindowsStateRepository4Operational.evtx,0x4000200000000001,0,"{""EventData"":{""Data"":{""@Name"":""Options"",""#text"":""0x0""}}}"
529,529,2026-02-26 17:46:04.4748732,271,Verbose,Microsoft-Windows-StateRepository,Microsoft-Windows-StateRepository/Operational,2452,3528,vm-final-lab-wo,3,S-1-5-18,,,,,,,,,,,False,c:\temp\b0f5cb3c534e29b6ade44c0e5667ea9e_MicrosoftWindowsStateRepository4Operational.evtx,0x4000200000000001,0,"{""EventData"":{""Data"":{""@Name"":""Options"",""#text"":""0x0""}}}"
530,530,2026-02-26 17:46:04.9139154,271,Verbose,Microsoft-Windows-StateRepository,Microsoft-Windows-StateRepository/Operational,2452,7036,vm-final-lab-wo,3,S-1-5-18,,,,,,,,,,,False,c:\temp\b0f5cb3c534e29b6ade44c0e5667ea9e_MicrosoftWindowsStateRepository4Operational.evtx,0x4000200000000001,0,"{""EventData"":{""Data"":{""@Name"":""Options"",""#text"":""0x0""}}}"
531,531,2026-02-26 17:46:05.0300004,271,Verbose,Microsoft-Windows-StateRepository,Microsoft-Windows-StateRepository/Operational,2452,6352,vm-final-lab-wo,3,S-1-5-18,,,,,,,,,,,False,c:\temp\b0f5cb3c534e29b6ade44c0e5667ea9e_MicrosoftWindowsStateRepository4Operational.evtx,0x4000200000000001,0,"{""EventData"":{""Data"":{""@Name"":""Options"",""#text"":""0x0""}}}"
532,532,2026-02-26 17:46:05.1433187,271,Verbose,Microsoft-Windows-StateRepository,Microsoft-Windows-StateRepository/Operational,2452,6352,vm-final-lab-wo,3,S-1-5-18,,,,,,,,,,,False,c:\temp\b0f5cb3c534e29b6ade44c0e5667ea9e_MicrosoftWindowsStateRepository4Operational.evtx,0x4000200000000001,0,"{""EventData"":{""Data"":{""@Name"":""Options"",""#text"":""0x0""}}}"
533,533,2026-02-26 17:46:05.1801517,271,Verbose,Microsoft-Windows-StateRepository,Microsoft-Windows-StateRepository/Operational,2452,6352,vm-final-lab-wo,3,S-1-5-18,,,,,,,,,,,False,c:\temp\b0f5cb3c534e29b6ade44c0e5667ea9e_MicrosoftWindowsStateRepository4Operational.evtx,0x4000200000000001,0,"{""EventData"":{""Data"":{""@Name"":""Options"",""#text"":""0x0""}}}"
534,534,2026-02-26 17:46:05.6807033,271,Verbose,Microsoft-Windows-StateRepository,Microsoft-Windows-StateRepository/Operational,2452,3528,vm-final-lab-wo,3,S-1-5-18,,,,,,,,,,,False,c:\temp\b0f5cb3c534e29b6ade44c0e5667ea9e_MicrosoftWindowsStateRepository4Operational.evtx,0x4000200000000001,0,"{""EventData"":{""Data"":{""@Name"":""Options"",""#text"":""0x0""}}}"
535,535,2026-02-26 17:46:05.8437621,271,Verbose,Microsoft-Windows-StateRepository,Microsoft-Windows-StateRepository/Operational,2452,6632,vm-final-lab-wo,3,S-1-5-18,,,,,,,,,,,False,c:\temp\b0f5cb3c534e29b6ade44c0e5667ea9e_MicrosoftWindowsStateRepository4Operational.evtx,0x4000200000000001,0,"{""EventData"":{""Data"":{""@Name"":""Options"",""#text"":""0x0""}}}"
536,536,2026-02-26 17:46:05.8867735,271,Verbose,Microsoft-Windows-StateRepository,Microsoft-Windows-StateRepository/Operational,2452,6632,vm-final-lab-wo,3,S-1-5-18,,,,,,,,,,,False,c:\temp\b0f5cb3c534e29b6ade44c0e5667ea9e_MicrosoftWindowsStateRepository4Operational.evtx,0x4000200000000001,0,"{""EventData"":{""Data"":{""@Name"":""Options"",""#text"":""0x0""}}}"
537,537,2026-02-26 17:46:05.9272270,271,Verbose,Microsoft-Windows-StateRepository,Microsoft-Windows-StateRepository/Operational,2452,6632,vm-final-lab-wo,3,S-1-5-18,,,,,,,,,,,False,c:\temp\b0f5cb3c534e29b6ade44c0e5667ea9e_MicrosoftWindowsStateRepository4Operational.evtx,0x4000200000000001,0,"{""EventData"":{""Data"":{""@Name"":""Options"",""#text"":""0x0""}}}"
538,538,2026-02-26 17:46:06.3483778,271,Verbose,Microsoft-Windows-StateRepository,Microsoft-Windows-StateRepository/Operational,2452,4912,vm-final-lab-wo,3,S-1-5-18,,,,,,,,,,,False,c:\temp\b0f5cb3c534e29b6ade44c0e5667ea9e_MicrosoftWindowsStateRepository4Operational.evtx,0x4000200000000001,0,"{""EventData"":{""Data"":{""@Name"":""Options"",""#text"":""0x0""}}}"
539,539,2026-02-26 17:46:06.4908559,271,Verbose,Microsoft-Windows-StateRepository,Microsoft-Windows-StateRepository/Operational,2452,3528,vm-final-lab-wo,3,S-1-5-18,,,,,,,,,,,False,c:\temp\b0f5cb3c534e29b6ade44c0e5667ea9e_MicrosoftWindowsStateRepository4Operational.evtx,0x4000200000000001,0,"{""EventData"":{""Data"":{""@Name"":""Options"",""#text"":""0x0""}}}"
540,540,2026-02-26 17:46:06.5147393,271,Verbose,Microsoft-Windows-StateRepository,Microsoft-Windows-StateRepository/Operational,2452,3528,vm-final-lab-wo,3,S-1-5-18,,,,,,,,,,,False,c:\temp\b0f5cb3c534e29b6ade44c0e5667ea9e_MicrosoftWindowsStateRepository4Operational.evtx,0x4000200000000001,0,"{""EventData"":{""Data"":{""@Name"":""Options"",""#text"":""0x0""}}}"
541,541,2026-02-26 17:46:06.5464768,271,Verbose,Microsoft-Windows-StateRepository,Microsoft-Windows-StateRepository/Operational,2452,3528,vm-final-lab-wo,3,S-1-5-18,,,,,,,,,,,False,c:\temp\b0f5cb3c534e29b6ade44c0e5667ea9e_MicrosoftWindowsStateRepository4Operational.evtx,0x4000200000000001,0,"{""EventData"":{""Data"":{""@Name"":""Options"",""#text"":""0x0""}}}"
542,542,2026-02-26 17:46:07.2502277,271,Verbose,Microsoft-Windows-StateRepository,Microsoft-Windows-StateRepository/Operational,2452,7036,vm-final-lab-wo,3,S-1-5-18,,,,,,,,,,,False,c:\temp\b0f5cb3c534e29b6ade44c0e5667ea9e_MicrosoftWindowsStateRepository4Operational.evtx,0x4000200000000001,0,"{""EventData"":{""Data"":{""@Name"":""Options"",""#text"":""0x0""}}}"
543,543,2026-02-26 17:46:07.3214857,271,Verbose,Microsoft-Windows-StateRepository,Microsoft-Windows-StateRepository/Operational,2452,7036,vm-final-lab-wo,3,S-1-5-18,,,,,,,,,,,False,c:\temp\b0f5cb3c534e29b6ade44c0e5667ea9e_MicrosoftWindowsStateRepository4Operational.evtx,0x4000200000000001,0,"{""EventData"":{""Data"":{""@Name"":""Options"",""#text"":""0x0""}}}"
544,544,2026-02-26 17:46:08.1670593,271,Verbose,Microsoft-Windows-StateRepository,Microsoft-Windows-StateRepository/Operational,2452,7036,vm-final-lab-wo,3,S-1-5-18,,,,,,,,,,,False,c:\temp\b0f5cb3c534e29b6ade44c0e5667ea9e_MicrosoftWindowsStateRepository4Operational.evtx,0x4000200000000001,0,"{""EventData"":{""Data"":{""@Name"":""Options"",""#text"":""0x0""}}}"
545,545,2026-02-26 17:46:09.5391220,271,Verbose,Microsoft-Windows-StateRepository,Microsoft-Windows-StateRepository/Operational,2452,4912,vm-final-lab-wo,3,S-1-5-18,,,,,,,,,,,False,c:\temp\b0f5cb3c534e29b6ade44c0e5667ea9e_MicrosoftWindowsStateRepository4Operational.evtx,0x4000200000000001,0,"{""EventData"":{""Data"":{""@Name"":""Options"",""#text"":""0x0""}}}"
546,546,2026-02-26 17:46:09.6984284,271,Verbose,Microsoft-Windows-StateRepository,Microsoft-Windows-StateRepository/Operational,2452,4912,vm-final-lab-wo,3,S-1-5-18,,,,,,,,,,,False,c:\temp\b0f5cb3c534e29b6ade44c0e5667ea9e_MicrosoftWindowsStateRepository4Operational.evtx,0x4000200000000001,0,"{""EventData"":{""Data"":{""@Name"":""Options"",""#text"":""0x0""}}}"
547,547,2026-02-26 17:46:10.0896565,271,Verbose,Microsoft-Windows-StateRepository,Microsoft-Windows-StateRepository/Operational,2452,3528,vm-final-lab-wo,3,S-1-5-18,,,,,,,,,,,False,c:\temp\b0f5cb3c534e29b6ade44c0e5667ea9e_MicrosoftWindowsStateRepository4Operational.evtx,0x4000200000000001,0,"{""EventData"":{""Data"":{""@Name"":""Options"",""#text"":""0x0""}}}"
548,548,2026-02-26 17:46:15.2245450,271,Verbose,Microsoft-Windows-StateRepository,Microsoft-Windows-StateRepository/Operational,2452,7036,vm-final-lab-wo,3,S-1-5-18,,,,,,,,,,,False,c:\temp\b0f5cb3c534e29b6ade44c0e5667ea9e_MicrosoftWindowsStateRepository4Operational.evtx,0x4000200000000001,0,"{""EventData"":{""Data"":{""@Name"":""Options"",""#text"":""0x0""}}}"
549,549,2026-02-26 17:46:15.4185097,271,Verbose,Microsoft-Windows-StateRepository,Microsoft-Windows-StateRepository/Operational,2452,7036,vm-final-lab-wo,3,S-1-5-18,,,,,,,,,,,False,c:\temp\b0f5cb3c534e29b6ade44c0e5667ea9e_MicrosoftWindowsStateRepository4Operational.evtx,0x4000200000000001,0,"{""EventData"":{""Data"":{""@Name"":""Options"",""#text"":""0x0""}}}"
550,550,2026-02-26 17:46:16.4838020,271,Verbose,Microsoft-Windows-StateRepository,Microsoft-Windows-StateRepository/Operational,2452,3528,vm-final-lab-wo,3,S-1-5-18,,,,,,,,,,,False,c:\temp\b0f5cb3c534e29b6ade44c0e5667ea9e_MicrosoftWindowsStateRepository4Operational.evtx,0x4000200000000001,0,"{""EventData"":{""Data"":{""@Name"":""Options"",""#text"":""0x0""}}}"
551,551,2026-02-26 17:46:16.6450333,271,Verbose,Microsoft-Windows-StateRepository,Microsoft-Windows-StateRepository/Operational,2452,6632,vm-final-lab-wo,3,S-1-5-18,,,,,,,,,,,False,c:\temp\b0f5cb3c534e29b6ade44c0e5667ea9e_MicrosoftWindowsStateRepository4Operational.evtx,0x4000200000000001,0,"{""EventData"":{""Data"":{""@Name"":""Options"",""#text"":""0x0""}}}"
552,552,2026-02-26 17:46:16.7200259,271,Verbose,Microsoft-Windows-StateRepository,Microsoft-Windows-StateRepository/Operational,2452,6632,vm-final-lab-wo,3,S-1-5-18,,,,,,,,,,,False,c:\temp\b0f5cb3c534e29b6ade44c0e5667ea9e_MicrosoftWindowsStateRepository4Operational.evtx,0x4000200000000001,0,"{""EventData"":{""Data"":{""@Name"":""Options"",""#text"":""0x0""}}}"
553,553,2026-02-26 17:46:16.9074150,271,Verbose,Microsoft-Windows-StateRepository,Microsoft-Windows-StateRepository/Operational,2452,7036,vm-final-lab-wo,3,S-1-5-18,,,,,,,,,,,False,c:\temp\b0f5cb3c534e29b6ade44c0e5667ea9e_MicrosoftWindowsStateRepository4Operational.evtx,0x4000200000000001,0,"{""EventData"":{""Data"":{""@Name"":""Options"",""#text"":""0x0""}}}"
554,554,2026-02-26 17:46:18.1570098,271,Verbose,Microsoft-Windows-StateRepository,Microsoft-Windows-StateRepository/Operational,2452,4912,vm-final-lab-wo,3,S-1-5-18,,,,,,,,,,,False,c:\temp\b0f5cb3c534e29b6ade44c0e5667ea9e_MicrosoftWindowsStateRepository4Operational.evtx,0x4000200000000001,0,"{""EventData"":{""Data"":{""@Name"":""Options"",""#text"":""0x0""}}}"
555,555,2026-02-26 17:46:18.3543580,271,Verbose,Microsoft-Windows-StateRepository,Microsoft-Windows-StateRepository/Operational,2452,4912,vm-final-lab-wo,3,S-1-5-18,,,,,,,,,,,False,c:\temp\b0f5cb3c534e29b6ade44c0e5667ea9e_MicrosoftWindowsStateRepository4Operational.evtx,0x4000200000000001,0,"{""EventData"":{""Data"":{""@Name"":""Options"",""#text"":""0x0""}}}"
556,556,2026-02-26 17:46:18.5570017,271,Verbose,Microsoft-Windows-StateRepository,Microsoft-Windows-StateRepository/Operational,2452,6632,vm-final-lab-wo,3,S-1-5-18,,,,,,,,,,,False,c:\temp\b0f5cb3c534e29b6ade44c0e5667ea9e_MicrosoftWindowsStateRepository4Operational.evtx,0x4000200000000001,0,"{""EventData"":{""Data"":{""@Name"":""Options"",""#text"":""0x0""}}}"
557,557,2026-02-26 17:46:18.6988249,271,Verbose,Microsoft-Windows-StateRepository,Microsoft-Windows-StateRepository/Operational,2452,6632,vm-final-lab-wo,3,S-1-5-18,,,,,,,,,,,False,c:\temp\b0f5cb3c534e29b6ade44c0e5667ea9e_MicrosoftWindowsStateRepository4Operational.evtx,0x4000200000000001,0,"{""EventData"":{""Data"":{""@Name"":""Options"",""#text"":""0x0""}}}"
558,558,2026-02-26 17:46:19.7855951,271,Verbose,Microsoft-Windows-StateRepository,Microsoft-Windows-StateRepository/Operational,2452,3528,vm-final-lab-wo,3,S-1-5-18,,,,,,,,,,,False,c:\temp\b0f5cb3c534e29b6ade44c0e5667ea9e_MicrosoftWindowsStateRepository4Operational.evtx,0x4000200000000001,0,"{""EventData"":{""Data"":{""@Name"":""Options"",""#text"":""0x0""}}}"
559,559,2026-02-26 17:46:19.8787536,271,Verbose,Microsoft-Windows-StateRepository,Microsoft-Windows-StateRepository/Operational,2452,3528,vm-final-lab-wo,3,S-1-5-18,,,,,,,,,,,False,c:\temp\b0f5cb3c534e29b6ade44c0e5667ea9e_MicrosoftWindowsStateRepository4Operational.evtx,0x4000200000000001,0,"{""EventData"":{""Data"":{""@Name"":""Options"",""#text"":""0x0""}}}"
560,560,2026-02-26 17:46:22.6608120,271,Verbose,Microsoft-Windows-StateRepository,Microsoft-Windows-StateRepository/Operational,2452,6632,vm-final-lab-wo,3,S-1-5-18,,,,,,,,,,,False,c:\temp\b0f5cb3c534e29b6ade44c0e5667ea9e_MicrosoftWindowsStateRepository4Operational.evtx,0x4000200000000001,0,"{""EventData"":{""Data"":{""@Name"":""Options"",""#text"":""0x0""}}}"
561,561,2026-02-26 17:46:22.7855914,271,Verbose,Microsoft-Windows-StateRepository,Microsoft-Windows-StateRepository/Operational,2452,4912,vm-final-lab-wo,3,S-1-5-18,,,,,,,,,,,False,c:\temp\b0f5cb3c534e29b6ade44c0e5667ea9e_MicrosoftWindowsStateRepository4Operational.evtx,0x4000200000000001,0,"{""EventData"":{""Data"":{""@Name"":""Options"",""#text"":""0x0""}}}"
562,562,2026-02-26 17:46:22.8142146,271,Verbose,Microsoft-Windows-StateRepository,Microsoft-Windows-StateRepository/Operational,2452,4912,vm-final-lab-wo,3,S-1-5-18,,,,,,,,,,,False,c:\temp\b0f5cb3c534e29b6ade44c0e5667ea9e_MicrosoftWindowsStateRepository4Operational.evtx,0x4000200000000001,0,"{""EventData"":{""Data"":{""@Name"":""Options"",""#text"":""0x0""}}}"
563,563,2026-02-26 17:46:22.8506449,271,Verbose,Microsoft-Windows-StateRepository,Microsoft-Windows-StateRepository/Operational,2452,4912,vm-final-lab-wo,3,S-1-5-18,,,,,,,,,,,False,c:\temp\b0f5cb3c534e29b6ade44c0e5667ea9e_MicrosoftWindowsStateRepository4Operational.evtx,0x4000200000000001,0,"{""EventData"":{""Data"":{""@Name"":""Options"",""#text"":""0x0""}}}"
564,564,2026-02-26 17:46:23.2999070,271,Verbose,Microsoft-Windows-StateRepository,Microsoft-Windows-StateRepository/Operational,2452,6632,vm-final-lab-wo,3,S-1-5-18,,,,,,,,,,,False,c:\temp\b0f5cb3c534e29b6ade44c0e5667ea9e_MicrosoftWindowsStateRepository4Operational.evtx,0x4000200000000001,0,"{""EventData"":{""Data"":{""@Name"":""Options"",""#text"":""0x0""}}}"
565,565,2026-02-26 17:46:23.4694094,271,Verbose,Microsoft-Windows-StateRepository,Microsoft-Windows-StateRepository/Operational,2452,6632,vm-final-lab-wo,3,S-1-5-18,,,,,,,,,,,False,c:\temp\b0f5cb3c534e29b6ade44c0e5667ea9e_MicrosoftWindowsStateRepository4Operational.evtx,0x4000200000000001,0,"{""EventData"":{""Data"":{""@Name"":""Options"",""#text"":""0x0""}}}"
566,566,2026-02-26 17:46:23.5010269,271,Verbose,Microsoft-Windows-StateRepository,Microsoft-Windows-StateRepository/Operational,2452,6632,vm-final-lab-wo,3,S-1-5-18,,,,,,,,,,,False,c:\temp\b0f5cb3c534e29b6ade44c0e5667ea9e_MicrosoftWindowsStateRepository4Operational.evtx,0x4000200000000001,0,"{""EventData"":{""Data"":{""@Name"":""Options"",""#text"":""0x0""}}}"
567,567,2026-02-26 17:46:23.5309665,271,Verbose,Microsoft-Windows-StateRepository,Microsoft-Windows-StateRepository/Operational,2452,6632,vm-final-lab-wo,3,S-1-5-18,,,,,,,,,,,False,c:\temp\b0f5cb3c534e29b6ade44c0e5667ea9e_MicrosoftWindowsStateRepository4Operational.evtx,0x4000200000000001,0,"{""EventData"":{""Data"":{""@Name"":""Options"",""#text"":""0x0""}}}"
568,568,2026-02-26 17:46:24.2310015,271,Verbose,Microsoft-Windows-StateRepository,Microsoft-Windows-StateRepository/Operational,2452,3528,vm-final-lab-wo,3,S-1-5-18,,,,,,,,,,,False,c:\temp\b0f5cb3c534e29b6ade44c0e5667ea9e_MicrosoftWindowsStateRepository4Operational.evtx,0x4000200000000001,0,"{""EventData"":{""Data"":{""@Name"":""Options"",""#text"":""0x0""}}}"
569,569,2026-02-26 17:46:24.2407054,271,Verbose,Microsoft-Windows-StateRepository,Microsoft-Windows-StateRepository/Operational,2452,3528,vm-final-lab-wo,3,S-1-5-18,,,,,,,,,,,False,c:\temp\b0f5cb3c534e29b6ade44c0e5667ea9e_MicrosoftWindowsStateRepository4Operational.evtx,0x4000200000000001,0,"{""EventData"":{""Data"":{""@Name"":""Options"",""#text"":""0x0""}}}"
570,570,2026-02-26 17:46:24.8232670,271,Verbose,Microsoft-Windows-StateRepository,Microsoft-Windows-StateRepository/Operational,2452,3528,vm-final-lab-wo,3,S-1-5-18,,,,,,,,,,,False,c:\temp\b0f5cb3c534e29b6ade44c0e5667ea9e_MicrosoftWindowsStateRepository4Operational.evtx,0x4000200000000001,0,"{""EventData"":{""Data"":{""@Name"":""Options"",""#text"":""0x0""}}}"
571,571,2026-02-26 17:46:25.4518664,271,Verbose,Microsoft-Windows-StateRepository,Microsoft-Windows-StateRepository/Operational,2452,7036,vm-final-lab-wo,3,S-1-5-18,,,,,,,,,,,False,c:\temp\b0f5cb3c534e29b6ade44c0e5667ea9e_MicrosoftWindowsStateRepository4Operational.evtx,0x4000200000000001,0,"{""EventData"":{""Data"":{""@Name"":""Options"",""#text"":""0x0""}}}"
572,572,2026-02-26 17:46:25.6344474,271,Verbose,Microsoft-Windows-StateRepository,Microsoft-Windows-StateRepository/Operational,2452,7036,vm-final-lab-wo,3,S-1-5-18,,,,,,,,,,,False,c:\temp\b0f5cb3c534e29b6ade44c0e5667ea9e_MicrosoftWindowsStateRepository4Operational.evtx,0x4000200000000001,0,"{""EventData"":{""Data"":{""@Name"":""Options"",""#text"":""0x0""}}}"
573,573,2026-02-26 17:46:25.9904500,271,Verbose,Microsoft-Windows-StateRepository,Microsoft-Windows-StateRepository/Operational,2452,3528,vm-final-lab-wo,3,S-1-5-18,,,,,,,,,,,False,c:\temp\b0f5cb3c534e29b6ade44c0e5667ea9e_MicrosoftWindowsStateRepository4Operational.evtx,0x4000200000000001,0,"{""EventData"":{""Data"":{""@Name"":""Options"",""#text"":""0x0""}}}"
574,574,2026-02-26 17:56:56.0964831,231,Verbose,Microsoft-Windows-StateRepository,Microsoft-Windows-StateRepository/Operational,2452,1108,vm-final-lab-wo,3,S-1-5-18,,,,,,,,,,,False,c:\temp\b0f5cb3c534e29b6ade44c0e5667ea9e_MicrosoftWindowsStateRepository4Operational.evtx,0x4000000000000001,0,"{""EventData"":{""Data"":{""@Name"":""Options"",""#text"":""0x1""}}}"
575,575,2026-02-26 18:44:36.4690650,231,Verbose,Microsoft-Windows-StateRepository,Microsoft-Windows-StateRepository/Operational,2452,816,vm-final-lab-wo,3,S-1-5-18,,,,,,,,,,,False,c:\temp\b0f5cb3c534e29b6ade44c0e5667ea9e_MicrosoftWindowsStateRepository4Operational.evtx,0x4000000000000001,0,"{""EventData"":{""Data"":{""@Name"":""Options"",""#text"":""0x1""}}}"
576,576,2026-02-26 19:45:19.5844179,231,Verbose,Microsoft-Windows-StateRepository,Microsoft-Windows-StateRepository/Operational,2452,6928,vm-final-lab-wo,3,S-1-5-18,,,,,,,,,,,False,c:\temp\b0f5cb3c534e29b6ade44c0e5667ea9e_MicrosoftWindowsStateRepository4Operational.evtx,0x4000000000000001,0,"{""EventData"":{""Data"":{""@Name"":""Options"",""#text"":""0x1""}}}"
577,577,2026-02-26 20:45:19.8886908,231,Verbose,Microsoft-Windows-StateRepository,Microsoft-Windows-StateRepository/Operational,2452,7648,vm-final-lab-wo,3,S-1-5-18,,,,,,,,,,,False,c:\temp\b0f5cb3c534e29b6ade44c0e5667ea9e_MicrosoftWindowsStateRepository4Operational.evtx,0x4000000000000001,0,"{""EventData"":{""Data"":{""@Name"":""Options"",""#text"":""0x1""}}}"
578,578,2026-02-26 21:45:20.2640199,231,Verbose,Microsoft-Windows-StateRepository,Microsoft-Windows-StateRepository/Operational,2452,3604,vm-final-lab-wo,3,S-1-5-18,,,,,,,,,,,False,c:\temp\b0f5cb3c534e29b6ade44c0e5667ea9e_MicrosoftWindowsStateRepository4Operational.evtx,0x4000000000000001,0,"{""EventData"":{""Data"":{""@Name"":""Options"",""#text"":""0x1""}}}"
579,579,2026-02-26 22:45:20.5753704,231,Verbose,Microsoft-Windows-StateRepository,Microsoft-Windows-StateRepository/Operational,2452,8132,vm-final-lab-wo,3,S-1-5-18,,,,,,,,,,,False,c:\temp\b0f5cb3c534e29b6ade44c0e5667ea9e_MicrosoftWindowsStateRepository4Operational.evtx,0x4000000000000001,0,"{""EventData"":{""Data"":{""@Name"":""Options"",""#text"":""0x1""}}}"
580,580,2026-02-26 23:28:46.6986792,231,Verbose,Microsoft-Windows-StateRepository,Microsoft-Windows-StateRepository/Operational,2452,2228,vm-final-lab-wo,3,S-1-5-18,,,,,,,,,,,False,c:\temp\b0f5cb3c534e29b6ade44c0e5667ea9e_MicrosoftWindowsStateRepository4Operational.evtx,0x4000000000000001,0,"{""EventData"":{""Data"":{""@Name"":""Options"",""#text"":""0x1""}}}"
581,581,2026-02-26 23:45:20.9109843,231,Verbose,Microsoft-Windows-StateRepository,Microsoft-Windows-StateRepository/Operational,2452,8020,vm-final-lab-wo,3,S-1-5-18,,,,,,,,,,,False,c:\temp\b0f5cb3c534e29b6ade44c0e5667ea9e_MicrosoftWindowsStateRepository4Operational.evtx,0x4000000000000001,0,"{""EventData"":{""Data"":{""@Name"":""Options"",""#text"":""0x1""}}}"
582,582,2026-02-27 00:35:52.0050120,231,Verbose,Microsoft-Windows-StateRepository,Microsoft-Windows-StateRepository/Operational,2452,7588,vm-final-lab-wo,3,S-1-5-18,,,,,,,,,,,False,c:\temp\b0f5cb3c534e29b6ade44c0e5667ea9e_MicrosoftWindowsStateRepository4Operational.evtx,0x4000000000000001,0,"{""EventData"":{""Data"":{""@Name"":""Options"",""#text"":""0x1""}}}"
583,583,2026-02-27 00:45:21.3107967,231,Verbose,Microsoft-Windows-StateRepository,Microsoft-Windows-StateRepository/Operational,2452,8060,vm-final-lab-wo,3,S-1-5-18,,,,,,,,,,,False,c:\temp\b0f5cb3c534e29b6ade44c0e5667ea9e_MicrosoftWindowsStateRepository4Operational.evtx,0x4000000000000001,0,"{""EventData"":{""Data"":{""@Name"":""Options"",""#text"":""0x1""}}}"
584,584,2026-02-27 01:42:18.3682175,231,Verbose,Microsoft-Windows-StateRepository,Microsoft-Windows-StateRepository/Operational,2452,1648,vm-final-lab-wo,3,S-1-5-18,,,,,,,,,,,False,c:\temp\b0f5cb3c534e29b6ade44c0e5667ea9e_MicrosoftWindowsStateRepository4Operational.evtx,0x4000000000000001,0,"{""EventData"":{""Data"":{""@Name"":""Options"",""#text"":""0x1""}}}"
585,585,2026-02-27 02:19:23.7152490,231,Verbose,Microsoft-Windows-StateRepository,Microsoft-Windows-StateRepository/Operational,2452,6720,vm-final-lab-wo,3,S-1-5-18,,,,,,,,,,,False,c:\temp\b0f5cb3c534e29b6ade44c0e5667ea9e_MicrosoftWindowsStateRepository4Operational.evtx,0x4000000000000001,0,"{""EventData"":{""Data"":{""@Name"":""Options"",""#text"":""0x1""}}}"
586,586,2026-02-27 02:32:40.2585375,231,Verbose,Microsoft-Windows-StateRepository,Microsoft-Windows-StateRepository/Operational,2452,2180,vm-final-lab-wo,3,S-1-5-18,,,,,,,,,,,False,c:\temp\b0f5cb3c534e29b6ade44c0e5667ea9e_MicrosoftWindowsStateRepository4Operational.evtx,0x4000000000000001,0,"{""EventData"":{""Data"":{""@Name"":""Options"",""#text"":""0x1""}}}"
587,587,2026-02-27 02:45:21.8037409,231,Verbose,Microsoft-Windows-StateRepository,Microsoft-Windows-StateRepository/Operational,2452,2180,vm-final-lab-wo,3,S-1-5-18,,,,,,,,,,,False,c:\temp\b0f5cb3c534e29b6ade44c0e5667ea9e_MicrosoftWindowsStateRepository4Operational.evtx,0x4000000000000001,0,"{""EventData"":{""Data"":{""@Name"":""Options"",""#text"":""0x1""}}}"
588,588,2026-02-27 03:45:22.1832890,231,Verbose,Microsoft-Windows-StateRepository,Microsoft-Windows-StateRepository/Operational,2452,7080,vm-final-lab-wo,3,S-1-5-18,,,,,,,,,,,False,c:\temp\b0f5cb3c534e29b6ade44c0e5667ea9e_MicrosoftWindowsStateRepository4Operational.evtx,0x4000000000000001,0,"{""EventData"":{""Data"":{""@Name"":""Options"",""#text"":""0x1""}}}"
589,589,2026-02-27 04:02:31.6258823,231,Verbose,Microsoft-Windows-StateRepository,Microsoft-Windows-StateRepository/Operational,2452,8016,vm-final-lab-wo,3,S-1-5-18,,,,,,,,,,,False,c:\temp\b0f5cb3c534e29b6ade44c0e5667ea9e_MicrosoftWindowsStateRepository4Operational.evtx,0x4000000000000001,0,"{""EventData"":{""Data"":{""@Name"":""Options"",""#text"":""0x1""}}}"
590,590,2026-02-27 04:45:22.5064679,231,Verbose,Microsoft-Windows-StateRepository,Microsoft-Windows-StateRepository/Operational,2452,7584,vm-final-lab-wo,3,S-1-5-18,,,,,,,,,,,False,c:\temp\b0f5cb3c534e29b6ade44c0e5667ea9e_MicrosoftWindowsStateRepository4Operational.evtx,0x4000000000000001,0,"{""EventData"":{""Data"":{""@Name"":""Options"",""#text"":""0x1""}}}"
591,591,2026-02-27 05:37:10.3297342,231,Verbose,Microsoft-Windows-StateRepository,Microsoft-Windows-StateRepository/Operational,2452,1648,vm-final-lab-wo,3,S-1-5-18,,,,,,,,,,,False,c:\temp\b0f5cb3c534e29b6ade44c0e5667ea9e_MicrosoftWindowsStateRepository4Operational.evtx,0x4000000000000001,0,"{""EventData"":{""Data"":{""@Name"":""Options"",""#text"":""0x1""}}}"
592,592,2026-02-27 05:45:22.8469509,231,Verbose,Microsoft-Windows-StateRepository,Microsoft-Windows-StateRepository/Operational,2452,4836,vm-final-lab-wo,3,S-1-5-18,,,,,,,,,,,False,c:\temp\b0f5cb3c534e29b6ade44c0e5667ea9e_MicrosoftWindowsStateRepository4Operational.evtx,0x4000000000000001,0,"{""EventData"":{""Data"":{""@Name"":""Options"",""#text"":""0x1""}}}"
593,593,2026-02-27 06:37:13.7175604,231,Verbose,Microsoft-Windows-StateRepository,Microsoft-Windows-StateRepository/Operational,2452,920,vm-final-lab-wo,3,S-1-5-18,,,,,,,,,,,False,c:\temp\b0f5cb3c534e29b6ade44c0e5667ea9e_MicrosoftWindowsStateRepository4Operational.evtx,0x4000000000000001,0,"{""EventData"":{""Data"":{""@Name"":""Options"",""#text"":""0x1""}}}"
594,594,2026-02-27 06:45:23.1780845,231,Verbose,Microsoft-Windows-StateRepository,Microsoft-Windows-StateRepository/Operational,2452,604,vm-final-lab-wo,3,S-1-5-18,,,,,,,,,,,False,c:\temp\b0f5cb3c534e29b6ade44c0e5667ea9e_MicrosoftWindowsStateRepository4Operational.evtx,0x4000000000000001,0,"{""EventData"":{""Data"":{""@Name"":""Options"",""#text"":""0x1""}}}"
595,595,2026-02-27 07:45:23.5316747,231,Verbose,Microsoft-Windows-StateRepository,Microsoft-Windows-StateRepository/Operational,2452,6580,vm-final-lab-wo,3,S-1-5-18,,,,,,,,,,,False,c:\temp\b0f5cb3c534e29b6ade44c0e5667ea9e_MicrosoftWindowsStateRepository4Operational.evtx,0x4000000000000001,0,"{""EventData"":{""Data"":{""@Name"":""Options"",""#text"":""0x1""}}}"
596,596,2026-02-27 08:01:56.2328352,242,Verbose,Microsoft-Windows-StateRepository,Microsoft-Windows-StateRepository/Operational,2452,3168,vm-final-lab-wo,3,S-1-5-18,,,,,,,,,,,False,c:\temp\b0f5cb3c534e29b6ade44c0e5667ea9e_MicrosoftWindowsStateRepository4Operational.evtx,0x4000000000000001,0,"{""EventData"":{""Data"":[{""@Name"":""TimeoutMSec"",""#text"":""5000""},{""@Name"":""ElapsedTimeMSec"",""#text"":""0""}]}}"
597,597,2026-02-27 08:01:56.2328374,243,Verbose,Microsoft-Windows-StateRepository,Microsoft-Windows-StateRepository/Operational,2452,3168,vm-final-lab-wo,3,S-1-5-18,,,,,,,,,,,False,c:\temp\b0f5cb3c534e29b6ade44c0e5667ea9e_MicrosoftWindowsStateRepository4Operational.evtx,0x4000000000000001,0,"{""EventData"":{""Data"":[{""@Name"":""TimeoutMSec"",""#text"":""5000""},{""@Name"":""ElapsedTimeMSec"",""#text"":""0""}]}}"
598,598,2026-02-27 14:52:35.3254674,223,Info,Microsoft-Windows-StateRepository,Microsoft-Windows-StateRepository/Operational,2408,2480,vm-final-lab-wo,3,S-1-5-18,,,,,,,,,,,False,c:\temp\b0f5cb3c534e29b6ade44c0e5667ea9e_MicrosoftWindowsStateRepository4Operational.evtx,0x4000000000000001,0,"{""EventData"":{""Data"":[{""@Name"":""Partition"",""#text"":""1""},{""@Name"":""SchemaVersion"",""#text"":""29696""},{""@Name"":""Filename"",""#text"":""C:\\ProgramData\\Microsoft\\Windows\\AppRepository\\StateRepository-Machine.srd""}]}}"
599,599,2026-02-27 14:52:35.3364594,223,Info,Microsoft-Windows-StateRepository,Microsoft-Windows-StateRepository/Operational,2408,2480,vm-final-lab-wo,3,S-1-5-18,,,,,,,,,,,False,c:\temp\b0f5cb3c534e29b6ade44c0e5667ea9e_MicrosoftWindowsStateRepository4Operational.evtx,0x4000000000000001,0,"{""EventData"":{""Data"":[{""@Name"":""Partition"",""#text"":""2""},{""@Name"":""SchemaVersion"",""#text"":""29696""},{""@Name"":""Filename"",""#text"":""C:\\ProgramData\\Microsoft\\Windows\\AppRepository\\StateRepository-Deployment.srd""}]}}"
600,600,2026-02-27 14:52:35.4519193,284,Verbose,Microsoft-Windows-StateRepository,Microsoft-Windows-StateRepository/Operational,2408,2480,vm-final-lab-wo,3,S-1-5-18,,,,,,,,,,,False,c:\temp\b0f5cb3c534e29b6ade44c0e5667ea9e_MicrosoftWindowsStateRepository4Operational.evtx,0x4000000000000001,0,"{""EventData"":{""Data"":[{""@Name"":""Partition"",""#text"":""2""},{""@Name"":""ProcessId"",""#text"":""2408""},{""@Name"":""Scope"",""#text"":""AppInstaller""}]}}"
601,601,2026-02-27 14:52:35.4587193,284,Verbose,Microsoft-Windows-StateRepository,Microsoft-Windows-StateRepository/Operational,2408,2480,vm-final-lab-wo,3,S-1-5-18,,,,,,,,,,,False,c:\temp\b0f5cb3c534e29b6ade44c0e5667ea9e_MicrosoftWindowsStateRepository4Operational.evtx,0x4000000000000001,0,"{""EventData"":{""Data"":[{""@Name"":""Partition"",""#text"":""2""},{""@Name"":""ProcessId"",""#text"":""2408""},{""@Name"":""Scope"",""#text"":""AppInstallerUri""}]}}"
602,602,2026-02-27 14:52:35.4648821,284,Verbose,Microsoft-Windows-StateRepository,Microsoft-Windows-StateRepository/Operational,2408,2480,vm-final-lab-wo,3,S-1-5-18,,,,,,,,,,,False,c:\temp\b0f5cb3c534e29b6ade44c0e5667ea9e_MicrosoftWindowsStateRepository4Operational.evtx,0x4000000000000001,0,"{""EventData"":{""Data"":[{""@Name"":""Partition"",""#text"":""2""},{""@Name"":""ProcessId"",""#text"":""2408""},{""@Name"":""Scope"",""#text"":""AppxManifest""}]}}"
603,603,2026-02-27 14:52:35.4721324,284,Verbose,Microsoft-Windows-StateRepository,Microsoft-Windows-StateRepository/Operational,2408,2480,vm-final-lab-wo,3,S-1-5-18,,,,,,,,,,,False,c:\temp\b0f5cb3c534e29b6ade44c0e5667ea9e_MicrosoftWindowsStateRepository4Operational.evtx,0x4000000000000001,0,"{""EventData"":{""Data"":[{""@Name"":""Partition"",""#text"":""2""},{""@Name"":""ProcessId"",""#text"":""2408""},{""@Name"":""Scope"",""#text"":""AutoUpdatePackage""}]}}"
604,604,2026-02-27 14:52:35.4790517,284,Verbose,Microsoft-Windows-StateRepository,Microsoft-Windows-StateRepository/Operational,2408,2480,vm-final-lab-wo,3,S-1-5-18,,,,,,,,,,,False,c:\temp\b0f5cb3c534e29b6ade44c0e5667ea9e_MicrosoftWindowsStateRepository4Operational.evtx,0x4000000000000001,0,"{""EventData"":{""Data"":[{""@Name"":""Partition"",""#text"":""2""},{""@Name"":""ProcessId"",""#text"":""2408""},{""@Name"":""Scope"",""#text"":""ContentGroup""}]}}"
605,605,2026-02-27 14:52:35.4893404,284,Verbose,Microsoft-Windows-StateRepository,Microsoft-Windows-StateRepository/Operational,2408,2480,vm-final-lab-wo,3,S-1-5-18,,,,,,,,,,,False,c:\temp\b0f5cb3c534e29b6ade44c0e5667ea9e_MicrosoftWindowsStateRepository4Operational.evtx,0x4000000000000001,0,"{""EventData"":{""Data"":[{""@Name"":""Partition"",""#text"":""2""},{""@Name"":""ProcessId"",""#text"":""2408""},{""@Name"":""Scope"",""#text"":""ContentGroupFile""}]}}"
606,606,2026-02-27 14:52:35.5716716,284,Verbose,Microsoft-Windows-StateRepository,Microsoft-Windows-StateRepository/Operational,2408,2480,vm-final-lab-wo,3,S-1-5-18,,,,,,,,,,,False,c:\temp\b0f5cb3c534e29b6ade44c0e5667ea9e_MicrosoftWindowsStateRepository4Operational.evtx,0x4000000000000001,0,"{""EventData"":{""Data"":[{""@Name"":""Partition"",""#text"":""2""},{""@Name"":""ProcessId"",""#text"":""2408""},{""@Name"":""Scope"",""#text"":""File""}]}}"
607,607,2026-02-27 14:52:35.5793125,284,Verbose,Microsoft-Windows-StateRepository,Microsoft-Windows-StateRepository/Operational,2408,2480,vm-final-lab-wo,3,S-1-5-18,,,,,,,,,,,False,c:\temp\b0f5cb3c534e29b6ade44c0e5667ea9e_MicrosoftWindowsStateRepository4Operational.evtx,0x4000000000000001,0,"{""EventData"":{""Data"":[{""@Name"":""Partition"",""#text"":""2""},{""@Name"":""ProcessId"",""#text"":""2408""},{""@Name"":""Scope"",""#text"":""PackageAppInstaller""}]}}"
608,608,2026-02-27 14:52:35.5871342,284,Verbose,Microsoft-Windows-StateRepository,Microsoft-Windows-StateRepository/Operational,2408,2480,vm-final-lab-wo,3,S-1-5-18,,,,,,,,,,,False,c:\temp\b0f5cb3c534e29b6ade44c0e5667ea9e_MicrosoftWindowsStateRepository4Operational.evtx,0x4000000000000001,0,"{""EventData"":{""Data"":[{""@Name"":""Partition"",""#text"":""2""},{""@Name"":""ProcessId"",""#text"":""2408""},{""@Name"":""Scope"",""#text"":""PackageSourceUri""}]}}"
609,609,2026-02-27 14:52:35.5871588,284,Verbose,Microsoft-Windows-StateRepository,Microsoft-Windows-StateRepository/Operational,2408,2480,vm-final-lab-wo,3,S-1-5-18,,,,,,,,,,,False,c:\temp\b0f5cb3c534e29b6ade44c0e5667ea9e_MicrosoftWindowsStateRepository4Operational.evtx,0x4000000000000001,0,"{""EventData"":{""Data"":[{""@Name"":""Partition"",""#text"":""2""},{""@Name"":""ProcessId"",""#text"":""2408""},{""@Name"":""Scope"",""#text"":""NULL""}]}}"
610,610,2026-02-27 14:52:36.0555982,245,Verbose,Microsoft-Windows-StateRepository,Microsoft-Windows-StateRepository/Operational,2408,2480,vm-final-lab-wo,3,S-1-5-18,,,,,,,,,,,False,c:\temp\b0f5cb3c534e29b6ade44c0e5667ea9e_MicrosoftWindowsStateRepository4Operational.evtx,0x4000000000000001,0,"{""EventData"":{""Data"":[{""@Name"":""ErrorCode"",""#text"":""0x0""},{""@Name"":""MachineSize_Before"",""#text"":""2097152""},{""@Name"":""MachineJournalSize_Before"",""#text"":""0""},{""@Name"":""DeploymentSize_Before"",""#text"":""1048576""},{""@Name"":""DeploymentJournalSize_Before"",""#text"":""0""},{""@Name"":""MachineSize_After"",""#text"":""2097152""},{""@Name"":""MachineJournalSize_After"",""#text"":""0""},{""@Name"":""DeploymentSize_After"",""#text"":""1048576""},{""@Name"":""DeploymentJournalSize_After"",""#text"":""327680""},{""@Name"":""MaintenancePerformed"",""#text"":""0xD3""}]}}"
611,611,2026-02-27 14:52:38.1634072,269,Verbose,Microsoft-Windows-StateRepository,Microsoft-Windows-StateRepository/Operational,2408,2480,vm-final-lab-wo,3,S-1-5-18,,,,,,,,,,,False,c:\temp\b0f5cb3c534e29b6ade44c0e5667ea9e_MicrosoftWindowsStateRepository4Operational.evtx,0x4000200000000001,0,"{""EventData"":{""Data"":{""@Name"":""Options"",""#text"":""0x0""}}}"
612,612,2026-02-27 14:52:38.9682812,216,Info,Microsoft-Windows-StateRepository,Microsoft-Windows-StateRepository/Operational,2408,2480,vm-final-lab-wo,3,S-1-5-18,,,,,,,,,,,False,c:\temp\b0f5cb3c534e29b6ade44c0e5667ea9e_MicrosoftWindowsStateRepository4Operational.evtx,0x4000000000000001,0,"{""EventData"":{""Data"":{""@Name"":""ProcessId"",""#text"":""2408""}}}"
613,613,2026-02-27 14:52:40.2591534,231,Verbose,Microsoft-Windows-StateRepository,Microsoft-Windows-StateRepository/Operational,2408,2452,vm-final-lab-wo,3,S-1-5-18,,,,,,,,,,,False,c:\temp\b0f5cb3c534e29b6ade44c0e5667ea9e_MicrosoftWindowsStateRepository4Operational.evtx,0x4000000000000001,0,"{""EventData"":{""Data"":{""@Name"":""Options"",""#text"":""0x1""}}}"
614,614,2026-02-27 15:05:36.2510408,242,Verbose,Microsoft-Windows-StateRepository,Microsoft-Windows-StateRepository/Operational,2408,5428,vm-final-lab-wo,3,S-1-5-18,,,,,,,,,,,False,c:\temp\b0f5cb3c534e29b6ade44c0e5667ea9e_MicrosoftWindowsStateRepository4Operational.evtx,0x4000000000000001,0,"{""EventData"":{""Data"":[{""@Name"":""TimeoutMSec"",""#text"":""5000""},{""@Name"":""ElapsedTimeMSec"",""#text"":""0""}]}}"
615,615,2026-02-27 15:05:36.2510429,243,Verbose,Microsoft-Windows-StateRepository,Microsoft-Windows-StateRepository/Operational,2408,5428,vm-final-lab-wo,3,S-1-5-18,,,,,,,,,,,False,c:\temp\b0f5cb3c534e29b6ade44c0e5667ea9e_MicrosoftWindowsStateRepository4Operational.evtx,0x4000000000000001,0,"{""EventData"":{""Data"":[{""@Name"":""TimeoutMSec"",""#text"":""5000""},{""@Name"":""ElapsedTimeMSec"",""#text"":""0""}]}}"
616,616,2026-02-27 15:05:57.6388535,223,Info,Microsoft-Windows-StateRepository,Microsoft-Windows-StateRepository/Operational,2480,2612,vm-final-lab-wo,3,S-1-5-18,,,,,,,,,,,False,c:\temp\b0f5cb3c534e29b6ade44c0e5667ea9e_MicrosoftWindowsStateRepository4Operational.evtx,0x4000000000000001,0,"{""EventData"":{""Data"":[{""@Name"":""Partition"",""#text"":""1""},{""@Name"":""SchemaVersion"",""#text"":""29696""},{""@Name"":""Filename"",""#text"":""C:\\ProgramData\\Microsoft\\Windows\\AppRepository\\StateRepository-Machine.srd""}]}}"
617,617,2026-02-27 15:05:57.6465843,223,Info,Microsoft-Windows-StateRepository,Microsoft-Windows-StateRepository/Operational,2480,2612,vm-final-lab-wo,3,S-1-5-18,,,,,,,,,,,False,c:\temp\b0f5cb3c534e29b6ade44c0e5667ea9e_MicrosoftWindowsStateRepository4Operational.evtx,0x4000000000000001,0,"{""EventData"":{""Data"":[{""@Name"":""Partition"",""#text"":""2""},{""@Name"":""SchemaVersion"",""#text"":""29696""},{""@Name"":""Filename"",""#text"":""C:\\ProgramData\\Microsoft\\Windows\\AppRepository\\StateRepository-Deployment.srd""}]}}"
618,618,2026-02-27 15:05:57.7802981,284,Verbose,Microsoft-Windows-StateRepository,Microsoft-Windows-StateRepository/Operational,2480,2612,vm-final-lab-wo,3,S-1-5-18,,,,,,,,,,,False,c:\temp\b0f5cb3c534e29b6ade44c0e5667ea9e_MicrosoftWindowsStateRepository4Operational.evtx,0x4000000000000001,0,"{""EventData"":{""Data"":[{""@Name"":""Partition"",""#text"":""2""},{""@Name"":""ProcessId"",""#text"":""2480""},{""@Name"":""Scope"",""#text"":""AppInstaller""}]}}"
619,619,2026-02-27 15:05:57.7842476,284,Verbose,Microsoft-Windows-StateRepository,Microsoft-Windows-StateRepository/Operational,2480,2612,vm-final-lab-wo,3,S-1-5-18,,,,,,,,,,,False,c:\temp\b0f5cb3c534e29b6ade44c0e5667ea9e_MicrosoftWindowsStateRepository4Operational.evtx,0x4000000000000001,0,"{""EventData"":{""Data"":[{""@Name"":""Partition"",""#text"":""2""},{""@Name"":""ProcessId"",""#text"":""2480""},{""@Name"":""Scope"",""#text"":""AppInstallerUri""}]}}"
620,620,2026-02-27 15:05:57.7884645,284,Verbose,Microsoft-Windows-StateRepository,Microsoft-Windows-StateRepository/Operational,2480,2612,vm-final-lab-wo,3,S-1-5-18,,,,,,,,,,,False,c:\temp\b0f5cb3c534e29b6ade44c0e5667ea9e_MicrosoftWindowsStateRepository4Operational.evtx,0x4000000000000001,0,"{""EventData"":{""Data"":[{""@Name"":""Partition"",""#text"":""2""},{""@Name"":""ProcessId"",""#text"":""2480""},{""@Name"":""Scope"",""#text"":""AppxManifest""}]}}"
621,621,2026-02-27 15:05:57.7925447,284,Verbose,Microsoft-Windows-StateRepository,Microsoft-Windows-StateRepository/Operational,2480,2612,vm-final-lab-wo,3,S-1-5-18,,,,,,,,,,,False,c:\temp\b0f5cb3c534e29b6ade44c0e5667ea9e_MicrosoftWindowsStateRepository4Operational.evtx,0x4000000000000001,0,"{""EventData"":{""Data"":[{""@Name"":""Partition"",""#text"":""2""},{""@Name"":""ProcessId"",""#text"":""2480""},{""@Name"":""Scope"",""#text"":""AutoUpdatePackage""}]}}"
622,622,2026-02-27 15:05:57.7970139,284,Verbose,Microsoft-Windows-StateRepository,Microsoft-Windows-StateRepository/Operational,2480,2612,vm-final-lab-wo,3,S-1-5-18,,,,,,,,,,,False,c:\temp\b0f5cb3c534e29b6ade44c0e5667ea9e_MicrosoftWindowsStateRepository4Operational.evtx,0x4000000000000001,0,"{""EventData"":{""Data"":[{""@Name"":""Partition"",""#text"":""2""},{""@Name"":""ProcessId"",""#text"":""2480""},{""@Name"":""Scope"",""#text"":""ContentGroup""}]}}"
623,623,2026-02-27 15:05:57.8004578,284,Verbose,Microsoft-Windows-StateRepository,Microsoft-Windows-StateRepository/Operational,2480,2612,vm-final-lab-wo,3,S-1-5-18,,,,,,,,,,,False,c:\temp\b0f5cb3c534e29b6ade44c0e5667ea9e_MicrosoftWindowsStateRepository4Operational.evtx,0x4000000000000001,0,"{""EventData"":{""Data"":[{""@Name"":""Partition"",""#text"":""2""},{""@Name"":""ProcessId"",""#text"":""2480""},{""@Name"":""Scope"",""#text"":""ContentGroupFile""}]}}"
624,624,2026-02-27 15:05:57.8395538,284,Verbose,Microsoft-Windows-StateRepository,Microsoft-Windows-StateRepository/Operational,2480,2612,vm-final-lab-wo,3,S-1-5-18,,,,,,,,,,,False,c:\temp\b0f5cb3c534e29b6ade44c0e5667ea9e_MicrosoftWindowsStateRepository4Operational.evtx,0x4000000000000001,0,"{""EventData"":{""Data"":[{""@Name"":""Partition"",""#text"":""2""},{""@Name"":""ProcessId"",""#text"":""2480""},{""@Name"":""Scope"",""#text"":""File""}]}}"
625,625,2026-02-27 15:05:57.8443093,284,Verbose,Microsoft-Windows-StateRepository,Microsoft-Windows-StateRepository/Operational,2480,2612,vm-final-lab-wo,3,S-1-5-18,,,,,,,,,,,False,c:\temp\b0f5cb3c534e29b6ade44c0e5667ea9e_MicrosoftWindowsStateRepository4Operational.evtx,0x4000000000000001,0,"{""EventData"":{""Data"":[{""@Name"":""Partition"",""#text"":""2""},{""@Name"":""ProcessId"",""#text"":""2480""},{""@Name"":""Scope"",""#text"":""PackageAppInstaller""}]}}"
626,626,2026-02-27 15:05:57.8508591,284,Verbose,Microsoft-Windows-StateRepository,Microsoft-Windows-StateRepository/Operational,2480,2612,vm-final-lab-wo,3,S-1-5-18,,,,,,,,,,,False,c:\temp\b0f5cb3c534e29b6ade44c0e5667ea9e_MicrosoftWindowsStateRepository4Operational.evtx,0x4000000000000001,0,"{""EventData"":{""Data"":[{""@Name"":""Partition"",""#text"":""2""},{""@Name"":""ProcessId"",""#text"":""2480""},{""@Name"":""Scope"",""#text"":""PackageSourceUri""}]}}"
627,627,2026-02-27 15:05:57.8508829,284,Verbose,Microsoft-Windows-StateRepository,Microsoft-Windows-StateRepository/Operational,2480,2612,vm-final-lab-wo,4,S-1-5-18,,,,,,,,,,,False,c:\temp\b0f5cb3c534e29b6ade44c0e5667ea9e_MicrosoftWindowsStateRepository4Operational.evtx,0x4000000000000001,0,"{""EventData"":{""Data"":[{""@Name"":""Partition"",""#text"":""2""},{""@Name"":""ProcessId"",""#text"":""2480""},{""@Name"":""Scope"",""#text"":""NULL""}]}}"
628,628,2026-02-27 15:05:58.0682492,245,Verbose,Microsoft-Windows-StateRepository,Microsoft-Windows-StateRepository/Operational,2480,2612,vm-final-lab-wo,4,S-1-5-18,,,,,,,,,,,False,c:\temp\b0f5cb3c534e29b6ade44c0e5667ea9e_MicrosoftWindowsStateRepository4Operational.evtx,0x4000000000000001,0,"{""EventData"":{""Data"":[{""@Name"":""ErrorCode"",""#text"":""0x0""},{""@Name"":""MachineSize_Before"",""#text"":""2097152""},{""@Name"":""MachineJournalSize_Before"",""#text"":""0""},{""@Name"":""DeploymentSize_Before"",""#text"":""1048576""},{""@Name"":""DeploymentJournalSize_Before"",""#text"":""0""},{""@Name"":""MachineSize_After"",""#text"":""2097152""},{""@Name"":""MachineJournalSize_After"",""#text"":""0""},{""@Name"":""DeploymentSize_After"",""#text"":""1048576""},{""@Name"":""DeploymentJournalSize_After"",""#text"":""327680""},{""@Name"":""MaintenancePerformed"",""#text"":""0xD3""}]}}"
629,629,2026-02-27 15:05:59.9063314,269,Verbose,Microsoft-Windows-StateRepository,Microsoft-Windows-StateRepository/Operational,2480,2612,vm-final-lab-wo,4,S-1-5-18,,,,,,,,,,,False,c:\temp\b0f5cb3c534e29b6ade44c0e5667ea9e_MicrosoftWindowsStateRepository4Operational.evtx,0x4000200000000001,0,"{""EventData"":{""Data"":{""@Name"":""Options"",""#text"":""0x0""}}}"
630,630,2026-02-27 15:06:00.3305476,216,Info,Microsoft-Windows-StateRepository,Microsoft-Windows-StateRepository/Operational,2480,2612,vm-final-lab-wo,4,S-1-5-18,,,,,,,,,,,False,c:\temp\b0f5cb3c534e29b6ade44c0e5667ea9e_MicrosoftWindowsStateRepository4Operational.evtx,0x4000000000000001,0,"{""EventData"":{""Data"":{""@Name"":""ProcessId"",""#text"":""2480""}}}"
631,631,2026-02-27 15:06:01.6664524,231,Verbose,Microsoft-Windows-StateRepository,Microsoft-Windows-StateRepository/Operational,2480,3212,vm-final-lab-wo,4,S-1-5-18,,,,,,,,,,,False,c:\temp\b0f5cb3c534e29b6ade44c0e5667ea9e_MicrosoftWindowsStateRepository4Operational.evtx,0x4000000000000001,0,"{""EventData"":{""Data"":{""@Name"":""Options"",""#text"":""0x1""}}}"
