381,381,2026-02-26 15:29:40.7868211,265,Verbose,Microsoft-Windows-StateRepository,Microsoft-Windows-StateRepository/Operational,1348,1364,vm-final-lab-wo,2,S-1-5-18,,,,,,,,,,,False,c:\temp\b0f5cb3c534e29b6ade44c0e5667ea9e_MicrosoftWindowsStateRepository4Operational.evtx,0x4000200000000001,0,"{""EventData"":{""Data"":[{""@Name"":""ErrorCode"",""#text"":""0x0""},{""@Name"":""Options"",""#text"":""0x0""},{""@Name"":""MachineDatabase_Pages"",""#text"":""0""},{""@Name"":""MachineDatabase_PagesCheckpointed"",""#text"":""0""},{""@Name"":""DeploymentDatabase_Pages"",""#text"":""0""},{""@Name"":""DeploymentDatabase_PagesCheckpointed"",""#text"":""0""}]}}"
382,382,2026-02-26 15:29:40.8187933,245,Verbose,Microsoft-Windows-StateRepository,Microsoft-Windows-StateRepository/Operational,1348,1364,vm-final-lab-wo,2,S-1-5-18,,,,,,,,,,,False,c:\temp\b0f5cb3c534e29b6ade44c0e5667ea9e_MicrosoftWindowsStateRepository4Operational.evtx,0x4000000000000001,0,"{""EventData"":{""Data"":[{""@Name"":""ErrorCode"",""#text"":""0x0""},{""@Name"":""MachineSize_Before"",""#text"":""2097152""},{""@Name"":""MachineJournalSize_Before"",""#text"":""0""},{""@Name"":""DeploymentSize_Before"",""#text"":""1048576""},{""@Name"":""DeploymentJournalSize_Before"",""#text"":""0""},{""@Name"":""MachineSize_After"",""#text"":""2097152""},{""@Name"":""MachineJournalSize_After"",""#text"":""0""},{""@Name"":""DeploymentSize_After"",""#text"":""1048576""},{""@Name"":""DeploymentJournalSize_After"",""#text"":""0""},{""@Name"":""MaintenancePerformed"",""#text"":""0xD3""}]}}"
383,383,2026-02-26 15:29:41.2155622,269,Verbose,Microsoft-Windows-StateRepository,Microsoft-Windows-StateRepository/Operational,1348,1364,vm-final-lab-wo,2,S-1-5-18,,,,,,,,,,,False,c:\temp\b0f5cb3c534e29b6ade44c0e5667ea9e_MicrosoftWindowsStateRepository4Operational.evtx,0x4000200000000001,0,"{""EventData"":{""Data"":{""@Name"":""Options"",""#text"":""0x0""}}}"
384,384,2026-02-26 15:29:41.2707678,216,Info,Microsoft-Windows-StateRepository,Microsoft-Windows-StateRepository/Operational,1348,1364,vm-final-lab-wo,2,S-1-5-18,,,,,,,,,,,False,c:\temp\b0f5cb3c534e29b6ade44c0e5667ea9e_MicrosoftWindowsStateRepository4Operational.evtx,0x4000000000000001,0,"{""EventData"":{""Data"":{""@Name"":""ProcessId"",""#text"":""1348""}}}"
385,385,2026-02-26 15:29:41.5127093,231,Verbose,Microsoft-Windows-StateRepository,Microsoft-Windows-StateRepository/Operational,1348,1412,vm-final-lab-wo,2,S-1-5-18,,,,,,,,,,,False,c:\temp\b0f5cb3c534e29b6ade44c0e5667ea9e_MicrosoftWindowsStateRepository4Operational.evtx,0x4000000000000001,0,"{""EventData"":{""Data"":{""@Name"":""Options"",""#text"":""0x1""}}}"
386,386,2026-02-26 15:29:43.1544351,221,Verbose,Microsoft-Windows-StateRepository,Microsoft-Windows-StateRepository/Operational,1376,1424,vm-final-lab-wo,2,S-1-5-18,,,,,,,,,,,False,c:\temp\b0f5cb3c534e29b6ade44c0e5667ea9e_MicrosoftWindowsStateRepository4Operational.evtx,0x4000000000000001,0,"{""EventData"":{""Data"":[{""@Name"":""Partition"",""#text"":""1""},{""@Name"":""ProcessId"",""#text"":""1376""},{""@Name"":""Scope"",""#text"":""(database)""}]}}"
387,387,2026-02-26 15:29:43.1697747,221,Verbose,Microsoft-Windows-StateRepository,Microsoft-Windows-StateRepository/Operational,1376,1424,vm-final-lab-wo,2,S-1-5-18,,,,,,,,,,,False,c:\temp\b0f5cb3c534e29b6ade44c0e5667ea9e_MicrosoftWindowsStateRepository4Operational.evtx,0x4000000000000001,0,"{""EventData"":{""Data"":[{""@Name"":""Partition"",""#text"":""2""},{""@Name"":""ProcessId"",""#text"":""1376""},{""@Name"":""Scope"",""#text"":""(database)""}]}}"
388,388,2026-02-26 15:29:43.1795079,271,Verbose,Microsoft-Windows-StateRepository,Microsoft-Windows-StateRepository/Operational,1348,1360,vm-final-lab-wo,2,S-1-5-18,,,,,,,,,,,False,c:\temp\b0f5cb3c534e29b6ade44c0e5667ea9e_MicrosoftWindowsStateRepository4Operational.evtx,0x4000200000000001,0,"{""EventData"":{""Data"":{""@Name"":""Options"",""#text"":""0x0""}}}"
389,389,2026-02-26 15:29:43.2061267,271,Verbose,Microsoft-Windows-StateRepository,Microsoft-Windows-StateRepository/Operational,1348,1360,vm-final-lab-wo,2,S-1-5-18,,,,,,,,,,,False,c:\temp\b0f5cb3c534e29b6ade44c0e5667ea9e_MicrosoftWindowsStateRepository4Operational.evtx,0x4000200000000001,0,"{""EventData"":{""Data"":{""@Name"":""Options"",""#text"":""0x0""}}}"
390,390,2026-02-26 15:29:47.4082064,271,Verbose,Microsoft-Windows-StateRepository,Microsoft-Windows-StateRepository/Operational,1348,1360,vm-final-lab-wo,2,S-1-5-18,,,,,,,,,,,False,c:\temp\b0f5cb3c534e29b6ade44c0e5667ea9e_MicrosoftWindowsStateRepository4Operational.evtx,0x4000200000000001,0,"{""EventData"":{""Data"":{""@Name"":""Options"",""#text"":""0x0""}}}"
391,391,2026-02-26 15:29:47.4174526,271,Verbose,Microsoft-Windows-StateRepository,Microsoft-Windows-StateRepository/Operational,1348,1360,vm-final-lab-wo,2,S-1-5-18,,,,,,,,,,,False,c:\temp\b0f5cb3c534e29b6ade44c0e5667ea9e_MicrosoftWindowsStateRepository4Operational.evtx,0x4000200000000001,0,"{""EventData"":{""Data"":{""@Name"":""Options"",""#text"":""0x0""}}}"
392,392,2026-02-26 15:31:28.0861691,271,Verbose,Microsoft-Windows-StateRepository,Microsoft-Windows-StateRepository/Operational,1348,1412,vm-final-lab-wo,2,S-1-5-18,,,,,,,,,,,False,c:\temp\b0f5cb3c534e29b6ade44c0e5667ea9e_MicrosoftWindowsStateRepository4Operational.evtx,0x4000200000000001,0,"{""EventData"":{""Data"":{""@Name"":""Options"",""#text"":""0x0""}}}"
393,393,2026-02-26 15:31:55.1489155,271,Verbose,Microsoft-Windows-StateRepository,Microsoft-Windows-StateRepository/Operational,1348,1608,vm-final-lab-wo,2,S-1-5-18,,,,,,,,,,,False,c:\temp\b0f5cb3c534e29b6ade44c0e5667ea9e_MicrosoftWindowsStateRepository4Operational.evtx,0x4000200000000001,0,"{""EventData"":{""Data"":{""@Name"":""Options"",""#text"":""0x0""}}}"
394,394,2026-02-26 15:31:55.2416189,221,Verbose,Microsoft-Windows-StateRepository,Microsoft-Windows-StateRepository/Operational,1376,1424,vm-final-lab-wo,2,S-1-5-21-169698666-362884899-2229521277-500,,,,,,,,,,,False,c:\temp\b0f5cb3c534e29b6ade44c0e5667ea9e_MicrosoftWindowsStateRepository4Operational.evtx,0x4000000000000001,0,"{""EventData"":{""Data"":[{""@Name"":""Partition"",""#text"":""1""},{""@Name"":""ProcessId"",""#text"":""1376""},{""@Name"":""Scope"",""#text"":""(database)""}]}}"
395,395,2026-02-26 15:31:55.2535592,221,Verbose,Microsoft-Windows-StateRepository,Microsoft-Windows-StateRepository/Operational,1376,1424,vm-final-lab-wo,2,S-1-5-21-169698666-362884899-2229521277-500,,,,,,,,,,,False,c:\temp\b0f5cb3c534e29b6ade44c0e5667ea9e_MicrosoftWindowsStateRepository4Operational.evtx,0x4000000000000001,0,"{""EventData"":{""Data"":[{""@Name"":""Partition"",""#text"":""2""},{""@Name"":""ProcessId"",""#text"":""1376""},{""@Name"":""Scope"",""#text"":""(database)""}]}}"
396,396,2026-02-26 15:31:55.3402633,271,Verbose,Microsoft-Windows-StateRepository,Microsoft-Windows-StateRepository/Operational,1348,1360,vm-final-lab-wo,2,S-1-5-18,,,,,,,,,,,False,c:\temp\b0f5cb3c534e29b6ade44c0e5667ea9e_MicrosoftWindowsStateRepository4Operational.evtx,0x4000200000000001,0,"{""EventData"":{""Data"":{""@Name"":""Options"",""#text"":""0x0""}}}"
397,397,2026-02-26 15:31:55.5005989,271,Verbose,Microsoft-Windows-StateRepository,Microsoft-Windows-StateRepository/Operational,1348,1360,vm-final-lab-wo,2,S-1-5-18,,,,,,,,,,,False,c:\temp\b0f5cb3c534e29b6ade44c0e5667ea9e_MicrosoftWindowsStateRepository4Operational.evtx,0x4000200000000001,0,"{""EventData"":{""Data"":{""@Name"":""Options"",""#text"":""0x0""}}}"
398,398,2026-02-26 15:32:03.5343935,271,Verbose,Microsoft-Windows-StateRepository,Microsoft-Windows-StateRepository/Operational,1348,540,vm-final-lab-wo,2,S-1-5-18,,,,,,,,,,,False,c:\temp\b0f5cb3c534e29b6ade44c0e5667ea9e_MicrosoftWindowsStateRepository4Operational.evtx,0x4000200000000001,0,"{""EventData"":{""Data"":{""@Name"":""Options"",""#text"":""0x0""}}}"
399,399,2026-02-26 15:32:05.2611015,271,Verbose,Microsoft-Windows-StateRepository,Microsoft-Windows-StateRepository/Operational,1348,1608,vm-final-lab-wo,2,S-1-5-18,,,,,,,,,,,False,c:\temp\b0f5cb3c534e29b6ade44c0e5667ea9e_MicrosoftWindowsStateRepository4Operational.evtx,0x4000200000000001,0,"{""EventData"":{""Data"":{""@Name"":""Options"",""#text"":""0x0""}}}"
400,400,2026-02-26 15:32:05.3445665,271,Verbose,Microsoft-Windows-StateRepository,Microsoft-Windows-StateRepository/Operational,1348,1608,vm-final-lab-wo,2,S-1-5-18,,,,,,,,,,,False,c:\temp\b0f5cb3c534e29b6ade44c0e5667ea9e_MicrosoftWindowsStateRepository4Operational.evtx,0x4000200000000001,0,"{""EventData"":{""Data"":{""@Name"":""Options"",""#text"":""0x0""}}}"
401,401,2026-02-26 15:32:05.4008901,271,Verbose,Microsoft-Windows-StateRepository,Microsoft-Windows-StateRepository/Operational,1348,1608,vm-final-lab-wo,2,S-1-5-18,,,,,,,,,,,False,c:\temp\b0f5cb3c534e29b6ade44c0e5667ea9e_MicrosoftWindowsStateRepository4Operational.evtx,0x4000200000000001,0,"{""EventData"":{""Data"":{""@Name"":""Options"",""#text"":""0x0""}}}"
402,402,2026-02-26 15:32:05.5112706,271,Verbose,Microsoft-Windows-StateRepository,Microsoft-Windows-StateRepository/Operational,1348,540,vm-final-lab-wo,2,S-1-5-18,,,,,,,,,,,False,c:\temp\b0f5cb3c534e29b6ade44c0e5667ea9e_MicrosoftWindowsStateRepository4Operational.evtx,0x4000200000000001,0,"{""EventData"":{""Data"":{""@Name"":""Options"",""#text"":""0x0""}}}"
403,403,2026-02-26 15:36:47.2773022,271,Verbose,Microsoft-Windows-StateRepository,Microsoft-Windows-StateRepository/Operational,1348,1372,vm-final-lab-wo,2,S-1-5-18,,,,,,,,,,,False,c:\temp\b0f5cb3c534e29b6ade44c0e5667ea9e_MicrosoftWindowsStateRepository4Operational.evtx,0x4000200000000001,0,"{""EventData"":{""Data"":{""@Name"":""Options"",""#text"":""0x0""}}}"
404,404,2026-02-26 15:36:58.2994907,242,Verbose,Microsoft-Windows-StateRepository,Microsoft-Windows-StateRepository/Operational,1348,1372,vm-final-lab-wo,2,S-1-5-18,,,,,,,,,,,False,c:\temp\b0f5cb3c534e29b6ade44c0e5667ea9e_MicrosoftWindowsStateRepository4Operational.evtx,0x4000000000000001,0,"{""EventData"":{""Data"":[{""@Name"":""TimeoutMSec"",""#text"":""5000""},{""@Name"":""ElapsedTimeMSec"",""#text"":""0""}]}}"
405,405,2026-02-26 15:36:58.2994931,243,Verbose,Microsoft-Windows-StateRepository,Microsoft-Windows-StateRepository/Operational,1348,1372,vm-final-lab-wo,2,S-1-5-18,,,,,,,,,,,False,c:\temp\b0f5cb3c534e29b6ade44c0e5667ea9e_MicrosoftWindowsStateRepository4Operational.evtx,0x4000000000000001,0,"{""EventData"":{""Data"":[{""@Name"":""TimeoutMSec"",""#text"":""5000""},{""@Name"":""ElapsedTimeMSec"",""#text"":""0""}]}}"
406,406,2026-02-26 15:40:42.1242791,223,Info,Microsoft-Windows-StateRepository,Microsoft-Windows-StateRepository/Operational,2452,2588,vm-final-lab-wo,2,S-1-5-18,,,,,,,,,,,False,c:\temp\b0f5cb3c534e29b6ade44c0e5667ea9e_MicrosoftWindowsStateRepository4Operational.evtx,0x4000000000000001,0,"{""EventData"":{""Data"":[{""@Name"":""Partition"",""#text"":""1""},{""@Name"":""SchemaVersion"",""#text"":""29696""},{""@Name"":""Filename"",""#text"":""C:\\ProgramData\\Microsoft\\Windows\\AppRepository\\StateRepository-Machine.srd""}]}}"
407,407,2026-02-26 15:40:42.1328275,223,Info,Microsoft-Windows-StateRepository,Microsoft-Windows-StateRepository/Operational,2452,2588,vm-final-lab-wo,2,S-1-5-18,,,,,,,,,,,False,c:\temp\b0f5cb3c534e29b6ade44c0e5667ea9e_MicrosoftWindowsStateRepository4Operational.evtx,0x4000000000000001,0,"{""EventData"":{""Data"":[{""@Name"":""Partition"",""#text"":""2""},{""@Name"":""SchemaVersion"",""#text"":""29696""},{""@Name"":""Filename"",""#text"":""C:\\ProgramData\\Microsoft\\Windows\\AppRepository\\StateRepository-Deployment.srd""}]}}"
408,408,2026-02-26 15:40:42.3332036,284,Verbose,Microsoft-Windows-StateRepository,Microsoft-Windows-StateRepository/Operational,2452,2588,vm-final-lab-wo,2,S-1-5-18,,,,,,,,,,,False,c:\temp\b0f5cb3c534e29b6ade44c0e5667ea9e_MicrosoftWindowsStateRepository4Operational.evtx,0x4000000000000001,0,"{""EventData"":{""Data"":[{""@Name"":""Partition"",""#text"":""2""},{""@Name"":""ProcessId"",""#text"":""2452""},{""@Name"":""Scope"",""#text"":""AppInstaller""}]}}"
409,409,2026-02-26 15:40:42.3598752,284,Verbose,Microsoft-Windows-StateRepository,Microsoft-Windows-StateRepository/Operational,2452,2588,vm-final-lab-wo,2,S-1-5-18,,,,,,,,,,,False,c:\temp\b0f5cb3c534e29b6ade44c0e5667ea9e_MicrosoftWindowsStateRepository4Operational.evtx,0x4000000000000001,0,"{""EventData"":{""Data"":[{""@Name"":""Partition"",""#text"":""2""},{""@Name"":""ProcessId"",""#text"":""2452""},{""@Name"":""Scope"",""#text"":""AppInstallerUri""}]}}"
410,410,2026-02-26 15:40:42.3783880,284,Verbose,Microsoft-Windows-StateRepository,Microsoft-Windows-StateRepository/Operational,2452,2588,vm-final-lab-wo,2,S-1-5-18,,,,,,,,,,,False,c:\temp\b0f5cb3c534e29b6ade44c0e5667ea9e_MicrosoftWindowsStateRepository4Operational.evtx,0x4000000000000001,0,"{""EventData"":{""Data"":[{""@Name"":""Partition"",""#text"":""2""},{""@Name"":""ProcessId"",""#text"":""2452""},{""@Name"":""Scope"",""#text"":""AppxManifest""}]}}"
411,411,2026-02-26 15:40:42.3987208,284,Verbose,Microsoft-Windows-StateRepository,Microsoft-Windows-StateRepository/Operational,2452,2588,vm-final-lab-wo,2,S-1-5-18,,,,,,,,,,,False,c:\temp\b0f5cb3c534e29b6ade44c0e5667ea9e_MicrosoftWindowsStateRepository4Operational.evtx,0x4000000000000001,0,"{""EventData"":{""Data"":[{""@Name"":""Partition"",""#text"":""2""},{""@Name"":""ProcessId"",""#text"":""2452""},{""@Name"":""Scope"",""#text"":""AutoUpdatePackage""}]}}"
412,412,2026-02-26 15:40:42.4096668,284,Verbose,Microsoft-Windows-StateRepository,Microsoft-Windows-StateRepository/Operational,2452,2588,vm-final-lab-wo,2,S-1-5-18,,,,,,,,,,,False,c:\temp\b0f5cb3c534e29b6ade44c0e5667ea9e_MicrosoftWindowsStateRepository4Operational.evtx,0x4000000000000001,0,"{""EventData"":{""Data"":[{""@Name"":""Partition"",""#text"":""2""},{""@Name"":""ProcessId"",""#text"":""2452""},{""@Name"":""Scope"",""#text"":""ContentGroup""}]}}"
413,413,2026-02-26 15:40:42.4230053,284,Verbose,Microsoft-Windows-StateRepository,Microsoft-Windows-StateRepository/Operational,2452,2588,vm-final-lab-wo,2,S-1-5-18,,,,,,,,,,,False,c:\temp\b0f5cb3c534e29b6ade44c0e5667ea9e_MicrosoftWindowsStateRepository4Operational.evtx,0x4000000000000001,0,"{""EventData"":{""Data"":[{""@Name"":""Partition"",""#text"":""2""},{""@Name"":""ProcessId"",""#text"":""2452""},{""@Name"":""Scope"",""#text"":""ContentGroupFile""}]}}"
414,414,2026-02-26 15:40:42.4512700,284,Verbose,Microsoft-Windows-StateRepository,Microsoft-Windows-StateRepository/Operational,2452,2588,vm-final-lab-wo,2,S-1-5-18,,,,,,,,,,,False,c:\temp\b0f5cb3c534e29b6ade44c0e5667ea9e_MicrosoftWindowsStateRepository4Operational.evtx,0x4000000000000001,0,"{""EventData"":{""Data"":[{""@Name"":""Partition"",""#text"":""2""},{""@Name"":""ProcessId"",""#text"":""2452""},{""@Name"":""Scope"",""#text"":""File""}]}}"
415,415,2026-02-26 15:40:42.4702175,284,Verbose,Microsoft-Windows-StateRepository,Microsoft-Windows-StateRepository/Operational,2452,2588,vm-final-lab-wo,2,S-1-5-18,,,,,,,,,,,False,c:\temp\b0f5cb3c534e29b6ade44c0e5667ea9e_MicrosoftWindowsStateRepository4Operational.evtx,0x4000000000000001,0,"{""EventData"":{""Data"":[{""@Name"":""Partition"",""#text"":""2""},{""@Name"":""ProcessId"",""#text"":""2452""},{""@Name"":""Scope"",""#text"":""PackageAppInstaller""}]}}"
416,416,2026-02-26 15:40:42.4819026,284,Verbose,Microsoft-Windows-StateRepository,Microsoft-Windows-StateRepository/Operational,2452,2588,vm-final-lab-wo,2,S-1-5-18,,,,,,,,,,,False,c:\temp\b0f5cb3c534e29b6ade44c0e5667ea9e_MicrosoftWindowsStateRepository4Operational.evtx,0x4000000000000001,0,"{""EventData"":{""Data"":[{""@Name"":""Partition"",""#text"":""2""},{""@Name"":""ProcessId"",""#text"":""2452""},{""@Name"":""Scope"",""#text"":""PackageSourceUri""}]}}"
417,417,2026-02-26 15:40:42.4819243,284,Verbose,Microsoft-Windows-StateRepository,Microsoft-Windows-StateRepository/Operational,2452,2588,vm-final-lab-wo,2,S-1-5-18,,,,,,,,,,,False,c:\temp\b0f5cb3c534e29b6ade44c0e5667ea9e_MicrosoftWindowsStateRepository4Operational.evtx,0x4000000000000001,0,"{""EventData"":{""Data"":[{""@Name"":""Partition"",""#text"":""2""},{""@Name"":""ProcessId"",""#text"":""2452""},{""@Name"":""Scope"",""#text"":""NULL""}]}}"
418,418,2026-02-26 15:40:42.8633518,245,Verbose,Microsoft-Windows-StateRepository,Microsoft-Windows-StateRepository/Operational,2452,2588,vm-final-lab-wo,2,S-1-5-18,,,,,,,,,,,False,c:\temp\b0f5cb3c534e29b6ade44c0e5667ea9e_MicrosoftWindowsStateRepository4Operational.evtx,0x4000000000000001,0,"{""EventData"":{""Data"":[{""@Name"":""ErrorCode"",""#text"":""0x0""},{""@Name"":""MachineSize_Before"",""#text"":""2097152""},{""@Name"":""MachineJournalSize_Before"",""#text"":""0""},{""@Name"":""DeploymentSize_Before"",""#text"":""1048576""},{""@Name"":""DeploymentJournalSize_Before"",""#text"":""0""},{""@Name"":""MachineSize_After"",""#text"":""2097152""},{""@Name"":""MachineJournalSize_After"",""#text"":""0""},{""@Name"":""DeploymentSize_After"",""#text"":""1048576""},{""@Name"":""DeploymentJournalSize_After"",""#text"":""262144""},{""@Name"":""MaintenancePerformed"",""#text"":""0xD3""}]}}"
419,419,2026-02-26 15:40:44.8513623,269,Verbose,Microsoft-Windows-StateRepository,Microsoft-Windows-StateRepository/Operational,2452,2588,vm-final-lab-wo,2,S-1-5-18,,,,,,,,,,,False,c:\temp\b0f5cb3c534e29b6ade44c0e5667ea9e_MicrosoftWindowsStateRepository4Operational.evtx,0x4000200000000001,0,"{""EventData"":{""Data"":{""@Name"":""Options"",""#text"":""0x0""}}}"
420,420,2026-02-26 15:40:46.6512102,216,Info,Microsoft-Windows-StateRepository,Microsoft-Windows-StateRepository/Operational,2452,2588,vm-final-lab-wo,2,S-1-5-18,,,,,,,,,,,False,c:\temp\b0f5cb3c534e29b6ade44c0e5667ea9e_MicrosoftWindowsStateRepository4Operational.evtx,0x4000000000000001,0,"{""EventData"":{""Data"":{""@Name"":""ProcessId"",""#text"":""2452""}}}"
421,421,2026-02-26 15:40:47.3786119,231,Verbose,Microsoft-Windows-StateRepository,Microsoft-Windows-StateRepository/Operational,2452,3288,vm-final-lab-wo,2,S-1-5-18,,,,,,,,,,,False,c:\temp\b0f5cb3c534e29b6ade44c0e5667ea9e_MicrosoftWindowsStateRepository4Operational.evtx,0x4000000000000001,0,"{""EventData"":{""Data"":{""@Name"":""Options"",""#text"":""0x1""}}}"
422,422,2026-02-26 15:42:14.3771966,221,Verbose,Microsoft-Windows-StateRepository,Microsoft-Windows-StateRepository/Operational,3300,4208,vm-final-lab-wo,2,S-1-5-21-169698666-362884899-2229521277-500,,,,,,,,,,,False,c:\temp\b0f5cb3c534e29b6ade44c0e5667ea9e_MicrosoftWindowsStateRepository4Operational.evtx,0x4000000000000001,0,"{""EventData"":{""Data"":[{""@Name"":""Partition"",""#text"":""1""},{""@Name"":""ProcessId"",""#text"":""3300""},{""@Name"":""Scope"",""#text"":""(database)""}]}}"
423,423,2026-02-26 15:42:14.3888905,221,Verbose,Microsoft-Windows-StateRepository,Microsoft-Windows-StateRepository/Operational,3300,4208,vm-final-lab-wo,2,S-1-5-21-169698666-362884899-2229521277-500,,,,,,,,,,,False,c:\temp\b0f5cb3c534e29b6ade44c0e5667ea9e_MicrosoftWindowsStateRepository4Operational.evtx,0x4000000000000001,0,"{""EventData"":{""Data"":[{""@Name"":""Partition"",""#text"":""2""},{""@Name"":""ProcessId"",""#text"":""3300""},{""@Name"":""Scope"",""#text"":""(database)""}]}}"
424,424,2026-02-26 15:42:14.4498476,271,Verbose,Microsoft-Windows-StateRepository,Microsoft-Windows-StateRepository/Operational,2452,1884,vm-final-lab-wo,2,S-1-5-18,,,,,,,,,,,False,c:\temp\b0f5cb3c534e29b6ade44c0e5667ea9e_MicrosoftWindowsStateRepository4Operational.evtx,0x4000200000000001,0,"{""EventData"":{""Data"":{""@Name"":""Options"",""#text"":""0x0""}}}"
425,425,2026-02-26 15:42:14.6627489,271,Verbose,Microsoft-Windows-StateRepository,Microsoft-Windows-StateRepository/Operational,2452,4968,vm-final-lab-wo,2,S-1-5-18,,,,,,,,,,,False,c:\temp\b0f5cb3c534e29b6ade44c0e5667ea9e_MicrosoftWindowsStateRepository4Operational.evtx,0x4000200000000001,0,"{""EventData"":{""Data"":{""@Name"":""Options"",""#text"":""0x0""}}}"
426,426,2026-02-26 15:44:53.8730981,271,Verbose,Microsoft-Windows-StateRepository,Microsoft-Windows-StateRepository/Operational,2452,3288,vm-final-lab-wo,2,S-1-5-18,,,,,,,,,,,False,c:\temp\b0f5cb3c534e29b6ade44c0e5667ea9e_MicrosoftWindowsStateRepository4Operational.evtx,0x4000200000000001,0,"{""EventData"":{""Data"":{""@Name"":""Options"",""#text"":""0x0""}}}"
427,427,2026-02-26 15:48:01.4172751,221,Verbose,Microsoft-Windows-StateRepository,Microsoft-Windows-StateRepository/Operational,3300,4208,vm-final-lab-wo,2,S-1-5-21-169698666-362884899-2229521277-500,,,,,,,,,,,False,c:\temp\b0f5cb3c534e29b6ade44c0e5667ea9e_MicrosoftWindowsStateRepository4Operational.evtx,0x4000000000000001,0,"{""EventData"":{""Data"":[{""@Name"":""Partition"",""#text"":""1""},{""@Name"":""ProcessId"",""#text"":""3300""},{""@Name"":""Scope"",""#text"":""(database)""}]}}"
428,428,2026-02-26 15:48:01.4794846,221,Verbose,Microsoft-Windows-StateRepository,Microsoft-Windows-StateRepository/Operational,3300,4208,vm-final-lab-wo,2,S-1-5-21-169698666-362884899-2229521277-500,,,,,,,,,,,False,c:\temp\b0f5cb3c534e29b6ade44c0e5667ea9e_MicrosoftWindowsStateRepository4Operational.evtx,0x4000000000000001,0,"{""EventData"":{""Data"":[{""@Name"":""Partition"",""#text"":""2""},{""@Name"":""ProcessId"",""#text"":""3300""},{""@Name"":""Scope"",""#text"":""(database)""}]}}"
429,429,2026-02-26 15:48:01.5212424,271,Verbose,Microsoft-Windows-StateRepository,Microsoft-Windows-StateRepository/Operational,2452,3288,vm-final-lab-wo,2,S-1-5-18,,,,,,,,,,,False,c:\temp\b0f5cb3c534e29b6ade44c0e5667ea9e_MicrosoftWindowsStateRepository4Operational.evtx,0x4000200000000001,0,"{""EventData"":{""Data"":{""@Name"":""Options"",""#text"":""0x0""}}}"
430,430,2026-02-26 15:48:01.6392233,271,Verbose,Microsoft-Windows-StateRepository,Microsoft-Windows-StateRepository/Operational,2452,3288,vm-final-lab-wo,2,S-1-5-18,,,,,,,,,,,False,c:\temp\b0f5cb3c534e29b6ade44c0e5667ea9e_MicrosoftWindowsStateRepository4Operational.evtx,0x4000200000000001,0,"{""EventData"":{""Data"":{""@Name"":""Options"",""#text"":""0x0""}}}"
431,431,2026-02-26 15:48:01.6619120,271,Verbose,Microsoft-Windows-StateRepository,Microsoft-Windows-StateRepository/Operational,2452,3288,vm-final-lab-wo,2,S-1-5-18,,,,,,,,,,,False,c:\temp\b0f5cb3c534e29b6ade44c0e5667ea9e_MicrosoftWindowsStateRepository4Operational.evtx,0x4000200000000001,0,"{""EventData"":{""Data"":{""@Name"":""Options"",""#text"":""0x0""}}}"
432,432,2026-02-26 15:48:03.7884418,271,Verbose,Microsoft-Windows-StateRepository,Microsoft-Windows-StateRepository/Operational,2452,5844,vm-final-lab-wo,2,S-1-5-18,,,,,,,,,,,False,c:\temp\b0f5cb3c534e29b6ade44c0e5667ea9e_MicrosoftWindowsStateRepository4Operational.evtx,0x4000200000000001,0,"{""EventData"":{""Data"":{""@Name"":""Options"",""#text"":""0x0""}}}"
433,433,2026-02-26 15:48:08.5800959,271,Verbose,Microsoft-Windows-StateRepository,Microsoft-Windows-StateRepository/Operational,2452,2544,vm-final-lab-wo,2,S-1-5-18,,,,,,,,,,,False,c:\temp\b0f5cb3c534e29b6ade44c0e5667ea9e_MicrosoftWindowsStateRepository4Operational.evtx,0x4000200000000001,0,"{""EventData"":{""Data"":{""@Name"":""Options"",""#text"":""0x0""}}}"
434,434,2026-02-26 15:48:08.5900491,271,Verbose,Microsoft-Windows-StateRepository,Microsoft-Windows-StateRepository/Operational,2452,2544,vm-final-lab-wo,2,S-1-5-18,,,,,,,,,,,False,c:\temp\b0f5cb3c534e29b6ade44c0e5667ea9e_MicrosoftWindowsStateRepository4Operational.evtx,0x4000200000000001,0,"{""EventData"":{""Data"":{""@Name"":""Options"",""#text"":""0x0""}}}"
435,435,2026-02-26 15:48:13.1725876,271,Verbose,Microsoft-Windows-StateRepository,Microsoft-Windows-StateRepository/Operational,2452,3288,vm-final-lab-wo,2,S-1-5-18,,,,,,,,,,,False,c:\temp\b0f5cb3c534e29b6ade44c0e5667ea9e_MicrosoftWindowsStateRepository4Operational.evtx,0x4000200000000001,0,"{""EventData"":{""Data"":{""@Name"":""Options"",""#text"":""0x0""}}}"
436,436,2026-02-26 15:48:13.2274978,271,Verbose,Microsoft-Windows-StateRepository,Microsoft-Windows-StateRepository/Operational,2452,3288,vm-final-lab-wo,2,S-1-5-18,,,,,,,,,,,False,c:\temp\b0f5cb3c534e29b6ade44c0e5667ea9e_MicrosoftWindowsStateRepository4Operational.evtx,0x4000200000000001,0,"{""EventData"":{""Data"":{""@Name"":""Options"",""#text"":""0x0""}}}"
437,437,2026-02-26 15:48:13.2406506,271,Verbose,Microsoft-Windows-StateRepository,Microsoft-Windows-StateRepository/Operational,2452,3288,vm-final-lab-wo,2,S-1-5-18,,,,,,,,,,,False,c:\temp\b0f5cb3c534e29b6ade44c0e5667ea9e_MicrosoftWindowsStateRepository4Operational.evtx,0x4000200000000001,0,"{""EventData"":{""Data"":{""@Name"":""Options"",""#text"":""0x0""}}}"
438,438,2026-02-26 15:48:13.9719413,271,Verbose,Microsoft-Windows-StateRepository,Microsoft-Windows-StateRepository/Operational,2452,5844,vm-final-lab-wo,2,S-1-5-18,,,,,,,,,,,False,c:\temp\b0f5cb3c534e29b6ade44c0e5667ea9e_MicrosoftWindowsStateRepository4Operational.evtx,0x4000200000000001,0,"{""EventData"":{""Data"":{""@Name"":""Options"",""#text"":""0x0""}}}"
439,439,2026-02-26 15:48:16.8116356,271,Verbose,Microsoft-Windows-StateRepository,Microsoft-Windows-StateRepository/Operational,2452,3288,vm-final-lab-wo,2,S-1-5-18,,,,,,,,,,,False,c:\temp\b0f5cb3c534e29b6ade44c0e5667ea9e_MicrosoftWindowsStateRepository4Operational.evtx,0x4000200000000001,0,"{""EventData"":{""Data"":{""@Name"":""Options"",""#text"":""0x0""}}}"
440,440,2026-02-26 15:48:16.8298428,271,Verbose,Microsoft-Windows-StateRepository,Microsoft-Windows-StateRepository/Operational,2452,3288,vm-final-lab-wo,2,S-1-5-18,,,,,,,,,,,False,c:\temp\b0f5cb3c534e29b6ade44c0e5667ea9e_MicrosoftWindowsStateRepository4Operational.evtx,0x4000200000000001,0,"{""EventData"":{""Data"":{""@Name"":""Options"",""#text"":""0x0""}}}"
441,441,2026-02-26 15:48:16.8390969,271,Verbose,Microsoft-Windows-StateRepository,Microsoft-Windows-StateRepository/Operational,2452,3288,vm-final-lab-wo,2,S-1-5-18,,,,,,,,,,,False,c:\temp\b0f5cb3c534e29b6ade44c0e5667ea9e_MicrosoftWindowsStateRepository4Operational.evtx,0x4000200000000001,0,"{""EventData"":{""Data"":{""@Name"":""Options"",""#text"":""0x0""}}}"
442,442,2026-02-26 15:48:16.8513897,271,Verbose,Microsoft-Windows-StateRepository,Microsoft-Windows-StateRepository/Operational,2452,3288,vm-final-lab-wo,2,S-1-5-18,,,,,,,,,,,False,c:\temp\b0f5cb3c534e29b6ade44c0e5667ea9e_MicrosoftWindowsStateRepository4Operational.evtx,0x4000200000000001,0,"{""EventData"":{""Data"":{""@Name"":""Options"",""#text"":""0x0""}}}"
443,443,2026-02-26 15:48:16.8964404,271,Verbose,Microsoft-Windows-StateRepository,Microsoft-Windows-StateRepository/Operational,2452,3288,vm-final-lab-wo,2,S-1-5-18,,,,,,,,,,,False,c:\temp\b0f5cb3c534e29b6ade44c0e5667ea9e_MicrosoftWindowsStateRepository4Operational.evtx,0x4000200000000001,0,"{""EventData"":{""Data"":{""@Name"":""Options"",""#text"":""0x0""}}}"
444,444,2026-02-26 15:48:18.9978836,271,Verbose,Microsoft-Windows-StateRepository,Microsoft-Windows-StateRepository/Operational,2452,5844,vm-final-lab-wo,2,S-1-5-18,,,,,,,,,,,False,c:\temp\b0f5cb3c534e29b6ade44c0e5667ea9e_MicrosoftWindowsStateRepository4Operational.evtx,0x4000200000000001,0,"{""EventData"":{""Data"":{""@Name"":""Options"",""#text"":""0x0""}}}"
445,445,2026-02-26 15:48:19.0966455,271,Verbose,Microsoft-Windows-StateRepository,Microsoft-Windows-StateRepository/Operational,2452,5844,vm-final-lab-wo,2,S-1-5-18,,,,,,,,,,,False,c:\temp\b0f5cb3c534e29b6ade44c0e5667ea9e_MicrosoftWindowsStateRepository4Operational.evtx,0x4000200000000001,0,"{""EventData"":{""Data"":{""@Name"":""Options"",""#text"":""0x0""}}}"
446,446,2026-02-26 15:48:19.1584704,271,Verbose,Microsoft-Windows-StateRepository,Microsoft-Windows-StateRepository/Operational,2452,5844,vm-final-lab-wo,2,S-1-5-18,,,,,,,,,,,False,c:\temp\b0f5cb3c534e29b6ade44c0e5667ea9e_MicrosoftWindowsStateRepository4Operational.evtx,0x4000200000000001,0,"{""EventData"":{""Data"":{""@Name"":""Options"",""#text"":""0x0""}}}"
447,447,2026-02-26 15:48:19.5645347,271,Verbose,Microsoft-Windows-StateRepository,Microsoft-Windows-StateRepository/Operational,2452,2544,vm-final-lab-wo,2,S-1-5-18,,,,,,,,,,,False,c:\temp\b0f5cb3c534e29b6ade44c0e5667ea9e_MicrosoftWindowsStateRepository4Operational.evtx,0x4000200000000001,0,"{""EventData"":{""Data"":{""@Name"":""Options"",""#text"":""0x0""}}}"
448,448,2026-02-26 15:48:21.3961480,271,Verbose,Microsoft-Windows-StateRepository,Microsoft-Windows-StateRepository/Operational,2452,5844,vm-final-lab-wo,2,S-1-5-18,,,,,,,,,,,False,c:\temp\b0f5cb3c534e29b6ade44c0e5667ea9e_MicrosoftWindowsStateRepository4Operational.evtx,0x4000200000000001,0,"{""EventData"":{""Data"":{""@Name"":""Options"",""#text"":""0x0""}}}"
449,449,2026-02-26 15:48:21.9941903,271,Verbose,Microsoft-Windows-StateRepository,Microsoft-Windows-StateRepository/Operational,2452,3244,vm-final-lab-wo,2,S-1-5-18,,,,,,,,,,,False,c:\temp\b0f5cb3c534e29b6ade44c0e5667ea9e_MicrosoftWindowsStateRepository4Operational.evtx,0x4000200000000001,0,"{""EventData"":{""Data"":{""@Name"":""Options"",""#text"":""0x0""}}}"
450,450,2026-02-26 15:48:22.0223078,271,Verbose,Microsoft-Windows-StateRepository,Microsoft-Windows-StateRepository/Operational,2452,3244,vm-final-lab-wo,2,S-1-5-18,,,,,,,,,,,False,c:\temp\b0f5cb3c534e29b6ade44c0e5667ea9e_MicrosoftWindowsStateRepository4Operational.evtx,0x4000200000000001,0,"{""EventData"":{""Data"":{""@Name"":""Options"",""#text"":""0x0""}}}"
451,451,2026-02-26 15:48:22.0419445,271,Verbose,Microsoft-Windows-StateRepository,Microsoft-Windows-StateRepository/Operational,2452,3244,vm-final-lab-wo,2,S-1-5-18,,,,,,,,,,,False,c:\temp\b0f5cb3c534e29b6ade44c0e5667ea9e_MicrosoftWindowsStateRepository4Operational.evtx,0x4000200000000001,0,"{""EventData"":{""Data"":{""@Name"":""Options"",""#text"":""0x0""}}}"
452,452,2026-02-26 15:48:22.3544141,271,Verbose,Microsoft-Windows-StateRepository,Microsoft-Windows-StateRepository/Operational,2452,2544,vm-final-lab-wo,2,S-1-5-18,,,,,,,,,,,False,c:\temp\b0f5cb3c534e29b6ade44c0e5667ea9e_MicrosoftWindowsStateRepository4Operational.evtx,0x4000200000000001,0,"{""EventData"":{""Data"":{""@Name"":""Options"",""#text"":""0x0""}}}"
453,453,2026-02-26 15:48:23.6212945,271,Verbose,Microsoft-Windows-StateRepository,Microsoft-Windows-StateRepository/Operational,2452,3288,vm-final-lab-wo,2,S-1-5-18,,,,,,,,,,,False,c:\temp\b0f5cb3c534e29b6ade44c0e5667ea9e_MicrosoftWindowsStateRepository4Operational.evtx,0x4000200000000001,0,"{""EventData"":{""Data"":{""@Name"":""Options"",""#text"":""0x0""}}}"
454,454,2026-02-26 15:48:24.2722371,271,Verbose,Microsoft-Windows-StateRepository,Microsoft-Windows-StateRepository/Operational,2452,5844,vm-final-lab-wo,2,S-1-5-18,,,,,,,,,,,False,c:\temp\b0f5cb3c534e29b6ade44c0e5667ea9e_MicrosoftWindowsStateRepository4Operational.evtx,0x4000200000000001,0,"{""EventData"":{""Data"":{""@Name"":""Options"",""#text"":""0x0""}}}"
455,455,2026-02-26 15:48:24.2996485,271,Verbose,Microsoft-Windows-StateRepository,Microsoft-Windows-StateRepository/Operational,2452,5844,vm-final-lab-wo,2,S-1-5-18,,,,,,,,,,,False,c:\temp\b0f5cb3c534e29b6ade44c0e5667ea9e_MicrosoftWindowsStateRepository4Operational.evtx,0x4000200000000001,0,"{""EventData"":{""Data"":{""@Name"":""Options"",""#text"":""0x0""}}}"
456,456,2026-02-26 15:48:24.3130546,271,Verbose,Microsoft-Windows-StateRepository,Microsoft-Windows-StateRepository/Operational,2452,5844,vm-final-lab-wo,2,S-1-5-18,,,,,,,,,,,False,c:\temp\b0f5cb3c534e29b6ade44c0e5667ea9e_MicrosoftWindowsStateRepository4Operational.evtx,0x4000200000000001,0,"{""EventData"":{""Data"":{""@Name"":""Options"",""#text"":""0x0""}}}"
457,457,2026-02-26 15:48:24.5983122,271,Verbose,Microsoft-Windows-StateRepository,Microsoft-Windows-StateRepository/Operational,2452,5272,vm-final-lab-wo,2,S-1-5-18,,,,,,,,,,,False,c:\temp\b0f5cb3c534e29b6ade44c0e5667ea9e_MicrosoftWindowsStateRepository4Operational.evtx,0x4000200000000001,0,"{""EventData"":{""Data"":{""@Name"":""Options"",""#text"":""0x0""}}}"
458,458,2026-02-26 16:45:09.2394509,231,Verbose,Microsoft-Windows-StateRepository,Microsoft-Windows-StateRepository/Operational,2452,4028,vm-final-lab-wo,2,S-1-5-18,,,,,,,,,,,False,c:\temp\b0f5cb3c534e29b6ade44c0e5667ea9e_MicrosoftWindowsStateRepository4Operational.evtx,0x4000000000000001,0,"{""EventData"":{""Data"":{""@Name"":""Options"",""#text"":""0x1""}}}"
459,459,2026-02-26 17:37:02.4506472,231,Verbose,Microsoft-Windows-StateRepository,Microsoft-Windows-StateRepository/Operational,2452,6448,vm-final-lab-wo,2,S-1-5-18,,,,,,,,,,,False,c:\temp\b0f5cb3c534e29b6ade44c0e5667ea9e_MicrosoftWindowsStateRepository4Operational.evtx,0x4000000000000001,0,"{""EventData"":{""Data"":{""@Name"":""Options"",""#text"":""0x1""}}}"
460,460,2026-02-26 17:38:20.0235286,221,Verbose,Microsoft-Windows-StateRepository,Microsoft-Windows-StateRepository/Operational,4032,3140,vm-final-lab-wo,2,S-1-5-18,,,,,,,,,,,False,c:\temp\b0f5cb3c534e29b6ade44c0e5667ea9e_MicrosoftWindowsStateRepository4Operational.evtx,0x4000000000000001,0,"{""EventData"":{""Data"":[{""@Name"":""Partition"",""#text"":""1""},{""@Name"":""ProcessId"",""#text"":""4032""},{""@Name"":""Scope"",""#text"":""(database)""}]}}"
461,461,2026-02-26 17:38:20.0396893,221,Verbose,Microsoft-Windows-StateRepository,Microsoft-Windows-StateRepository/Operational,4032,3140,vm-final-lab-wo,2,S-1-5-18,,,,,,,,,,,False,c:\temp\b0f5cb3c534e29b6ade44c0e5667ea9e_MicrosoftWindowsStateRepository4Operational.evtx,0x4000000000000001,0,"{""EventData"":{""Data"":[{""@Name"":""Partition"",""#text"":""2""},{""@Name"":""ProcessId"",""#text"":""4032""},{""@Name"":""Scope"",""#text"":""(database)""}]}}"
462,462,2026-02-26 17:38:20.0571609,271,Verbose,Microsoft-Windows-StateRepository,Microsoft-Windows-StateRepository/Operational,2452,4244,vm-final-lab-wo,2,S-1-5-18,,,,,,,,,,,False,c:\temp\b0f5cb3c534e29b6ade44c0e5667ea9e_MicrosoftWindowsStateRepository4Operational.evtx,0x4000200000000001,0,"{""EventData"":{""Data"":{""@Name"":""Options"",""#text"":""0x0""}}}"
463,463,2026-02-26 17:38:20.2429775,271,Verbose,Microsoft-Windows-StateRepository,Microsoft-Windows-StateRepository/Operational,2452,4244,vm-final-lab-wo,2,S-1-5-18,,,,,,,,,,,False,c:\temp\b0f5cb3c534e29b6ade44c0e5667ea9e_MicrosoftWindowsStateRepository4Operational.evtx,0x4000200000000001,0,"{""EventData"":{""Data"":{""@Name"":""Options"",""#text"":""0x0""}}}"
464,464,2026-02-26 17:38:31.2114129,271,Verbose,Microsoft-Windows-StateRepository,Microsoft-Windows-StateRepository/Operational,2452,164,vm-final-lab-wo,2,S-1-5-18,,,,,,,,,,,False,c:\temp\b0f5cb3c534e29b6ade44c0e5667ea9e_MicrosoftWindowsStateRepository4Operational.evtx,0x4000200000000001,0,"{""EventData"":{""Data"":{""@Name"":""Options"",""#text"":""0x0""}}}"
465,465,2026-02-26 17:38:32.0688705,271,Verbose,Microsoft-Windows-StateRepository,Microsoft-Windows-StateRepository/Operational,2452,6272,vm-final-lab-wo,2,S-1-5-18,,,,,,,,,,,False,c:\temp\b0f5cb3c534e29b6ade44c0e5667ea9e_MicrosoftWindowsStateRepository4Operational.evtx,0x4000200000000001,0,"{""EventData"":{""Data"":{""@Name"":""Options"",""#text"":""0x0""}}}"
466,466,2026-02-26 17:38:38.5069743,271,Verbose,Microsoft-Windows-StateRepository,Microsoft-Windows-StateRepository/Operational,2452,4244,vm-final-lab-wo,2,S-1-5-18,,,,,,,,,,,False,c:\temp\b0f5cb3c534e29b6ade44c0e5667ea9e_MicrosoftWindowsStateRepository4Operational.evtx,0x4000200000000001,0,"{""EventData"":{""Data"":{""@Name"":""Options"",""#text"":""0x0""}}}"
467,467,2026-02-26 17:38:38.6460551,271,Verbose,Microsoft-Windows-StateRepository,Microsoft-Windows-StateRepository/Operational,2452,4244,vm-final-lab-wo,2,S-1-5-18,,,,,,,,,,,False,c:\temp\b0f5cb3c534e29b6ade44c0e5667ea9e_MicrosoftWindowsStateRepository4Operational.evtx,0x4000200000000001,0,"{""EventData"":{""Data"":{""@Name"":""Options"",""#text"":""0x0""}}}"
468,468,2026-02-26 17:38:47.8774671,271,Verbose,Microsoft-Windows-StateRepository,Microsoft-Windows-StateRepository/Operational,2452,164,vm-final-lab-wo,2,S-1-5-18,,,,,,,,,,,False,c:\temp\b0f5cb3c534e29b6ade44c0e5667ea9e_MicrosoftWindowsStateRepository4Operational.evtx,0x4000200000000001,0,"{""EventData"":{""Data"":{""@Name"":""Options"",""#text"":""0x0""}}}"
469,469,2026-02-26 17:38:47.9648442,271,Verbose,Microsoft-Windows-StateRepository,Microsoft-Windows-StateRepository/Operational,2452,164,vm-final-lab-wo,3,S-1-5-18,,,,,,,,,,,False,c:\temp\b0f5cb3c534e29b6ade44c0e5667ea9e_MicrosoftWindowsStateRepository4Operational.evtx,0x4000200000000001,0,"{""EventData"":{""Data"":{""@Name"":""Options"",""#text"":""0x0""}}}"
470,470,2026-02-26 17:38:57.5224644,271,Verbose,Microsoft-Windows-StateRepository,Microsoft-Windows-StateRepository/Operational,2452,4244,vm-final-lab-wo,3,S-1-5-18,,,,,,,,,,,False,c:\temp\b0f5cb3c534e29b6ade44c0e5667ea9e_MicrosoftWindowsStateRepository4Operational.evtx,0x4000200000000001,0,"{""EventData"":{""Data"":{""@Name"":""Options"",""#text"":""0x0""}}}"
471,471,2026-02-26 17:38:58.0067027,271,Verbose,Microsoft-Windows-StateRepository,Microsoft-Windows-StateRepository/Operational,2452,6272,vm-final-lab-wo,3,S-1-5-18,,,,,,,,,,,False,c:\temp\b0f5cb3c534e29b6ade44c0e5667ea9e_MicrosoftWindowsStateRepository4Operational.evtx,0x4000200000000001,0,"{""EventData"":{""Data"":{""@Name"":""Options"",""#text"":""0x0""}}}"
472,472,2026-02-26 17:39:04.0276667,271,Verbose,Microsoft-Windows-StateRepository,Microsoft-Windows-StateRepository/Operational,2452,4244,vm-final-lab-wo,3,S-1-5-18,,,,,,,,,,,False,c:\temp\b0f5cb3c534e29b6ade44c0e5667ea9e_MicrosoftWindowsStateRepository4Operational.evtx,0x4000200000000001,0,"{""EventData"":{""Data"":{""@Name"":""Options"",""#text"":""0x0""}}}"
473,473,2026-02-26 17:39:04.0382067,271,Verbose,Microsoft-Windows-StateRepository,Microsoft-Windows-StateRepository/Operational,2452,4244,vm-final-lab-wo,3,S-1-5-18,,,,,,,,,,,False,c:\temp\b0f5cb3c534e29b6ade44c0e5667ea9e_MicrosoftWindowsStateRepository4Operational.evtx,0x4000200000000001,0,"{""EventData"":{""Data"":{""@Name"":""Options"",""#text"":""0x0""}}}"
474,474,2026-02-26 17:39:04.0772566,271,Verbose,Microsoft-Windows-StateRepository,Microsoft-Windows-StateRepository/Operational,2452,4244,vm-final-lab-wo,3,S-1-5-18,,,,,,,,,,,False,c:\temp\b0f5cb3c534e29b6ade44c0e5667ea9e_MicrosoftWindowsStateRepository4Operational.evtx,0x4000200000000001,0,"{""EventData"":{""Data"":{""@Name"":""Options"",""#text"":""0x0""}}}"
475,475,2026-02-26 17:39:04.0921482,271,Verbose,Microsoft-Windows-StateRepository,Microsoft-Windows-StateRepository/Operational,2452,4244,vm-final-lab-wo,3,S-1-5-18,,,,,,,,,,,False,c:\temp\b0f5cb3c534e29b6ade44c0e5667ea9e_MicrosoftWindowsStateRepository4Operational.evtx,0x4000200000000001,0,"{""EventData"":{""Data"":{""@Name"":""Options"",""#text"":""0x0""}}}"
476,476,2026-02-26 17:39:04.1047130,271,Verbose,Microsoft-Windows-StateRepository,Microsoft-Windows-StateRepository/Operational,2452,4244,vm-final-lab-wo,3,S-1-5-18,,,,,,,,,,,False,c:\temp\b0f5cb3c534e29b6ade44c0e5667ea9e_MicrosoftWindowsStateRepository4Operational.evtx,0x4000200000000001,0,"{""EventData"":{""Data"":{""@Name"":""Options"",""#text"":""0x0""}}}"
477,477,2026-02-26 17:39:04.1217962,271,Verbose,Microsoft-Windows-StateRepository,Microsoft-Windows-StateRepository/Operational,2452,4244,vm-final-lab-wo,3,S-1-5-18,,,,,,,,,,,False,c:\temp\b0f5cb3c534e29b6ade44c0e5667ea9e_MicrosoftWindowsStateRepository4Operational.evtx,0x4000200000000001,0,"{""EventData"":{""Data"":{""@Name"":""Options"",""#text"":""0x0""}}}"
478,478,2026-02-26 17:39:05.3925298,271,Verbose,Microsoft-Windows-StateRepository,Microsoft-Windows-StateRepository/Operational,2452,4244,vm-final-lab-wo,3,S-1-5-18,,,,,,,,,,,False,c:\temp\b0f5cb3c534e29b6ade44c0e5667ea9e_MicrosoftWindowsStateRepository4Operational.evtx,0x4000200000000001,0,"{""EventData"":{""Data"":{""@Name"":""Options"",""#text"":""0x0""}}}"
479,479,2026-02-26 17:39:06.3538668,271,Verbose,Microsoft-Windows-StateRepository,Microsoft-Windows-StateRepository/Operational,2452,4244,vm-final-lab-wo,3,S-1-5-18,,,,,,,,,,,False,c:\temp\b0f5cb3c534e29b6ade44c0e5667ea9e_MicrosoftWindowsStateRepository4Operational.evtx,0x4000200000000001,0,"{""EventData"":{""Data"":{""@Name"":""Options"",""#text"":""0x0""}}}"
480,480,2026-02-26 17:39:06.4112289,271,Verbose,Microsoft-Windows-StateRepository,Microsoft-Windows-StateRepository/Operational,2452,4244,vm-final-lab-wo,3,S-1-5-18,,,,,,,,,,,False,c:\temp\b0f5cb3c534e29b6ade44c0e5667ea9e_MicrosoftWindowsStateRepository4Operational.evtx,0x4000200000000001,0,"{""EventData"":{""Data"":{""@Name"":""Options"",""#text"":""0x0""}}}"
481,481,2026-02-26 17:39:06.9177446,271,Verbose,Microsoft-Windows-StateRepository,Microsoft-Windows-StateRepository/Operational,2452,6448,vm-final-lab-wo,3,S-1-5-18,,,,,,,,,,,False,c:\temp\b0f5cb3c534e29b6ade44c0e5667ea9e_MicrosoftWindowsStateRepository4Operational.evtx,0x4000200000000001,0,"{""EventData"":{""Data"":{""@Name"":""Options"",""#text"":""0x0""}}}"
482,482,2026-02-26 17:39:07.3748267,271,Verbose,Microsoft-Windows-StateRepository,Microsoft-Windows-StateRepository/Operational,2452,164,vm-final-lab-wo,3,S-1-5-18,,,,,,,,,,,False,c:\temp\b0f5cb3c534e29b6ade44c0e5667ea9e_MicrosoftWindowsStateRepository4Operational.evtx,0x4000200000000001,0,"{""EventData"":{""Data"":{""@Name"":""Options"",""#text"":""0x0""}}}"
483,483,2026-02-26 17:39:07.6800890,271,Verbose,Microsoft-Windows-StateRepository,Microsoft-Windows-StateRepository/Operational,2452,164,vm-final-lab-wo,3,S-1-5-18,,,,,,,,,,,False,c:\temp\b0f5cb3c534e29b6ade44c0e5667ea9e_MicrosoftWindowsStateRepository4Operational.evtx,0x4000200000000001,0,"{""EventData"":{""Data"":{""@Name"":""Options"",""#text"":""0x0""}}}"
484,484,2026-02-26 17:39:07.7011861,271,Verbose,Microsoft-Windows-StateRepository,Microsoft-Windows-StateRepository/Operational,2452,164,vm-final-lab-wo,3,S-1-5-18,,,,,,,,,,,False,c:\temp\b0f5cb3c534e29b6ade44c0e5667ea9e_MicrosoftWindowsStateRepository4Operational.evtx,0x4000200000000001,0,"{""EventData"":{""Data"":{""@Name"":""Options"",""#text"":""0x0""}}}"
485,485,2026-02-26 17:39:07.7557774,271,Verbose,Microsoft-Windows-StateRepository,Microsoft-Windows-StateRepository/Operational,2452,164,vm-final-lab-wo,3,S-1-5-18,,,,,,,,,,,False,c:\temp\b0f5cb3c534e29b6ade44c0e5667ea9e_MicrosoftWindowsStateRepository4Operational.evtx,0x4000200000000001,0,"{""EventData"":{""Data"":{""@Name"":""Options"",""#text"":""0x0""}}}"
486,486,2026-02-26 17:39:09.3147478,271,Verbose,Microsoft-Windows-StateRepository,Microsoft-Windows-StateRepository/Operational,2452,3512,vm-final-lab-wo,3,S-1-5-18,,,,,,,,,,,False,c:\temp\b0f5cb3c534e29b6ade44c0e5667ea9e_MicrosoftWindowsStateRepository4Operational.evtx,0x4000200000000001,0,"{""EventData"":{""Data"":{""@Name"":""Options"",""#text"":""0x0""}}}"
487,487,2026-02-26 17:39:09.3684836,271,Verbose,Microsoft-Windows-StateRepository,Microsoft-Windows-StateRepository/Operational,2452,3512,vm-final-lab-wo,3,S-1-5-18,,,,,,,,,,,False,c:\temp\b0f5cb3c534e29b6ade44c0e5667ea9e_MicrosoftWindowsStateRepository4Operational.evtx,0x4000200000000001,0,"{""EventData"":{""Data"":{""@Name"":""Options"",""#text"":""0x0""}}}"
488,488,2026-02-26 17:39:12.5004393,271,Verbose,Microsoft-Windows-StateRepository,Microsoft-Windows-StateRepository/Operational,2452,6272,vm-final-lab-wo,3,S-1-5-18,,,,,,,,,,,False,c:\temp\b0f5cb3c534e29b6ade44c0e5667ea9e_MicrosoftWindowsStateRepository4Operational.evtx,0x4000200000000001,0,"{""EventData"":{""Data"":{""@Name"":""Options"",""#text"":""0x0""}}}"
489,489,2026-02-26 17:39:13.9337261,271,Verbose,Microsoft-Windows-StateRepository,Microsoft-Windows-StateRepository/Operational,2452,3512,vm-final-lab-wo,3,S-1-5-18,,,,,,,,,,,False,c:\temp\b0f5cb3c534e29b6ade44c0e5667ea9e_MicrosoftWindowsStateRepository4Operational.evtx,0x4000200000000001,0,"{""EventData"":{""Data"":{""@Name"":""Options"",""#text"":""0x0""}}}"
490,490,2026-02-26 17:39:14.1597940,271,Verbose,Microsoft-Windows-StateRepository,Microsoft-Windows-StateRepository/Operational,2452,6272,vm-final-lab-wo,3,S-1-5-18,,,,,,,,,,,False,c:\temp\b0f5cb3c534e29b6ade44c0e5667ea9e_MicrosoftWindowsStateRepository4Operational.evtx,0x4000200000000001,0,"{""EventData"":{""Data"":{""@Name"":""Options"",""#text"":""0x0""}}}"
491,491,2026-02-26 17:39:15.7666704,271,Verbose,Microsoft-Windows-StateRepository,Microsoft-Windows-StateRepository/Operational,2452,4244,vm-final-lab-wo,3,S-1-5-18,,,,,,,,,,,False,c:\temp\b0f5cb3c534e29b6ade44c0e5667ea9e_MicrosoftWindowsStateRepository4Operational.evtx,0x4000200000000001,0,"{""EventData"":{""Data"":{""@Name"":""Options"",""#text"":""0x0""}}}"
492,492,2026-02-26 17:39:16.9071030,271,Verbose,Microsoft-Windows-StateRepository,Microsoft-Windows-StateRepository/Operational,2452,6272,vm-final-lab-wo,3,S-1-5-18,,,,,,,,,,,False,c:\temp\b0f5cb3c534e29b6ade44c0e5667ea9e_MicrosoftWindowsStateRepository4Operational.evtx,0x4000200000000001,0,"{""EventData"":{""Data"":{""@Name"":""Options"",""#text"":""0x0""}}}"
493,493,2026-02-26 17:39:17.0030680,271,Verbose,Microsoft-Windows-StateRepository,Microsoft-Windows-StateRepository/Operational,2452,164,vm-final-lab-wo,3,S-1-5-18,,,,,,,,,,,False,c:\temp\b0f5cb3c534e29b6ade44c0e5667ea9e_MicrosoftWindowsStateRepository4Operational.evtx,0x4000200000000001,0,"{""EventData"":{""Data"":{""@Name"":""Options"",""#text"":""0x0""}}}"
494,494,2026-02-26 17:39:32.9622550,221,Verbose,Microsoft-Windows-StateRepository,Microsoft-Windows-StateRepository/Operational,4032,3148,vm-final-lab-wo,3,S-1-5-18,,,,,,,,,,,False,c:\temp\b0f5cb3c534e29b6ade44c0e5667ea9e_MicrosoftWindowsStateRepository4Operational.evtx,0x4000000000000001,0,"{""EventData"":{""Data"":[{""@Name"":""Partition"",""#text"":""1""},{""@Name"":""ProcessId"",""#text"":""4032""},{""@Name"":""Scope"",""#text"":""(database)""}]}}"
495,495,2026-02-26 17:39:32.9921925,221,Verbose,Microsoft-Windows-StateRepository,Microsoft-Windows-StateRepository/Operational,4032,3148,vm-final-lab-wo,3,S-1-5-18,,,,,,,,,,,False,c:\temp\b0f5cb3c534e29b6ade44c0e5667ea9e_MicrosoftWindowsStateRepository4Operational.evtx,0x4000000000000001,0,"{""EventData"":{""Data"":[{""@Name"":""Partition"",""#text"":""2""},{""@Name"":""ProcessId"",""#text"":""4032""},{""@Name"":""Scope"",""#text"":""(database)""}]}}"
496,496,2026-02-26 17:39:33.0939598,271,Verbose,Microsoft-Windows-StateRepository,Microsoft-Windows-StateRepository/Operational,2452,3512,vm-final-lab-wo,3,S-1-5-18,,,,,,,,,,,False,c:\temp\b0f5cb3c534e29b6ade44c0e5667ea9e_MicrosoftWindowsStateRepository4Operational.evtx,0x4000200000000001,0,"{""EventData"":{""Data"":{""@Name"":""Options"",""#text"":""0x0""}}}"
497,497,2026-02-26 17:39:33.5605208,271,Verbose,Microsoft-Windows-StateRepository,Microsoft-Windows-StateRepository/Operational,2452,6272,vm-final-lab-wo,3,S-1-5-18,,,,,,,,,,,False,c:\temp\b0f5cb3c534e29b6ade44c0e5667ea9e_MicrosoftWindowsStateRepository4Operational.evtx,0x4000200000000001,0,"{""EventData"":{""Data"":{""@Name"":""Options"",""#text"":""0x0""}}}"
498,498,2026-02-26 17:39:34.5013188,271,Verbose,Microsoft-Windows-StateRepository,Microsoft-Windows-StateRepository/Operational,2452,6272,vm-final-lab-wo,3,S-1-5-18,,,,,,,,,,,False,c:\temp\b0f5cb3c534e29b6ade44c0e5667ea9e_MicrosoftWindowsStateRepository4Operational.evtx,0x4000200000000001,0,"{""EventData"":{""Data"":{""@Name"":""Options"",""#text"":""0x0""}}}"
499,499,2026-02-26 17:39:34.7719875,271,Verbose,Microsoft-Windows-StateRepository,Microsoft-Windows-StateRepository/Operational,2452,3512,vm-final-lab-wo,3,S-1-5-18,,,,,,,,,,,False,c:\temp\b0f5cb3c534e29b6ade44c0e5667ea9e_MicrosoftWindowsStateRepository4Operational.evtx,0x4000200000000001,0,"{""EventData"":{""Data"":{""@Name"":""Options"",""#text"":""0x0""}}}"
500,500,2026-02-26 17:39:35.5521817,271,Verbose,Microsoft-Windows-StateRepository,Microsoft-Windows-StateRepository/Operational,2452,3512,vm-final-lab-wo,3,S-1-5-18,,,,,,,,,,,False,c:\temp\b0f5cb3c534e29b6ade44c0e5667ea9e_MicrosoftWindowsStateRepository4Operational.evtx,0x4000200000000001,0,"{""EventData"":{""Data"":{""@Name"":""Options"",""#text"":""0x0""}}}"
501,501,2026-02-26 17:39:35.6190173,271,Verbose,Microsoft-Windows-StateRepository,Microsoft-Windows-StateRepository/Operational,2452,3512,vm-final-lab-wo,3,S-1-5-18,,,,,,,,,,,False,c:\temp\b0f5cb3c534e29b6ade44c0e5667ea9e_MicrosoftWindowsStateRepository4Operational.evtx,0x4000200000000001,0,"{""EventData"":{""Data"":{""@Name"":""Options"",""#text"":""0x0""}}}"
502,502,2026-02-26 17:39:35.7676141,271,Verbose,Microsoft-Windows-StateRepository,Microsoft-Windows-StateRepository/Operational,2452,4244,vm-final-lab-wo,3,S-1-5-18,,,,,,,,,,,False,c:\temp\b0f5cb3c534e29b6ade44c0e5667ea9e_MicrosoftWindowsStateRepository4Operational.evtx,0x4000200000000001,0,"{""EventData"":{""Data"":{""@Name"":""Options"",""#text"":""0x0""}}}"
503,503,2026-02-26 17:39:35.7926860,271,Verbose,Microsoft-Windows-StateRepository,Microsoft-Windows-StateRepository/Operational,2452,4244,vm-final-lab-wo,3,S-1-5-18,,,,,,,,,,,False,c:\temp\b0f5cb3c534e29b6ade44c0e5667ea9e_MicrosoftWindowsStateRepository4Operational.evtx,0x4000200000000001,0,"{""EventData"":{""Data"":{""@Name"":""Options"",""#text"":""0x0""}}}"
504,504,2026-02-26 17:39:48.4281928,271,Verbose,Microsoft-Windows-StateRepository,Microsoft-Windows-StateRepository/Operational,2452,3512,vm-final-lab-wo,3,S-1-5-18,,,,,,,,,,,False,c:\temp\b0f5cb3c534e29b6ade44c0e5667ea9e_MicrosoftWindowsStateRepository4Operational.evtx,0x4000200000000001,0,"{""EventData"":{""Data"":{""@Name"":""Options"",""#text"":""0x0""}}}"
505,505,2026-02-26 17:39:48.8817992,271,Verbose,Microsoft-Windows-StateRepository,Microsoft-Windows-StateRepository/Operational,2452,3512,vm-final-lab-wo,3,S-1-5-18,,,,,,,,,,,False,c:\temp\b0f5cb3c534e29b6ade44c0e5667ea9e_MicrosoftWindowsStateRepository4Operational.evtx,0x4000200000000001,0,"{""EventData"":{""Data"":{""@Name"":""Options"",""#text"":""0x0""}}}"
506,506,2026-02-26 17:40:24.8320645,271,Verbose,Microsoft-Windows-StateRepository,Microsoft-Windows-StateRepository/Operational,2452,6272,vm-final-lab-wo,3,S-1-5-18,,,,,,,,,,,False,c:\temp\b0f5cb3c534e29b6ade44c0e5667ea9e_MicrosoftWindowsStateRepository4Operational.evtx,0x4000200000000001,0,"{""EventData"":{""Data"":{""@Name"":""Options"",""#text"":""0x0""}}}"
