747,747,2026-03-03 05:04:02.1586341,284,Verbose,Microsoft-Windows-StateRepository,Microsoft-Windows-StateRepository/Operational,2444,2572,vm-final-lab-wo,4,S-1-5-18,,,,,,,,,,,False,c:\temp\b0f5cb3c534e29b6ade44c0e5667ea9e_MicrosoftWindowsStateRepository4Operational.evtx,0x4000000000000001,0,"{""EventData"":{""Data"":[{""@Name"":""Partition"",""#text"":""2""},{""@Name"":""ProcessId"",""#text"":""2444""},{""@Name"":""Scope"",""#text"":""AppInstallerUri""}]}}"
748,748,2026-03-03 05:04:02.1637008,284,Verbose,Microsoft-Windows-StateRepository,Microsoft-Windows-StateRepository/Operational,2444,2572,vm-final-lab-wo,4,S-1-5-18,,,,,,,,,,,False,c:\temp\b0f5cb3c534e29b6ade44c0e5667ea9e_MicrosoftWindowsStateRepository4Operational.evtx,0x4000000000000001,0,"{""EventData"":{""Data"":[{""@Name"":""Partition"",""#text"":""2""},{""@Name"":""ProcessId"",""#text"":""2444""},{""@Name"":""Scope"",""#text"":""AppxManifest""}]}}"
749,749,2026-03-03 05:04:02.1692490,284,Verbose,Microsoft-Windows-StateRepository,Microsoft-Windows-StateRepository/Operational,2444,2572,vm-final-lab-wo,4,S-1-5-18,,,,,,,,,,,False,c:\temp\b0f5cb3c534e29b6ade44c0e5667ea9e_MicrosoftWindowsStateRepository4Operational.evtx,0x4000000000000001,0,"{""EventData"":{""Data"":[{""@Name"":""Partition"",""#text"":""2""},{""@Name"":""ProcessId"",""#text"":""2444""},{""@Name"":""Scope"",""#text"":""AutoUpdatePackage""}]}}"
750,750,2026-03-03 05:04:02.1741921,284,Verbose,Microsoft-Windows-StateRepository,Microsoft-Windows-StateRepository/Operational,2444,2572,vm-final-lab-wo,4,S-1-5-18,,,,,,,,,,,False,c:\temp\b0f5cb3c534e29b6ade44c0e5667ea9e_MicrosoftWindowsStateRepository4Operational.evtx,0x4000000000000001,0,"{""EventData"":{""Data"":[{""@Name"":""Partition"",""#text"":""2""},{""@Name"":""ProcessId"",""#text"":""2444""},{""@Name"":""Scope"",""#text"":""ContentGroup""}]}}"
751,751,2026-03-03 05:04:02.1826316,284,Verbose,Microsoft-Windows-StateRepository,Microsoft-Windows-StateRepository/Operational,2444,2572,vm-final-lab-wo,4,S-1-5-18,,,,,,,,,,,False,c:\temp\b0f5cb3c534e29b6ade44c0e5667ea9e_MicrosoftWindowsStateRepository4Operational.evtx,0x4000000000000001,0,"{""EventData"":{""Data"":[{""@Name"":""Partition"",""#text"":""2""},{""@Name"":""ProcessId"",""#text"":""2444""},{""@Name"":""Scope"",""#text"":""ContentGroupFile""}]}}"
752,752,2026-03-03 05:04:02.2359154,284,Verbose,Microsoft-Windows-StateRepository,Microsoft-Windows-StateRepository/Operational,2444,2572,vm-final-lab-wo,4,S-1-5-18,,,,,,,,,,,False,c:\temp\b0f5cb3c534e29b6ade44c0e5667ea9e_MicrosoftWindowsStateRepository4Operational.evtx,0x4000000000000001,0,"{""EventData"":{""Data"":[{""@Name"":""Partition"",""#text"":""2""},{""@Name"":""ProcessId"",""#text"":""2444""},{""@Name"":""Scope"",""#text"":""File""}]}}"
753,753,2026-03-03 05:04:02.2464750,284,Verbose,Microsoft-Windows-StateRepository,Microsoft-Windows-StateRepository/Operational,2444,2572,vm-final-lab-wo,4,S-1-5-18,,,,,,,,,,,False,c:\temp\b0f5cb3c534e29b6ade44c0e5667ea9e_MicrosoftWindowsStateRepository4Operational.evtx,0x4000000000000001,0,"{""EventData"":{""Data"":[{""@Name"":""Partition"",""#text"":""2""},{""@Name"":""ProcessId"",""#text"":""2444""},{""@Name"":""Scope"",""#text"":""PackageAppInstaller""}]}}"
754,754,2026-03-03 05:04:02.2540369,284,Verbose,Microsoft-Windows-StateRepository,Microsoft-Windows-StateRepository/Operational,2444,2572,vm-final-lab-wo,4,S-1-5-18,,,,,,,,,,,False,c:\temp\b0f5cb3c534e29b6ade44c0e5667ea9e_MicrosoftWindowsStateRepository4Operational.evtx,0x4000000000000001,0,"{""EventData"":{""Data"":[{""@Name"":""Partition"",""#text"":""2""},{""@Name"":""ProcessId"",""#text"":""2444""},{""@Name"":""Scope"",""#text"":""PackageSourceUri""}]}}"
755,755,2026-03-03 05:04:02.2540701,284,Verbose,Microsoft-Windows-StateRepository,Microsoft-Windows-StateRepository/Operational,2444,2572,vm-final-lab-wo,4,S-1-5-18,,,,,,,,,,,False,c:\temp\b0f5cb3c534e29b6ade44c0e5667ea9e_MicrosoftWindowsStateRepository4Operational.evtx,0x4000000000000001,0,"{""EventData"":{""Data"":[{""@Name"":""Partition"",""#text"":""2""},{""@Name"":""ProcessId"",""#text"":""2444""},{""@Name"":""Scope"",""#text"":""NULL""}]}}"
756,756,2026-03-03 05:04:02.4601228,245,Verbose,Microsoft-Windows-StateRepository,Microsoft-Windows-StateRepository/Operational,2444,2572,vm-final-lab-wo,4,S-1-5-18,,,,,,,,,,,False,c:\temp\b0f5cb3c534e29b6ade44c0e5667ea9e_MicrosoftWindowsStateRepository4Operational.evtx,0x4000000000000001,0,"{""EventData"":{""Data"":[{""@Name"":""ErrorCode"",""#text"":""0x0""},{""@Name"":""MachineSize_Before"",""#text"":""2097152""},{""@Name"":""MachineJournalSize_Before"",""#text"":""0""},{""@Name"":""DeploymentSize_Before"",""#text"":""1048576""},{""@Name"":""DeploymentJournalSize_Before"",""#text"":""0""},{""@Name"":""MachineSize_After"",""#text"":""2097152""},{""@Name"":""MachineJournalSize_After"",""#text"":""0""},{""@Name"":""DeploymentSize_After"",""#text"":""1048576""},{""@Name"":""DeploymentJournalSize_After"",""#text"":""327680""},{""@Name"":""MaintenancePerformed"",""#text"":""0xD3""}]}}"
757,757,2026-03-03 05:04:04.8457401,269,Verbose,Microsoft-Windows-StateRepository,Microsoft-Windows-StateRepository/Operational,2444,2572,vm-final-lab-wo,4,S-1-5-18,,,,,,,,,,,False,c:\temp\b0f5cb3c534e29b6ade44c0e5667ea9e_MicrosoftWindowsStateRepository4Operational.evtx,0x4000200000000001,0,"{""EventData"":{""Data"":{""@Name"":""Options"",""#text"":""0x0""}}}"
758,758,2026-03-03 05:04:05.3884651,216,Info,Microsoft-Windows-StateRepository,Microsoft-Windows-StateRepository/Operational,2444,2572,vm-final-lab-wo,4,S-1-5-18,,,,,,,,,,,False,c:\temp\b0f5cb3c534e29b6ade44c0e5667ea9e_MicrosoftWindowsStateRepository4Operational.evtx,0x4000000000000001,0,"{""EventData"":{""Data"":{""@Name"":""ProcessId"",""#text"":""2444""}}}"
759,759,2026-03-03 05:04:06.4110430,231,Verbose,Microsoft-Windows-StateRepository,Microsoft-Windows-StateRepository/Operational,2444,3192,vm-final-lab-wo,4,S-1-5-18,,,,,,,,,,,False,c:\temp\b0f5cb3c534e29b6ade44c0e5667ea9e_MicrosoftWindowsStateRepository4Operational.evtx,0x4000000000000001,0,"{""EventData"":{""Data"":{""@Name"":""Options"",""#text"":""0x1""}}}"
760,760,2026-03-03 05:08:18.4602584,271,Verbose,Microsoft-Windows-StateRepository,Microsoft-Windows-StateRepository/Operational,2444,5980,vm-final-lab-wo,4,S-1-5-18,,,,,,,,,,,False,c:\temp\b0f5cb3c534e29b6ade44c0e5667ea9e_MicrosoftWindowsStateRepository4Operational.evtx,0x4000200000000001,0,"{""EventData"":{""Data"":{""@Name"":""Options"",""#text"":""0x0""}}}"
761,761,2026-03-03 05:08:18.4691008,271,Verbose,Microsoft-Windows-StateRepository,Microsoft-Windows-StateRepository/Operational,2444,5980,vm-final-lab-wo,4,S-1-5-18,,,,,,,,,,,False,c:\temp\b0f5cb3c534e29b6ade44c0e5667ea9e_MicrosoftWindowsStateRepository4Operational.evtx,0x4000200000000001,0,"{""EventData"":{""Data"":{""@Name"":""Options"",""#text"":""0x0""}}}"
762,762,2026-03-03 05:08:18.4774090,271,Verbose,Microsoft-Windows-StateRepository,Microsoft-Windows-StateRepository/Operational,2444,5980,vm-final-lab-wo,4,S-1-5-18,,,,,,,,,,,False,c:\temp\b0f5cb3c534e29b6ade44c0e5667ea9e_MicrosoftWindowsStateRepository4Operational.evtx,0x4000200000000001,0,"{""EventData"":{""Data"":{""@Name"":""Options"",""#text"":""0x0""}}}"
763,763,2026-03-03 05:08:18.4872713,271,Verbose,Microsoft-Windows-StateRepository,Microsoft-Windows-StateRepository/Operational,2444,5980,vm-final-lab-wo,4,S-1-5-18,,,,,,,,,,,False,c:\temp\b0f5cb3c534e29b6ade44c0e5667ea9e_MicrosoftWindowsStateRepository4Operational.evtx,0x4000200000000001,0,"{""EventData"":{""Data"":{""@Name"":""Options"",""#text"":""0x0""}}}"
764,764,2026-03-03 05:08:19.1163202,221,Verbose,Microsoft-Windows-StateRepository,Microsoft-Windows-StateRepository/Operational,3196,4480,vm-final-lab-wo,4,S-1-5-21-169698666-362884899-2229521277-500,,,,,,,,,,,False,c:\temp\b0f5cb3c534e29b6ade44c0e5667ea9e_MicrosoftWindowsStateRepository4Operational.evtx,0x4000000000000001,0,"{""EventData"":{""Data"":[{""@Name"":""Partition"",""#text"":""1""},{""@Name"":""ProcessId"",""#text"":""3196""},{""@Name"":""Scope"",""#text"":""(database)""}]}}"
765,765,2026-03-03 05:08:19.1391265,221,Verbose,Microsoft-Windows-StateRepository,Microsoft-Windows-StateRepository/Operational,3196,4480,vm-final-lab-wo,4,S-1-5-21-169698666-362884899-2229521277-500,,,,,,,,,,,False,c:\temp\b0f5cb3c534e29b6ade44c0e5667ea9e_MicrosoftWindowsStateRepository4Operational.evtx,0x4000000000000001,0,"{""EventData"":{""Data"":[{""@Name"":""Partition"",""#text"":""2""},{""@Name"":""ProcessId"",""#text"":""3196""},{""@Name"":""Scope"",""#text"":""(database)""}]}}"
766,766,2026-03-03 05:08:19.1586532,271,Verbose,Microsoft-Windows-StateRepository,Microsoft-Windows-StateRepository/Operational,2444,1300,vm-final-lab-wo,4,S-1-5-18,,,,,,,,,,,False,c:\temp\b0f5cb3c534e29b6ade44c0e5667ea9e_MicrosoftWindowsStateRepository4Operational.evtx,0x4000200000000001,0,"{""EventData"":{""Data"":{""@Name"":""Options"",""#text"":""0x0""}}}"
767,767,2026-03-03 05:08:19.2877737,271,Verbose,Microsoft-Windows-StateRepository,Microsoft-Windows-StateRepository/Operational,2444,5256,vm-final-lab-wo,4,S-1-5-18,,,,,,,,,,,False,c:\temp\b0f5cb3c534e29b6ade44c0e5667ea9e_MicrosoftWindowsStateRepository4Operational.evtx,0x4000200000000001,0,"{""EventData"":{""Data"":{""@Name"":""Options"",""#text"":""0x0""}}}"
768,768,2026-03-03 05:08:19.3521398,271,Verbose,Microsoft-Windows-StateRepository,Microsoft-Windows-StateRepository/Operational,2444,5256,vm-final-lab-wo,4,S-1-5-18,,,,,,,,,,,False,c:\temp\b0f5cb3c534e29b6ade44c0e5667ea9e_MicrosoftWindowsStateRepository4Operational.evtx,0x4000200000000001,0,"{""EventData"":{""Data"":{""@Name"":""Options"",""#text"":""0x0""}}}"
769,769,2026-03-03 05:08:19.7387602,271,Verbose,Microsoft-Windows-StateRepository,Microsoft-Windows-StateRepository/Operational,2444,5256,vm-final-lab-wo,4,S-1-5-18,,,,,,,,,,,False,c:\temp\b0f5cb3c534e29b6ade44c0e5667ea9e_MicrosoftWindowsStateRepository4Operational.evtx,0x4000200000000001,0,"{""EventData"":{""Data"":{""@Name"":""Options"",""#text"":""0x0""}}}"
770,770,2026-03-03 05:08:22.0445581,271,Verbose,Microsoft-Windows-StateRepository,Microsoft-Windows-StateRepository/Operational,2444,5256,vm-final-lab-wo,4,S-1-5-18,,,,,,,,,,,False,c:\temp\b0f5cb3c534e29b6ade44c0e5667ea9e_MicrosoftWindowsStateRepository4Operational.evtx,0x4000200000000001,0,"{""EventData"":{""Data"":{""@Name"":""Options"",""#text"":""0x0""}}}"
771,771,2026-03-03 05:08:22.0937657,271,Verbose,Microsoft-Windows-StateRepository,Microsoft-Windows-StateRepository/Operational,2444,7268,vm-final-lab-wo,4,S-1-5-18,,,,,,,,,,,False,c:\temp\b0f5cb3c534e29b6ade44c0e5667ea9e_MicrosoftWindowsStateRepository4Operational.evtx,0x4000200000000001,0,"{""EventData"":{""Data"":{""@Name"":""Options"",""#text"":""0x0""}}}"
772,772,2026-03-03 05:08:23.5703374,271,Verbose,Microsoft-Windows-StateRepository,Microsoft-Windows-StateRepository/Operational,2444,7268,vm-final-lab-wo,4,S-1-5-18,,,,,,,,,,,False,c:\temp\b0f5cb3c534e29b6ade44c0e5667ea9e_MicrosoftWindowsStateRepository4Operational.evtx,0x4000200000000001,0,"{""EventData"":{""Data"":{""@Name"":""Options"",""#text"":""0x0""}}}"
773,773,2026-03-03 05:08:24.5767035,271,Verbose,Microsoft-Windows-StateRepository,Microsoft-Windows-StateRepository/Operational,2444,7268,vm-final-lab-wo,4,S-1-5-18,,,,,,,,,,,False,c:\temp\b0f5cb3c534e29b6ade44c0e5667ea9e_MicrosoftWindowsStateRepository4Operational.evtx,0x4000200000000001,0,"{""EventData"":{""Data"":{""@Name"":""Options"",""#text"":""0x0""}}}"
774,774,2026-03-03 05:08:24.9374360,271,Verbose,Microsoft-Windows-StateRepository,Microsoft-Windows-StateRepository/Operational,2444,5256,vm-final-lab-wo,4,S-1-5-18,,,,,,,,,,,False,c:\temp\b0f5cb3c534e29b6ade44c0e5667ea9e_MicrosoftWindowsStateRepository4Operational.evtx,0x4000200000000001,0,"{""EventData"":{""Data"":{""@Name"":""Options"",""#text"":""0x0""}}}"
775,775,2026-03-03 05:08:25.5678327,271,Verbose,Microsoft-Windows-StateRepository,Microsoft-Windows-StateRepository/Operational,2444,7268,vm-final-lab-wo,4,S-1-5-18,,,,,,,,,,,False,c:\temp\b0f5cb3c534e29b6ade44c0e5667ea9e_MicrosoftWindowsStateRepository4Operational.evtx,0x4000200000000001,0,"{""EventData"":{""Data"":{""@Name"":""Options"",""#text"":""0x0""}}}"
776,776,2026-03-03 05:14:48.2798290,242,Verbose,Microsoft-Windows-StateRepository,Microsoft-Windows-StateRepository/Operational,2444,5800,vm-final-lab-wo,4,S-1-5-18,,,,,,,,,,,False,c:\temp\b0f5cb3c534e29b6ade44c0e5667ea9e_MicrosoftWindowsStateRepository4Operational.evtx,0x4000000000000001,0,"{""EventData"":{""Data"":[{""@Name"":""TimeoutMSec"",""#text"":""5000""},{""@Name"":""ElapsedTimeMSec"",""#text"":""0""}]}}"
777,777,2026-03-03 05:14:48.2798309,243,Verbose,Microsoft-Windows-StateRepository,Microsoft-Windows-StateRepository/Operational,2444,5800,vm-final-lab-wo,4,S-1-5-18,,,,,,,,,,,False,c:\temp\b0f5cb3c534e29b6ade44c0e5667ea9e_MicrosoftWindowsStateRepository4Operational.evtx,0x4000000000000001,0,"{""EventData"":{""Data"":[{""@Name"":""TimeoutMSec"",""#text"":""5000""},{""@Name"":""ElapsedTimeMSec"",""#text"":""0""}]}}"
778,778,2026-03-03 05:15:10.2324203,223,Info,Microsoft-Windows-StateRepository,Microsoft-Windows-StateRepository/Operational,2500,2580,vm-final-lab-wo,5,S-1-5-18,,,,,,,,,,,False,c:\temp\b0f5cb3c534e29b6ade44c0e5667ea9e_MicrosoftWindowsStateRepository4Operational.evtx,0x4000000000000001,0,"{""EventData"":{""Data"":[{""@Name"":""Partition"",""#text"":""1""},{""@Name"":""SchemaVersion"",""#text"":""29696""},{""@Name"":""Filename"",""#text"":""C:\\ProgramData\\Microsoft\\Windows\\AppRepository\\StateRepository-Machine.srd""}]}}"
779,779,2026-03-03 05:15:10.2393547,223,Info,Microsoft-Windows-StateRepository,Microsoft-Windows-StateRepository/Operational,2500,2580,vm-final-lab-wo,5,S-1-5-18,,,,,,,,,,,False,c:\temp\b0f5cb3c534e29b6ade44c0e5667ea9e_MicrosoftWindowsStateRepository4Operational.evtx,0x4000000000000001,0,"{""EventData"":{""Data"":[{""@Name"":""Partition"",""#text"":""2""},{""@Name"":""SchemaVersion"",""#text"":""29696""},{""@Name"":""Filename"",""#text"":""C:\\ProgramData\\Microsoft\\Windows\\AppRepository\\StateRepository-Deployment.srd""}]}}"
780,780,2026-03-03 05:15:10.3514317,284,Verbose,Microsoft-Windows-StateRepository,Microsoft-Windows-StateRepository/Operational,2500,2580,vm-final-lab-wo,5,S-1-5-18,,,,,,,,,,,False,c:\temp\b0f5cb3c534e29b6ade44c0e5667ea9e_MicrosoftWindowsStateRepository4Operational.evtx,0x4000000000000001,0,"{""EventData"":{""Data"":[{""@Name"":""Partition"",""#text"":""2""},{""@Name"":""ProcessId"",""#text"":""2500""},{""@Name"":""Scope"",""#text"":""AppInstaller""}]}}"
781,781,2026-03-03 05:15:10.3637468,284,Verbose,Microsoft-Windows-StateRepository,Microsoft-Windows-StateRepository/Operational,2500,2580,vm-final-lab-wo,5,S-1-5-18,,,,,,,,,,,False,c:\temp\b0f5cb3c534e29b6ade44c0e5667ea9e_MicrosoftWindowsStateRepository4Operational.evtx,0x4000000000000001,0,"{""EventData"":{""Data"":[{""@Name"":""Partition"",""#text"":""2""},{""@Name"":""ProcessId"",""#text"":""2500""},{""@Name"":""Scope"",""#text"":""AppInstallerUri""}]}}"
782,782,2026-03-03 05:15:10.3677579,284,Verbose,Microsoft-Windows-StateRepository,Microsoft-Windows-StateRepository/Operational,2500,2580,vm-final-lab-wo,5,S-1-5-18,,,,,,,,,,,False,c:\temp\b0f5cb3c534e29b6ade44c0e5667ea9e_MicrosoftWindowsStateRepository4Operational.evtx,0x4000000000000001,0,"{""EventData"":{""Data"":[{""@Name"":""Partition"",""#text"":""2""},{""@Name"":""ProcessId"",""#text"":""2500""},{""@Name"":""Scope"",""#text"":""AppxManifest""}]}}"
783,783,2026-03-03 05:15:10.3717898,284,Verbose,Microsoft-Windows-StateRepository,Microsoft-Windows-StateRepository/Operational,2500,2580,vm-final-lab-wo,5,S-1-5-18,,,,,,,,,,,False,c:\temp\b0f5cb3c534e29b6ade44c0e5667ea9e_MicrosoftWindowsStateRepository4Operational.evtx,0x4000000000000001,0,"{""EventData"":{""Data"":[{""@Name"":""Partition"",""#text"":""2""},{""@Name"":""ProcessId"",""#text"":""2500""},{""@Name"":""Scope"",""#text"":""AutoUpdatePackage""}]}}"
784,784,2026-03-03 05:15:10.3768625,284,Verbose,Microsoft-Windows-StateRepository,Microsoft-Windows-StateRepository/Operational,2500,2580,vm-final-lab-wo,5,S-1-5-18,,,,,,,,,,,False,c:\temp\b0f5cb3c534e29b6ade44c0e5667ea9e_MicrosoftWindowsStateRepository4Operational.evtx,0x4000000000000001,0,"{""EventData"":{""Data"":[{""@Name"":""Partition"",""#text"":""2""},{""@Name"":""ProcessId"",""#text"":""2500""},{""@Name"":""Scope"",""#text"":""ContentGroup""}]}}"
785,785,2026-03-03 05:15:10.3829666,284,Verbose,Microsoft-Windows-StateRepository,Microsoft-Windows-StateRepository/Operational,2500,2580,vm-final-lab-wo,5,S-1-5-18,,,,,,,,,,,False,c:\temp\b0f5cb3c534e29b6ade44c0e5667ea9e_MicrosoftWindowsStateRepository4Operational.evtx,0x4000000000000001,0,"{""EventData"":{""Data"":[{""@Name"":""Partition"",""#text"":""2""},{""@Name"":""ProcessId"",""#text"":""2500""},{""@Name"":""Scope"",""#text"":""ContentGroupFile""}]}}"
786,786,2026-03-03 05:15:10.4814430,284,Verbose,Microsoft-Windows-StateRepository,Microsoft-Windows-StateRepository/Operational,2500,2580,vm-final-lab-wo,5,S-1-5-18,,,,,,,,,,,False,c:\temp\b0f5cb3c534e29b6ade44c0e5667ea9e_MicrosoftWindowsStateRepository4Operational.evtx,0x4000000000000001,0,"{""EventData"":{""Data"":[{""@Name"":""Partition"",""#text"":""2""},{""@Name"":""ProcessId"",""#text"":""2500""},{""@Name"":""Scope"",""#text"":""File""}]}}"
787,787,2026-03-03 05:15:10.4873144,284,Verbose,Microsoft-Windows-StateRepository,Microsoft-Windows-StateRepository/Operational,2500,2580,vm-final-lab-wo,5,S-1-5-18,,,,,,,,,,,False,c:\temp\b0f5cb3c534e29b6ade44c0e5667ea9e_MicrosoftWindowsStateRepository4Operational.evtx,0x4000000000000001,0,"{""EventData"":{""Data"":[{""@Name"":""Partition"",""#text"":""2""},{""@Name"":""ProcessId"",""#text"":""2500""},{""@Name"":""Scope"",""#text"":""PackageAppInstaller""}]}}"
788,788,2026-03-03 05:15:10.4907498,284,Verbose,Microsoft-Windows-StateRepository,Microsoft-Windows-StateRepository/Operational,2500,2580,vm-final-lab-wo,5,S-1-5-18,,,,,,,,,,,False,c:\temp\b0f5cb3c534e29b6ade44c0e5667ea9e_MicrosoftWindowsStateRepository4Operational.evtx,0x4000000000000001,0,"{""EventData"":{""Data"":[{""@Name"":""Partition"",""#text"":""2""},{""@Name"":""ProcessId"",""#text"":""2500""},{""@Name"":""Scope"",""#text"":""PackageSourceUri""}]}}"
789,789,2026-03-03 05:15:10.4907712,284,Verbose,Microsoft-Windows-StateRepository,Microsoft-Windows-StateRepository/Operational,2500,2580,vm-final-lab-wo,5,S-1-5-18,,,,,,,,,,,False,c:\temp\b0f5cb3c534e29b6ade44c0e5667ea9e_MicrosoftWindowsStateRepository4Operational.evtx,0x4000000000000001,0,"{""EventData"":{""Data"":[{""@Name"":""Partition"",""#text"":""2""},{""@Name"":""ProcessId"",""#text"":""2500""},{""@Name"":""Scope"",""#text"":""NULL""}]}}"
790,790,2026-03-03 05:15:10.8184862,245,Verbose,Microsoft-Windows-StateRepository,Microsoft-Windows-StateRepository/Operational,2500,2580,vm-final-lab-wo,5,S-1-5-18,,,,,,,,,,,False,c:\temp\b0f5cb3c534e29b6ade44c0e5667ea9e_MicrosoftWindowsStateRepository4Operational.evtx,0x4000000000000001,0,"{""EventData"":{""Data"":[{""@Name"":""ErrorCode"",""#text"":""0x0""},{""@Name"":""MachineSize_Before"",""#text"":""2097152""},{""@Name"":""MachineJournalSize_Before"",""#text"":""0""},{""@Name"":""DeploymentSize_Before"",""#text"":""1048576""},{""@Name"":""DeploymentJournalSize_Before"",""#text"":""0""},{""@Name"":""MachineSize_After"",""#text"":""2097152""},{""@Name"":""MachineJournalSize_After"",""#text"":""0""},{""@Name"":""DeploymentSize_After"",""#text"":""1048576""},{""@Name"":""DeploymentJournalSize_After"",""#text"":""327680""},{""@Name"":""MaintenancePerformed"",""#text"":""0xD3""}]}}"
791,791,2026-03-03 05:15:13.5112986,269,Verbose,Microsoft-Windows-StateRepository,Microsoft-Windows-StateRepository/Operational,2500,2580,vm-final-lab-wo,5,S-1-5-18,,,,,,,,,,,False,c:\temp\b0f5cb3c534e29b6ade44c0e5667ea9e_MicrosoftWindowsStateRepository4Operational.evtx,0x4000200000000001,0,"{""EventData"":{""Data"":{""@Name"":""Options"",""#text"":""0x0""}}}"
792,792,2026-03-03 05:15:14.2779030,216,Info,Microsoft-Windows-StateRepository,Microsoft-Windows-StateRepository/Operational,2500,2580,vm-final-lab-wo,5,S-1-5-18,,,,,,,,,,,False,c:\temp\b0f5cb3c534e29b6ade44c0e5667ea9e_MicrosoftWindowsStateRepository4Operational.evtx,0x4000000000000001,0,"{""EventData"":{""Data"":{""@Name"":""ProcessId"",""#text"":""2500""}}}"
793,793,2026-03-03 05:15:15.0023281,231,Verbose,Microsoft-Windows-StateRepository,Microsoft-Windows-StateRepository/Operational,2500,3320,vm-final-lab-wo,5,S-1-5-18,,,,,,,,,,,False,c:\temp\b0f5cb3c534e29b6ade44c0e5667ea9e_MicrosoftWindowsStateRepository4Operational.evtx,0x4000000000000001,0,"{""EventData"":{""Data"":{""@Name"":""Options"",""#text"":""0x1""}}}"
794,794,2026-03-03 05:29:37.5306381,231,Verbose,Microsoft-Windows-StateRepository,Microsoft-Windows-StateRepository/Operational,2500,2712,vm-final-lab-wo,5,S-1-5-18,,,,,,,,,,,False,c:\temp\b0f5cb3c534e29b6ade44c0e5667ea9e_MicrosoftWindowsStateRepository4Operational.evtx,0x4000000000000001,0,"{""EventData"":{""Data"":{""@Name"":""Options"",""#text"":""0x1""}}}"
795,795,2026-03-03 06:17:19.1014101,231,Verbose,Microsoft-Windows-StateRepository,Microsoft-Windows-StateRepository/Operational,2500,7152,vm-final-lab-wo,5,S-1-5-18,,,,,,,,,,,False,c:\temp\b0f5cb3c534e29b6ade44c0e5667ea9e_MicrosoftWindowsStateRepository4Operational.evtx,0x4000000000000001,0,"{""EventData"":{""Data"":{""@Name"":""Options"",""#text"":""0x1""}}}"
796,796,2026-03-03 06:29:44.3373107,242,Verbose,Microsoft-Windows-StateRepository,Microsoft-Windows-StateRepository/Operational,2500,1596,vm-final-lab-wo,5,S-1-5-18,,,,,,,,,,,False,c:\temp\b0f5cb3c534e29b6ade44c0e5667ea9e_MicrosoftWindowsStateRepository4Operational.evtx,0x4000000000000001,0,"{""EventData"":{""Data"":[{""@Name"":""TimeoutMSec"",""#text"":""5000""},{""@Name"":""ElapsedTimeMSec"",""#text"":""0""}]}}"
797,797,2026-03-03 06:29:44.3373136,243,Verbose,Microsoft-Windows-StateRepository,Microsoft-Windows-StateRepository/Operational,2500,1596,vm-final-lab-wo,5,S-1-5-18,,,,,,,,,,,False,c:\temp\b0f5cb3c534e29b6ade44c0e5667ea9e_MicrosoftWindowsStateRepository4Operational.evtx,0x4000000000000001,0,"{""EventData"":{""Data"":[{""@Name"":""TimeoutMSec"",""#text"":""5000""},{""@Name"":""ElapsedTimeMSec"",""#text"":""0""}]}}"
798,798,2026-03-03 19:48:14.3410866,223,Info,Microsoft-Windows-StateRepository,Microsoft-Windows-StateRepository/Operational,2668,2840,vm-final-lab-wo,5,S-1-5-18,,,,,,,,,,,False,c:\temp\b0f5cb3c534e29b6ade44c0e5667ea9e_MicrosoftWindowsStateRepository4Operational.evtx,0x4000000000000001,0,"{""EventData"":{""Data"":[{""@Name"":""Partition"",""#text"":""1""},{""@Name"":""SchemaVersion"",""#text"":""29696""},{""@Name"":""Filename"",""#text"":""C:\\ProgramData\\Microsoft\\Windows\\AppRepository\\StateRepository-Machine.srd""}]}}"
799,799,2026-03-03 19:48:14.4891274,223,Info,Microsoft-Windows-StateRepository,Microsoft-Windows-StateRepository/Operational,2668,2840,vm-final-lab-wo,5,S-1-5-18,,,,,,,,,,,False,c:\temp\b0f5cb3c534e29b6ade44c0e5667ea9e_MicrosoftWindowsStateRepository4Operational.evtx,0x4000000000000001,0,"{""EventData"":{""Data"":[{""@Name"":""Partition"",""#text"":""2""},{""@Name"":""SchemaVersion"",""#text"":""29696""},{""@Name"":""Filename"",""#text"":""C:\\ProgramData\\Microsoft\\Windows\\AppRepository\\StateRepository-Deployment.srd""}]}}"
800,800,2026-03-03 19:48:14.7852133,284,Verbose,Microsoft-Windows-StateRepository,Microsoft-Windows-StateRepository/Operational,2668,2840,vm-final-lab-wo,5,S-1-5-18,,,,,,,,,,,False,c:\temp\b0f5cb3c534e29b6ade44c0e5667ea9e_MicrosoftWindowsStateRepository4Operational.evtx,0x4000000000000001,0,"{""EventData"":{""Data"":[{""@Name"":""Partition"",""#text"":""2""},{""@Name"":""ProcessId"",""#text"":""2668""},{""@Name"":""Scope"",""#text"":""AppInstaller""}]}}"
801,801,2026-03-03 19:48:14.7893743,284,Verbose,Microsoft-Windows-StateRepository,Microsoft-Windows-StateRepository/Operational,2668,2840,vm-final-lab-wo,5,S-1-5-18,,,,,,,,,,,False,c:\temp\b0f5cb3c534e29b6ade44c0e5667ea9e_MicrosoftWindowsStateRepository4Operational.evtx,0x4000000000000001,0,"{""EventData"":{""Data"":[{""@Name"":""Partition"",""#text"":""2""},{""@Name"":""ProcessId"",""#text"":""2668""},{""@Name"":""Scope"",""#text"":""AppInstallerUri""}]}}"
802,802,2026-03-03 19:48:14.7956661,284,Verbose,Microsoft-Windows-StateRepository,Microsoft-Windows-StateRepository/Operational,2668,2840,vm-final-lab-wo,5,S-1-5-18,,,,,,,,,,,False,c:\temp\b0f5cb3c534e29b6ade44c0e5667ea9e_MicrosoftWindowsStateRepository4Operational.evtx,0x4000000000000001,0,"{""EventData"":{""Data"":[{""@Name"":""Partition"",""#text"":""2""},{""@Name"":""ProcessId"",""#text"":""2668""},{""@Name"":""Scope"",""#text"":""AppxManifest""}]}}"
803,803,2026-03-03 19:48:14.8025507,284,Verbose,Microsoft-Windows-StateRepository,Microsoft-Windows-StateRepository/Operational,2668,2840,vm-final-lab-wo,5,S-1-5-18,,,,,,,,,,,False,c:\temp\b0f5cb3c534e29b6ade44c0e5667ea9e_MicrosoftWindowsStateRepository4Operational.evtx,0x4000000000000001,0,"{""EventData"":{""Data"":[{""@Name"":""Partition"",""#text"":""2""},{""@Name"":""ProcessId"",""#text"":""2668""},{""@Name"":""Scope"",""#text"":""AutoUpdatePackage""}]}}"
804,804,2026-03-03 19:48:14.8077038,284,Verbose,Microsoft-Windows-StateRepository,Microsoft-Windows-StateRepository/Operational,2668,2840,vm-final-lab-wo,5,S-1-5-18,,,,,,,,,,,False,c:\temp\b0f5cb3c534e29b6ade44c0e5667ea9e_MicrosoftWindowsStateRepository4Operational.evtx,0x4000000000000001,0,"{""EventData"":{""Data"":[{""@Name"":""Partition"",""#text"":""2""},{""@Name"":""ProcessId"",""#text"":""2668""},{""@Name"":""Scope"",""#text"":""ContentGroup""}]}}"
805,805,2026-03-03 19:48:14.8158894,284,Verbose,Microsoft-Windows-StateRepository,Microsoft-Windows-StateRepository/Operational,2668,2840,vm-final-lab-wo,5,S-1-5-18,,,,,,,,,,,False,c:\temp\b0f5cb3c534e29b6ade44c0e5667ea9e_MicrosoftWindowsStateRepository4Operational.evtx,0x4000000000000001,0,"{""EventData"":{""Data"":[{""@Name"":""Partition"",""#text"":""2""},{""@Name"":""ProcessId"",""#text"":""2668""},{""@Name"":""Scope"",""#text"":""ContentGroupFile""}]}}"
806,806,2026-03-03 19:48:14.9867189,284,Verbose,Microsoft-Windows-StateRepository,Microsoft-Windows-StateRepository/Operational,2668,2840,vm-final-lab-wo,5,S-1-5-18,,,,,,,,,,,False,c:\temp\b0f5cb3c534e29b6ade44c0e5667ea9e_MicrosoftWindowsStateRepository4Operational.evtx,0x4000000000000001,0,"{""EventData"":{""Data"":[{""@Name"":""Partition"",""#text"":""2""},{""@Name"":""ProcessId"",""#text"":""2668""},{""@Name"":""Scope"",""#text"":""File""}]}}"
807,807,2026-03-03 19:48:14.9955784,284,Verbose,Microsoft-Windows-StateRepository,Microsoft-Windows-StateRepository/Operational,2668,2840,vm-final-lab-wo,5,S-1-5-18,,,,,,,,,,,False,c:\temp\b0f5cb3c534e29b6ade44c0e5667ea9e_MicrosoftWindowsStateRepository4Operational.evtx,0x4000000000000001,0,"{""EventData"":{""Data"":[{""@Name"":""Partition"",""#text"":""2""},{""@Name"":""ProcessId"",""#text"":""2668""},{""@Name"":""Scope"",""#text"":""PackageAppInstaller""}]}}"
808,808,2026-03-03 19:48:15.0018901,284,Verbose,Microsoft-Windows-StateRepository,Microsoft-Windows-StateRepository/Operational,2668,2840,vm-final-lab-wo,5,S-1-5-18,,,,,,,,,,,False,c:\temp\b0f5cb3c534e29b6ade44c0e5667ea9e_MicrosoftWindowsStateRepository4Operational.evtx,0x4000000000000001,0,"{""EventData"":{""Data"":[{""@Name"":""Partition"",""#text"":""2""},{""@Name"":""ProcessId"",""#text"":""2668""},{""@Name"":""Scope"",""#text"":""PackageSourceUri""}]}}"
809,809,2026-03-03 19:48:15.0020104,284,Verbose,Microsoft-Windows-StateRepository,Microsoft-Windows-StateRepository/Operational,2668,2840,vm-final-lab-wo,5,S-1-5-18,,,,,,,,,,,False,c:\temp\b0f5cb3c534e29b6ade44c0e5667ea9e_MicrosoftWindowsStateRepository4Operational.evtx,0x4000000000000001,0,"{""EventData"":{""Data"":[{""@Name"":""Partition"",""#text"":""2""},{""@Name"":""ProcessId"",""#text"":""2668""},{""@Name"":""Scope"",""#text"":""NULL""}]}}"
810,810,2026-03-03 19:48:15.5699998,265,Verbose,Microsoft-Windows-StateRepository,Microsoft-Windows-StateRepository/Operational,2668,2840,vm-final-lab-wo,5,S-1-5-18,,,,,,,,,,,False,c:\temp\b0f5cb3c534e29b6ade44c0e5667ea9e_MicrosoftWindowsStateRepository4Operational.evtx,0x4000200000000001,0,"{""EventData"":{""Data"":[{""@Name"":""ErrorCode"",""#text"":""0x0""},{""@Name"":""Options"",""#text"":""0x0""},{""@Name"":""MachineDatabase_Pages"",""#text"":""0""},{""@Name"":""MachineDatabase_PagesCheckpointed"",""#text"":""0""},{""@Name"":""DeploymentDatabase_Pages"",""#text"":""0""},{""@Name"":""DeploymentDatabase_PagesCheckpointed"",""#text"":""0""}]}}"
811,811,2026-03-03 19:48:15.6421839,245,Verbose,Microsoft-Windows-StateRepository,Microsoft-Windows-StateRepository/Operational,2668,2840,vm-final-lab-wo,5,S-1-5-18,,,,,,,,,,,False,c:\temp\b0f5cb3c534e29b6ade44c0e5667ea9e_MicrosoftWindowsStateRepository4Operational.evtx,0x4000000000000001,0,"{""EventData"":{""Data"":[{""@Name"":""ErrorCode"",""#text"":""0x0""},{""@Name"":""MachineSize_Before"",""#text"":""2097152""},{""@Name"":""MachineJournalSize_Before"",""#text"":""0""},{""@Name"":""DeploymentSize_Before"",""#text"":""1048576""},{""@Name"":""DeploymentJournalSize_Before"",""#text"":""0""},{""@Name"":""MachineSize_After"",""#text"":""2097152""},{""@Name"":""MachineJournalSize_After"",""#text"":""0""},{""@Name"":""DeploymentSize_After"",""#text"":""1048576""},{""@Name"":""DeploymentJournalSize_After"",""#text"":""0""},{""@Name"":""MaintenancePerformed"",""#text"":""0xD3""}]}}"
812,812,2026-03-03 19:48:18.6544378,269,Verbose,Microsoft-Windows-StateRepository,Microsoft-Windows-StateRepository/Operational,2668,2840,vm-final-lab-wo,5,S-1-5-18,,,,,,,,,,,False,c:\temp\b0f5cb3c534e29b6ade44c0e5667ea9e_MicrosoftWindowsStateRepository4Operational.evtx,0x4000200000000001,0,"{""EventData"":{""Data"":{""@Name"":""Options"",""#text"":""0x0""}}}"
813,813,2026-03-03 19:48:19.8506937,216,Info,Microsoft-Windows-StateRepository,Microsoft-Windows-StateRepository/Operational,2668,2840,vm-final-lab-wo,5,S-1-5-18,,,,,,,,,,,False,c:\temp\b0f5cb3c534e29b6ade44c0e5667ea9e_MicrosoftWindowsStateRepository4Operational.evtx,0x4000000000000001,0,"{""EventData"":{""Data"":{""@Name"":""ProcessId"",""#text"":""2668""}}}"
814,814,2026-03-03 19:48:21.0621694,231,Verbose,Microsoft-Windows-StateRepository,Microsoft-Windows-StateRepository/Operational,2668,3368,vm-final-lab-wo,5,S-1-5-18,,,,,,,,,,,False,c:\temp\b0f5cb3c534e29b6ade44c0e5667ea9e_MicrosoftWindowsStateRepository4Operational.evtx,0x4000000000000001,0,"{""EventData"":{""Data"":{""@Name"":""Options"",""#text"":""0x1""}}}"
815,815,2026-03-03 19:52:43.1046990,242,Verbose,Microsoft-Windows-StateRepository,Microsoft-Windows-StateRepository/Operational,2668,3368,vm-final-lab-wo,5,S-1-5-18,,,,,,,,,,,False,c:\temp\b0f5cb3c534e29b6ade44c0e5667ea9e_MicrosoftWindowsStateRepository4Operational.evtx,0x4000000000000001,0,"{""EventData"":{""Data"":[{""@Name"":""TimeoutMSec"",""#text"":""5000""},{""@Name"":""ElapsedTimeMSec"",""#text"":""0""}]}}"
816,816,2026-03-03 19:52:43.1047020,243,Verbose,Microsoft-Windows-StateRepository,Microsoft-Windows-StateRepository/Operational,2668,3368,vm-final-lab-wo,5,S-1-5-18,,,,,,,,,,,False,c:\temp\b0f5cb3c534e29b6ade44c0e5667ea9e_MicrosoftWindowsStateRepository4Operational.evtx,0x4000000000000001,0,"{""EventData"":{""Data"":[{""@Name"":""TimeoutMSec"",""#text"":""5000""},{""@Name"":""ElapsedTimeMSec"",""#text"":""0""}]}}"
817,817,2026-03-03 19:53:05.7642645,223,Info,Microsoft-Windows-StateRepository,Microsoft-Windows-StateRepository/Operational,2504,2580,vm-final-lab-wo,5,S-1-5-18,,,,,,,,,,,False,c:\temp\b0f5cb3c534e29b6ade44c0e5667ea9e_MicrosoftWindowsStateRepository4Operational.evtx,0x4000000000000001,0,"{""EventData"":{""Data"":[{""@Name"":""Partition"",""#text"":""1""},{""@Name"":""SchemaVersion"",""#text"":""29696""},{""@Name"":""Filename"",""#text"":""C:\\ProgramData\\Microsoft\\Windows\\AppRepository\\StateRepository-Machine.srd""}]}}"
818,818,2026-03-03 19:53:05.7698039,223,Info,Microsoft-Windows-StateRepository,Microsoft-Windows-StateRepository/Operational,2504,2580,vm-final-lab-wo,5,S-1-5-18,,,,,,,,,,,False,c:\temp\b0f5cb3c534e29b6ade44c0e5667ea9e_MicrosoftWindowsStateRepository4Operational.evtx,0x4000000000000001,0,"{""EventData"":{""Data"":[{""@Name"":""Partition"",""#text"":""2""},{""@Name"":""SchemaVersion"",""#text"":""29696""},{""@Name"":""Filename"",""#text"":""C:\\ProgramData\\Microsoft\\Windows\\AppRepository\\StateRepository-Deployment.srd""}]}}"
819,819,2026-03-03 19:53:06.0916615,284,Verbose,Microsoft-Windows-StateRepository,Microsoft-Windows-StateRepository/Operational,2504,2580,vm-final-lab-wo,5,S-1-5-18,,,,,,,,,,,False,c:\temp\b0f5cb3c534e29b6ade44c0e5667ea9e_MicrosoftWindowsStateRepository4Operational.evtx,0x4000000000000001,0,"{""EventData"":{""Data"":[{""@Name"":""Partition"",""#text"":""2""},{""@Name"":""ProcessId"",""#text"":""2504""},{""@Name"":""Scope"",""#text"":""AppInstaller""}]}}"
820,820,2026-03-03 19:53:06.0974029,284,Verbose,Microsoft-Windows-StateRepository,Microsoft-Windows-StateRepository/Operational,2504,2580,vm-final-lab-wo,5,S-1-5-18,,,,,,,,,,,False,c:\temp\b0f5cb3c534e29b6ade44c0e5667ea9e_MicrosoftWindowsStateRepository4Operational.evtx,0x4000000000000001,0,"{""EventData"":{""Data"":[{""@Name"":""Partition"",""#text"":""2""},{""@Name"":""ProcessId"",""#text"":""2504""},{""@Name"":""Scope"",""#text"":""AppInstallerUri""}]}}"
821,821,2026-03-03 19:53:06.1007150,284,Verbose,Microsoft-Windows-StateRepository,Microsoft-Windows-StateRepository/Operational,2504,2580,vm-final-lab-wo,5,S-1-5-18,,,,,,,,,,,False,c:\temp\b0f5cb3c534e29b6ade44c0e5667ea9e_MicrosoftWindowsStateRepository4Operational.evtx,0x4000000000000001,0,"{""EventData"":{""Data"":[{""@Name"":""Partition"",""#text"":""2""},{""@Name"":""ProcessId"",""#text"":""2504""},{""@Name"":""Scope"",""#text"":""AppxManifest""}]}}"
822,822,2026-03-03 19:53:06.1041350,284,Verbose,Microsoft-Windows-StateRepository,Microsoft-Windows-StateRepository/Operational,2504,2580,vm-final-lab-wo,5,S-1-5-18,,,,,,,,,,,False,c:\temp\b0f5cb3c534e29b6ade44c0e5667ea9e_MicrosoftWindowsStateRepository4Operational.evtx,0x4000000000000001,0,"{""EventData"":{""Data"":[{""@Name"":""Partition"",""#text"":""2""},{""@Name"":""ProcessId"",""#text"":""2504""},{""@Name"":""Scope"",""#text"":""AutoUpdatePackage""}]}}"
823,823,2026-03-03 19:53:06.1079386,284,Verbose,Microsoft-Windows-StateRepository,Microsoft-Windows-StateRepository/Operational,2504,2580,vm-final-lab-wo,5,S-1-5-18,,,,,,,,,,,False,c:\temp\b0f5cb3c534e29b6ade44c0e5667ea9e_MicrosoftWindowsStateRepository4Operational.evtx,0x4000000000000001,0,"{""EventData"":{""Data"":[{""@Name"":""Partition"",""#text"":""2""},{""@Name"":""ProcessId"",""#text"":""2504""},{""@Name"":""Scope"",""#text"":""ContentGroup""}]}}"
824,824,2026-03-03 19:53:06.1146481,284,Verbose,Microsoft-Windows-StateRepository,Microsoft-Windows-StateRepository/Operational,2504,2580,vm-final-lab-wo,5,S-1-5-18,,,,,,,,,,,False,c:\temp\b0f5cb3c534e29b6ade44c0e5667ea9e_MicrosoftWindowsStateRepository4Operational.evtx,0x4000000000000001,0,"{""EventData"":{""Data"":[{""@Name"":""Partition"",""#text"":""2""},{""@Name"":""ProcessId"",""#text"":""2504""},{""@Name"":""Scope"",""#text"":""ContentGroupFile""}]}}"
825,825,2026-03-03 19:53:06.1887361,284,Verbose,Microsoft-Windows-StateRepository,Microsoft-Windows-StateRepository/Operational,2504,2580,vm-final-lab-wo,5,S-1-5-18,,,,,,,,,,,False,c:\temp\b0f5cb3c534e29b6ade44c0e5667ea9e_MicrosoftWindowsStateRepository4Operational.evtx,0x4000000000000001,0,"{""EventData"":{""Data"":[{""@Name"":""Partition"",""#text"":""2""},{""@Name"":""ProcessId"",""#text"":""2504""},{""@Name"":""Scope"",""#text"":""File""}]}}"
826,826,2026-03-03 19:53:06.1942286,284,Verbose,Microsoft-Windows-StateRepository,Microsoft-Windows-StateRepository/Operational,2504,2580,vm-final-lab-wo,5,S-1-5-18,,,,,,,,,,,False,c:\temp\b0f5cb3c534e29b6ade44c0e5667ea9e_MicrosoftWindowsStateRepository4Operational.evtx,0x4000000000000001,0,"{""EventData"":{""Data"":[{""@Name"":""Partition"",""#text"":""2""},{""@Name"":""ProcessId"",""#text"":""2504""},{""@Name"":""Scope"",""#text"":""PackageAppInstaller""}]}}"
827,827,2026-03-03 19:53:06.1990995,284,Verbose,Microsoft-Windows-StateRepository,Microsoft-Windows-StateRepository/Operational,2504,2580,vm-final-lab-wo,5,S-1-5-18,,,,,,,,,,,False,c:\temp\b0f5cb3c534e29b6ade44c0e5667ea9e_MicrosoftWindowsStateRepository4Operational.evtx,0x4000000000000001,0,"{""EventData"":{""Data"":[{""@Name"":""Partition"",""#text"":""2""},{""@Name"":""ProcessId"",""#text"":""2504""},{""@Name"":""Scope"",""#text"":""PackageSourceUri""}]}}"
828,828,2026-03-03 19:53:06.1991333,284,Verbose,Microsoft-Windows-StateRepository,Microsoft-Windows-StateRepository/Operational,2504,2580,vm-final-lab-wo,5,S-1-5-18,,,,,,,,,,,False,c:\temp\b0f5cb3c534e29b6ade44c0e5667ea9e_MicrosoftWindowsStateRepository4Operational.evtx,0x4000000000000001,0,"{""EventData"":{""Data"":[{""@Name"":""Partition"",""#text"":""2""},{""@Name"":""ProcessId"",""#text"":""2504""},{""@Name"":""Scope"",""#text"":""NULL""}]}}"
829,829,2026-03-03 19:53:06.5350431,245,Verbose,Microsoft-Windows-StateRepository,Microsoft-Windows-StateRepository/Operational,2504,2580,vm-final-lab-wo,5,S-1-5-18,,,,,,,,,,,False,c:\temp\b0f5cb3c534e29b6ade44c0e5667ea9e_MicrosoftWindowsStateRepository4Operational.evtx,0x4000000000000001,0,"{""EventData"":{""Data"":[{""@Name"":""ErrorCode"",""#text"":""0x0""},{""@Name"":""MachineSize_Before"",""#text"":""2097152""},{""@Name"":""MachineJournalSize_Before"",""#text"":""0""},{""@Name"":""DeploymentSize_Before"",""#text"":""1048576""},{""@Name"":""DeploymentJournalSize_Before"",""#text"":""0""},{""@Name"":""MachineSize_After"",""#text"":""2097152""},{""@Name"":""MachineJournalSize_After"",""#text"":""0""},{""@Name"":""DeploymentSize_After"",""#text"":""1048576""},{""@Name"":""DeploymentJournalSize_After"",""#text"":""327680""},{""@Name"":""MaintenancePerformed"",""#text"":""0xD3""}]}}"
830,830,2026-03-03 19:53:09.3474844,269,Verbose,Microsoft-Windows-StateRepository,Microsoft-Windows-StateRepository/Operational,2504,2580,vm-final-lab-wo,5,S-1-5-18,,,,,,,,,,,False,c:\temp\b0f5cb3c534e29b6ade44c0e5667ea9e_MicrosoftWindowsStateRepository4Operational.evtx,0x4000200000000001,0,"{""EventData"":{""Data"":{""@Name"":""Options"",""#text"":""0x0""}}}"
831,831,2026-03-03 19:53:10.3357183,216,Info,Microsoft-Windows-StateRepository,Microsoft-Windows-StateRepository/Operational,2504,2580,vm-final-lab-wo,5,S-1-5-18,,,,,,,,,,,False,c:\temp\b0f5cb3c534e29b6ade44c0e5667ea9e_MicrosoftWindowsStateRepository4Operational.evtx,0x4000000000000001,0,"{""EventData"":{""Data"":{""@Name"":""ProcessId"",""#text"":""2504""}}}"
832,832,2026-03-03 19:53:11.1892546,231,Verbose,Microsoft-Windows-StateRepository,Microsoft-Windows-StateRepository/Operational,2504,3208,vm-final-lab-wo,5,S-1-5-18,,,,,,,,,,,False,c:\temp\b0f5cb3c534e29b6ade44c0e5667ea9e_MicrosoftWindowsStateRepository4Operational.evtx,0x4000000000000001,0,"{""EventData"":{""Data"":{""@Name"":""Options"",""#text"":""0x1""}}}"
833,833,2026-03-03 20:07:05.9432611,231,Verbose,Microsoft-Windows-StateRepository,Microsoft-Windows-StateRepository/Operational,2504,2044,vm-final-lab-wo,5,S-1-5-18,,,,,,,,,,,False,c:\temp\b0f5cb3c534e29b6ade44c0e5667ea9e_MicrosoftWindowsStateRepository4Operational.evtx,0x4000000000000001,0,"{""EventData"":{""Data"":{""@Name"":""Options"",""#text"":""0x1""}}}"
834,834,2026-03-03 20:14:01.6415972,231,Verbose,Microsoft-Windows-StateRepository,Microsoft-Windows-StateRepository/Operational,2504,5660,vm-final-lab-wo,5,S-1-5-18,,,,,,,,,,,False,c:\temp\b0f5cb3c534e29b6ade44c0e5667ea9e_MicrosoftWindowsStateRepository4Operational.evtx,0x4000000000000001,0,"{""EventData"":{""Data"":{""@Name"":""Options"",""#text"":""0x1""}}}"
835,835,2026-03-03 21:55:15.0489705,231,Verbose,Microsoft-Windows-StateRepository,Microsoft-Windows-StateRepository/Operational,2504,3868,vm-final-lab-wo,5,S-1-5-18,,,,,,,,,,,False,c:\temp\b0f5cb3c534e29b6ade44c0e5667ea9e_MicrosoftWindowsStateRepository4Operational.evtx,0x4000000000000001,0,"{""EventData"":{""Data"":{""@Name"":""Options"",""#text"":""0x1""}}}"
836,836,2026-03-03 22:55:44.7819237,231,Verbose,Microsoft-Windows-StateRepository,Microsoft-Windows-StateRepository/Operational,2504,1984,vm-final-lab-wo,5,S-1-5-18,,,,,,,,,,,False,c:\temp\b0f5cb3c534e29b6ade44c0e5667ea9e_MicrosoftWindowsStateRepository4Operational.evtx,0x4000000000000001,0,"{""EventData"":{""Data"":{""@Name"":""Options"",""#text"":""0x1""}}}"
837,837,2026-03-03 23:55:45.1766310,231,Verbose,Microsoft-Windows-StateRepository,Microsoft-Windows-StateRepository/Operational,2504,5280,vm-final-lab-wo,5,S-1-5-18,,,,,,,,,,,False,c:\temp\b0f5cb3c534e29b6ade44c0e5667ea9e_MicrosoftWindowsStateRepository4Operational.evtx,0x4000000000000001,0,"{""EventData"":{""Data"":{""@Name"":""Options"",""#text"":""0x1""}}}"
838,838,2026-03-03 23:56:02.1240160,284,Verbose,Microsoft-Windows-StateRepository,Microsoft-Windows-StateRepository/Operational,2504,1296,vm-final-lab-wo,5,S-1-5-18,,,,,,,,,,,False,c:\temp\b0f5cb3c534e29b6ade44c0e5667ea9e_MicrosoftWindowsStateRepository4Operational.evtx,0x4000000000000001,0,"{""EventData"":{""Data"":[{""@Name"":""Partition"",""#text"":""1""},{""@Name"":""ProcessId"",""#text"":""2504""},{""@Name"":""Scope"",""#text"":""(database)""}]}}"
839,839,2026-03-03 23:56:02.1494747,284,Verbose,Microsoft-Windows-StateRepository,Microsoft-Windows-StateRepository/Operational,2504,1296,vm-final-lab-wo,5,S-1-5-18,,,,,,,,,,,False,c:\temp\b0f5cb3c534e29b6ade44c0e5667ea9e_MicrosoftWindowsStateRepository4Operational.evtx,0x4000000000000001,0,"{""EventData"":{""Data"":[{""@Name"":""Partition"",""#text"":""2""},{""@Name"":""ProcessId"",""#text"":""2504""},{""@Name"":""Scope"",""#text"":""(database)""}]}}"
840,840,2026-03-03 23:56:02.1585227,221,Verbose,Microsoft-Windows-StateRepository,Microsoft-Windows-StateRepository/Operational,2504,5260,vm-final-lab-wo,5,S-1-5-18,,,,,,,,,,,False,c:\temp\b0f5cb3c534e29b6ade44c0e5667ea9e_MicrosoftWindowsStateRepository4Operational.evtx,0x4000000000000001,0,"{""EventData"":{""Data"":[{""@Name"":""Partition"",""#text"":""1""},{""@Name"":""ProcessId"",""#text"":""2504""},{""@Name"":""Scope"",""#text"":""(database)""}]}}"
841,841,2026-03-03 23:56:02.1634565,221,Verbose,Microsoft-Windows-StateRepository,Microsoft-Windows-StateRepository/Operational,2504,5260,vm-final-lab-wo,5,S-1-5-18,,,,,,,,,,,False,c:\temp\b0f5cb3c534e29b6ade44c0e5667ea9e_MicrosoftWindowsStateRepository4Operational.evtx,0x4000000000000001,0,"{""EventData"":{""Data"":[{""@Name"":""Partition"",""#text"":""2""},{""@Name"":""ProcessId"",""#text"":""2504""},{""@Name"":""Scope"",""#text"":""(database)""}]}}"
842,842,2026-03-04 00:55:45.6000286,231,Verbose,Microsoft-Windows-StateRepository,Microsoft-Windows-StateRepository/Operational,2504,6504,vm-final-lab-wo,5,S-1-5-18,,,,,,,,,,,False,c:\temp\b0f5cb3c534e29b6ade44c0e5667ea9e_MicrosoftWindowsStateRepository4Operational.evtx,0x4000000000000001,0,"{""EventData"":{""Data"":{""@Name"":""Options"",""#text"":""0x1""}}}"
843,843,2026-03-04 01:55:46.0200698,231,Verbose,Microsoft-Windows-StateRepository,Microsoft-Windows-StateRepository/Operational,2504,6032,vm-final-lab-wo,5,S-1-5-18,,,,,,,,,,,False,c:\temp\b0f5cb3c534e29b6ade44c0e5667ea9e_MicrosoftWindowsStateRepository4Operational.evtx,0x4000000000000001,0,"{""EventData"":{""Data"":{""@Name"":""Options"",""#text"":""0x1""}}}"
844,844,2026-03-04 02:55:46.2802446,231,Verbose,Microsoft-Windows-StateRepository,Microsoft-Windows-StateRepository/Operational,2504,4796,vm-final-lab-wo,5,S-1-5-18,,,,,,,,,,,False,c:\temp\b0f5cb3c534e29b6ade44c0e5667ea9e_MicrosoftWindowsStateRepository4Operational.evtx,0x4000000000000001,0,"{""EventData"":{""Data"":{""@Name"":""Options"",""#text"":""0x1""}}}"
845,845,2026-03-04 03:37:43.7557566,231,Verbose,Microsoft-Windows-StateRepository,Microsoft-Windows-StateRepository/Operational,2504,3880,vm-final-lab-wo,5,S-1-5-18,,,,,,,,,,,False,c:\temp\b0f5cb3c534e29b6ade44c0e5667ea9e_MicrosoftWindowsStateRepository4Operational.evtx,0x4000000000000001,0,"{""EventData"":{""Data"":{""@Name"":""Options"",""#text"":""0x1""}}}"
846,846,2026-03-04 03:55:46.5024829,231,Verbose,Microsoft-Windows-StateRepository,Microsoft-Windows-StateRepository/Operational,2504,5992,vm-final-lab-wo,5,S-1-5-18,,,,,,,,,,,False,c:\temp\b0f5cb3c534e29b6ade44c0e5667ea9e_MicrosoftWindowsStateRepository4Operational.evtx,0x4000000000000001,0,"{""EventData"":{""Data"":{""@Name"":""Options"",""#text"":""0x1""}}}"
847,847,2026-03-04 04:10:40.8022610,231,Verbose,Microsoft-Windows-StateRepository,Microsoft-Windows-StateRepository/Operational,2504,5680,vm-final-lab-wo,5,S-1-5-18,,,,,,,,,,,False,c:\temp\b0f5cb3c534e29b6ade44c0e5667ea9e_MicrosoftWindowsStateRepository4Operational.evtx,0x4000000000000001,0,"{""EventData"":{""Data"":{""@Name"":""Options"",""#text"":""0x1""}}}"
848,848,2026-03-04 04:42:04.9737491,242,Verbose,Microsoft-Windows-StateRepository,Microsoft-Windows-StateRepository/Operational,2504,4964,vm-final-lab-wo,5,S-1-5-18,,,,,,,,,,,False,c:\temp\b0f5cb3c534e29b6ade44c0e5667ea9e_MicrosoftWindowsStateRepository4Operational.evtx,0x4000000000000001,0,"{""EventData"":{""Data"":[{""@Name"":""TimeoutMSec"",""#text"":""5000""},{""@Name"":""ElapsedTimeMSec"",""#text"":""0""}]}}"
849,849,2026-03-04 04:42:04.9737515,243,Verbose,Microsoft-Windows-StateRepository,Microsoft-Windows-StateRepository/Operational,2504,4964,vm-final-lab-wo,5,S-1-5-18,,,,,,,,,,,False,c:\temp\b0f5cb3c534e29b6ade44c0e5667ea9e_MicrosoftWindowsStateRepository4Operational.evtx,0x4000000000000001,0,"{""EventData"":{""Data"":[{""@Name"":""TimeoutMSec"",""#text"":""5000""},{""@Name"":""ElapsedTimeMSec"",""#text"":""0""}]}}"
850,850,2026-03-05 03:30:48.1251074,223,Info,Microsoft-Windows-StateRepository,Microsoft-Windows-StateRepository/Operational,2600,2776,vm-final-lab-wo,5,S-1-5-18,,,,,,,,,,,False,c:\temp\b0f5cb3c534e29b6ade44c0e5667ea9e_MicrosoftWindowsStateRepository4Operational.evtx,0x4000000000000001,0,"{""EventData"":{""Data"":[{""@Name"":""Partition"",""#text"":""1""},{""@Name"":""SchemaVersion"",""#text"":""29696""},{""@Name"":""Filename"",""#text"":""C:\\ProgramData\\Microsoft\\Windows\\AppRepository\\StateRepository-Machine.srd""}]}}"
851,851,2026-03-05 03:30:48.1362755,223,Info,Microsoft-Windows-StateRepository,Microsoft-Windows-StateRepository/Operational,2600,2776,vm-final-lab-wo,5,S-1-5-18,,,,,,,,,,,False,c:\temp\b0f5cb3c534e29b6ade44c0e5667ea9e_MicrosoftWindowsStateRepository4Operational.evtx,0x4000000000000001,0,"{""EventData"":{""Data"":[{""@Name"":""Partition"",""#text"":""2""},{""@Name"":""SchemaVersion"",""#text"":""29696""},{""@Name"":""Filename"",""#text"":""C:\\ProgramData\\Microsoft\\Windows\\AppRepository\\StateRepository-Deployment.srd""}]}}"
852,852,2026-03-05 03:30:48.4978221,284,Verbose,Microsoft-Windows-StateRepository,Microsoft-Windows-StateRepository/Operational,2600,2776,vm-final-lab-wo,5,S-1-5-18,,,,,,,,,,,False,c:\temp\b0f5cb3c534e29b6ade44c0e5667ea9e_MicrosoftWindowsStateRepository4Operational.evtx,0x4000000000000001,0,"{""EventData"":{""Data"":[{""@Name"":""Partition"",""#text"":""2""},{""@Name"":""ProcessId"",""#text"":""2600""},{""@Name"":""Scope"",""#text"":""AppInstaller""}]}}"
853,853,2026-03-05 03:30:48.5192834,284,Verbose,Microsoft-Windows-StateRepository,Microsoft-Windows-StateRepository/Operational,2600,2776,vm-final-lab-wo,5,S-1-5-18,,,,,,,,,,,False,c:\temp\b0f5cb3c534e29b6ade44c0e5667ea9e_MicrosoftWindowsStateRepository4Operational.evtx,0x4000000000000001,0,"{""EventData"":{""Data"":[{""@Name"":""Partition"",""#text"":""2""},{""@Name"":""ProcessId"",""#text"":""2600""},{""@Name"":""Scope"",""#text"":""AppInstallerUri""}]}}"
854,854,2026-03-05 03:30:48.5241287,284,Verbose,Microsoft-Windows-StateRepository,Microsoft-Windows-StateRepository/Operational,2600,2776,vm-final-lab-wo,5,S-1-5-18,,,,,,,,,,,False,c:\temp\b0f5cb3c534e29b6ade44c0e5667ea9e_MicrosoftWindowsStateRepository4Operational.evtx,0x4000000000000001,0,"{""EventData"":{""Data"":[{""@Name"":""Partition"",""#text"":""2""},{""@Name"":""ProcessId"",""#text"":""2600""},{""@Name"":""Scope"",""#text"":""AppxManifest""}]}}"
855,855,2026-03-05 03:30:48.5327406,284,Verbose,Microsoft-Windows-StateRepository,Microsoft-Windows-StateRepository/Operational,2600,2776,vm-final-lab-wo,5,S-1-5-18,,,,,,,,,,,False,c:\temp\b0f5cb3c534e29b6ade44c0e5667ea9e_MicrosoftWindowsStateRepository4Operational.evtx,0x4000000000000001,0,"{""EventData"":{""Data"":[{""@Name"":""Partition"",""#text"":""2""},{""@Name"":""ProcessId"",""#text"":""2600""},{""@Name"":""Scope"",""#text"":""AutoUpdatePackage""}]}}"
856,856,2026-03-05 03:30:48.5432997,284,Verbose,Microsoft-Windows-StateRepository,Microsoft-Windows-StateRepository/Operational,2600,2776,vm-final-lab-wo,5,S-1-5-18,,,,,,,,,,,False,c:\temp\b0f5cb3c534e29b6ade44c0e5667ea9e_MicrosoftWindowsStateRepository4Operational.evtx,0x4000000000000001,0,"{""EventData"":{""Data"":[{""@Name"":""Partition"",""#text"":""2""},{""@Name"":""ProcessId"",""#text"":""2600""},{""@Name"":""Scope"",""#text"":""ContentGroup""}]}}"
857,857,2026-03-05 03:30:48.5500468,284,Verbose,Microsoft-Windows-StateRepository,Microsoft-Windows-StateRepository/Operational,2600,2776,vm-final-lab-wo,5,S-1-5-18,,,,,,,,,,,False,c:\temp\b0f5cb3c534e29b6ade44c0e5667ea9e_MicrosoftWindowsStateRepository4Operational.evtx,0x4000000000000001,0,"{""EventData"":{""Data"":[{""@Name"":""Partition"",""#text"":""2""},{""@Name"":""ProcessId"",""#text"":""2600""},{""@Name"":""Scope"",""#text"":""ContentGroupFile""}]}}"
