128,128,2026-02-06 22:39:00.5614999,271,Verbose,Microsoft-Windows-StateRepository,Microsoft-Windows-StateRepository/Operational,2396,2840,WIN-IGJLHARSET8,0,S-1-5-18,,,,,,,,,,,False,c:\temp\b0f5cb3c534e29b6ade44c0e5667ea9e_MicrosoftWindowsStateRepository4Operational.evtx,0x4000200000000001,0,"{""EventData"":{""Data"":{""@Name"":""Options"",""#text"":""0x0""}}}"
129,129,2026-02-06 22:39:01.1177332,271,Verbose,Microsoft-Windows-StateRepository,Microsoft-Windows-StateRepository/Operational,2396,2840,WIN-IGJLHARSET8,0,S-1-5-18,,,,,,,,,,,False,c:\temp\b0f5cb3c534e29b6ade44c0e5667ea9e_MicrosoftWindowsStateRepository4Operational.evtx,0x4000200000000001,0,"{""EventData"":{""Data"":{""@Name"":""Options"",""#text"":""0x0""}}}"
130,130,2026-02-06 22:39:01.2965309,271,Verbose,Microsoft-Windows-StateRepository,Microsoft-Windows-StateRepository/Operational,2396,2840,WIN-IGJLHARSET8,0,S-1-5-18,,,,,,,,,,,False,c:\temp\b0f5cb3c534e29b6ade44c0e5667ea9e_MicrosoftWindowsStateRepository4Operational.evtx,0x4000200000000001,0,"{""EventData"":{""Data"":{""@Name"":""Options"",""#text"":""0x0""}}}"
131,131,2026-02-06 22:39:01.9517955,271,Verbose,Microsoft-Windows-StateRepository,Microsoft-Windows-StateRepository/Operational,2396,2840,WIN-IGJLHARSET8,0,S-1-5-18,,,,,,,,,,,False,c:\temp\b0f5cb3c534e29b6ade44c0e5667ea9e_MicrosoftWindowsStateRepository4Operational.evtx,0x4000200000000001,0,"{""EventData"":{""Data"":{""@Name"":""Options"",""#text"":""0x0""}}}"
132,132,2026-02-06 22:39:02.1086900,271,Verbose,Microsoft-Windows-StateRepository,Microsoft-Windows-StateRepository/Operational,2396,2840,WIN-IGJLHARSET8,0,S-1-5-18,,,,,,,,,,,False,c:\temp\b0f5cb3c534e29b6ade44c0e5667ea9e_MicrosoftWindowsStateRepository4Operational.evtx,0x4000200000000001,0,"{""EventData"":{""Data"":{""@Name"":""Options"",""#text"":""0x0""}}}"
133,133,2026-02-06 22:39:02.5222925,271,Verbose,Microsoft-Windows-StateRepository,Microsoft-Windows-StateRepository/Operational,2396,3064,WIN-IGJLHARSET8,0,S-1-5-18,,,,,,,,,,,False,c:\temp\b0f5cb3c534e29b6ade44c0e5667ea9e_MicrosoftWindowsStateRepository4Operational.evtx,0x4000200000000001,0,"{""EventData"":{""Data"":{""@Name"":""Options"",""#text"":""0x0""}}}"
134,134,2026-02-06 22:39:02.6383771,271,Verbose,Microsoft-Windows-StateRepository,Microsoft-Windows-StateRepository/Operational,2396,3064,WIN-IGJLHARSET8,0,S-1-5-18,,,,,,,,,,,False,c:\temp\b0f5cb3c534e29b6ade44c0e5667ea9e_MicrosoftWindowsStateRepository4Operational.evtx,0x4000200000000001,0,"{""EventData"":{""Data"":{""@Name"":""Options"",""#text"":""0x0""}}}"
135,135,2026-02-06 22:39:03.1043472,271,Verbose,Microsoft-Windows-StateRepository,Microsoft-Windows-StateRepository/Operational,2396,3868,WIN-IGJLHARSET8,0,S-1-5-18,,,,,,,,,,,False,c:\temp\b0f5cb3c534e29b6ade44c0e5667ea9e_MicrosoftWindowsStateRepository4Operational.evtx,0x4000200000000001,0,"{""EventData"":{""Data"":{""@Name"":""Options"",""#text"":""0x0""}}}"
136,136,2026-02-06 22:39:03.2156620,271,Verbose,Microsoft-Windows-StateRepository,Microsoft-Windows-StateRepository/Operational,2396,3868,WIN-IGJLHARSET8,0,S-1-5-18,,,,,,,,,,,False,c:\temp\b0f5cb3c534e29b6ade44c0e5667ea9e_MicrosoftWindowsStateRepository4Operational.evtx,0x4000200000000001,0,"{""EventData"":{""Data"":{""@Name"":""Options"",""#text"":""0x0""}}}"
137,137,2026-02-06 22:39:03.5931230,271,Verbose,Microsoft-Windows-StateRepository,Microsoft-Windows-StateRepository/Operational,2396,3868,WIN-IGJLHARSET8,0,S-1-5-18,,,,,,,,,,,False,c:\temp\b0f5cb3c534e29b6ade44c0e5667ea9e_MicrosoftWindowsStateRepository4Operational.evtx,0x4000200000000001,0,"{""EventData"":{""Data"":{""@Name"":""Options"",""#text"":""0x0""}}}"
138,138,2026-02-06 22:39:03.6940381,271,Verbose,Microsoft-Windows-StateRepository,Microsoft-Windows-StateRepository/Operational,2396,3868,WIN-IGJLHARSET8,0,S-1-5-18,,,,,,,,,,,False,c:\temp\b0f5cb3c534e29b6ade44c0e5667ea9e_MicrosoftWindowsStateRepository4Operational.evtx,0x4000200000000001,0,"{""EventData"":{""Data"":{""@Name"":""Options"",""#text"":""0x0""}}}"
139,139,2026-02-06 22:39:04.2159413,271,Verbose,Microsoft-Windows-StateRepository,Microsoft-Windows-StateRepository/Operational,2396,2840,WIN-IGJLHARSET8,0,S-1-5-18,,,,,,,,,,,False,c:\temp\b0f5cb3c534e29b6ade44c0e5667ea9e_MicrosoftWindowsStateRepository4Operational.evtx,0x4000200000000001,0,"{""EventData"":{""Data"":{""@Name"":""Options"",""#text"":""0x0""}}}"
140,140,2026-02-06 22:39:04.3321395,271,Verbose,Microsoft-Windows-StateRepository,Microsoft-Windows-StateRepository/Operational,2396,2840,WIN-IGJLHARSET8,0,S-1-5-18,,,,,,,,,,,False,c:\temp\b0f5cb3c534e29b6ade44c0e5667ea9e_MicrosoftWindowsStateRepository4Operational.evtx,0x4000200000000001,0,"{""EventData"":{""Data"":{""@Name"":""Options"",""#text"":""0x0""}}}"
141,141,2026-02-06 22:39:04.7583605,271,Verbose,Microsoft-Windows-StateRepository,Microsoft-Windows-StateRepository/Operational,2396,3064,WIN-IGJLHARSET8,0,S-1-5-18,,,,,,,,,,,False,c:\temp\b0f5cb3c534e29b6ade44c0e5667ea9e_MicrosoftWindowsStateRepository4Operational.evtx,0x4000200000000001,0,"{""EventData"":{""Data"":{""@Name"":""Options"",""#text"":""0x0""}}}"
142,142,2026-02-06 22:39:04.9159354,271,Verbose,Microsoft-Windows-StateRepository,Microsoft-Windows-StateRepository/Operational,2396,3064,WIN-IGJLHARSET8,0,S-1-5-18,,,,,,,,,,,False,c:\temp\b0f5cb3c534e29b6ade44c0e5667ea9e_MicrosoftWindowsStateRepository4Operational.evtx,0x4000200000000001,0,"{""EventData"":{""Data"":{""@Name"":""Options"",""#text"":""0x0""}}}"
143,143,2026-02-06 22:39:05.4371504,271,Verbose,Microsoft-Windows-StateRepository,Microsoft-Windows-StateRepository/Operational,2396,2840,WIN-IGJLHARSET8,0,S-1-5-18,,,,,,,,,,,False,c:\temp\b0f5cb3c534e29b6ade44c0e5667ea9e_MicrosoftWindowsStateRepository4Operational.evtx,0x4000200000000001,0,"{""EventData"":{""Data"":{""@Name"":""Options"",""#text"":""0x0""}}}"
144,144,2026-02-06 22:39:05.5303266,271,Verbose,Microsoft-Windows-StateRepository,Microsoft-Windows-StateRepository/Operational,2396,2840,WIN-IGJLHARSET8,0,S-1-5-18,,,,,,,,,,,False,c:\temp\b0f5cb3c534e29b6ade44c0e5667ea9e_MicrosoftWindowsStateRepository4Operational.evtx,0x4000200000000001,0,"{""EventData"":{""Data"":{""@Name"":""Options"",""#text"":""0x0""}}}"
145,145,2026-02-06 22:39:06.0364956,221,Verbose,Microsoft-Windows-StateRepository,Microsoft-Windows-StateRepository/Operational,2972,4864,WIN-IGJLHARSET8,0,S-1-5-18,,,,,,,,,,,False,c:\temp\b0f5cb3c534e29b6ade44c0e5667ea9e_MicrosoftWindowsStateRepository4Operational.evtx,0x4000000000000001,0,"{""EventData"":{""Data"":[{""@Name"":""Partition"",""#text"":""2""},{""@Name"":""ProcessId"",""#text"":""2972""},{""@Name"":""Scope"",""#text"":""(database)""}]}}"
146,146,2026-02-06 22:39:06.0619830,271,Verbose,Microsoft-Windows-StateRepository,Microsoft-Windows-StateRepository/Operational,2396,2840,WIN-IGJLHARSET8,0,S-1-5-18,,,,,,,,,,,False,c:\temp\b0f5cb3c534e29b6ade44c0e5667ea9e_MicrosoftWindowsStateRepository4Operational.evtx,0x4000200000000001,0,"{""EventData"":{""Data"":{""@Name"":""Options"",""#text"":""0x0""}}}"
147,147,2026-02-06 22:39:06.1559162,271,Verbose,Microsoft-Windows-StateRepository,Microsoft-Windows-StateRepository/Operational,2396,2840,WIN-IGJLHARSET8,0,S-1-5-18,,,,,,,,,,,False,c:\temp\b0f5cb3c534e29b6ade44c0e5667ea9e_MicrosoftWindowsStateRepository4Operational.evtx,0x4000200000000001,0,"{""EventData"":{""Data"":{""@Name"":""Options"",""#text"":""0x0""}}}"
148,148,2026-02-06 22:39:06.6034821,271,Verbose,Microsoft-Windows-StateRepository,Microsoft-Windows-StateRepository/Operational,2396,3064,WIN-IGJLHARSET8,0,S-1-5-18,,,,,,,,,,,False,c:\temp\b0f5cb3c534e29b6ade44c0e5667ea9e_MicrosoftWindowsStateRepository4Operational.evtx,0x4000200000000001,0,"{""EventData"":{""Data"":{""@Name"":""Options"",""#text"":""0x0""}}}"
149,149,2026-02-06 22:39:06.7176315,271,Verbose,Microsoft-Windows-StateRepository,Microsoft-Windows-StateRepository/Operational,2396,3064,WIN-IGJLHARSET8,0,S-1-5-18,,,,,,,,,,,False,c:\temp\b0f5cb3c534e29b6ade44c0e5667ea9e_MicrosoftWindowsStateRepository4Operational.evtx,0x4000200000000001,0,"{""EventData"":{""Data"":{""@Name"":""Options"",""#text"":""0x0""}}}"
150,150,2026-02-06 22:39:07.2724009,271,Verbose,Microsoft-Windows-StateRepository,Microsoft-Windows-StateRepository/Operational,2396,2840,WIN-IGJLHARSET8,0,S-1-5-18,,,,,,,,,,,False,c:\temp\b0f5cb3c534e29b6ade44c0e5667ea9e_MicrosoftWindowsStateRepository4Operational.evtx,0x4000200000000001,0,"{""EventData"":{""Data"":{""@Name"":""Options"",""#text"":""0x0""}}}"
151,151,2026-02-06 22:39:07.3705313,271,Verbose,Microsoft-Windows-StateRepository,Microsoft-Windows-StateRepository/Operational,2396,2840,WIN-IGJLHARSET8,0,S-1-5-18,,,,,,,,,,,False,c:\temp\b0f5cb3c534e29b6ade44c0e5667ea9e_MicrosoftWindowsStateRepository4Operational.evtx,0x4000200000000001,0,"{""EventData"":{""Data"":{""@Name"":""Options"",""#text"":""0x0""}}}"
152,152,2026-02-06 22:39:07.8395911,271,Verbose,Microsoft-Windows-StateRepository,Microsoft-Windows-StateRepository/Operational,2396,3064,WIN-IGJLHARSET8,0,S-1-5-18,,,,,,,,,,,False,c:\temp\b0f5cb3c534e29b6ade44c0e5667ea9e_MicrosoftWindowsStateRepository4Operational.evtx,0x4000200000000001,0,"{""EventData"":{""Data"":{""@Name"":""Options"",""#text"":""0x0""}}}"
153,153,2026-02-06 22:39:08.0122603,271,Verbose,Microsoft-Windows-StateRepository,Microsoft-Windows-StateRepository/Operational,2396,2840,WIN-IGJLHARSET8,0,S-1-5-18,,,,,,,,,,,False,c:\temp\b0f5cb3c534e29b6ade44c0e5667ea9e_MicrosoftWindowsStateRepository4Operational.evtx,0x4000200000000001,0,"{""EventData"":{""Data"":{""@Name"":""Options"",""#text"":""0x0""}}}"
154,154,2026-02-06 22:39:08.7001981,271,Verbose,Microsoft-Windows-StateRepository,Microsoft-Windows-StateRepository/Operational,2396,3064,WIN-IGJLHARSET8,0,S-1-5-18,,,,,,,,,,,False,c:\temp\b0f5cb3c534e29b6ade44c0e5667ea9e_MicrosoftWindowsStateRepository4Operational.evtx,0x4000200000000001,0,"{""EventData"":{""Data"":{""@Name"":""Options"",""#text"":""0x0""}}}"
155,155,2026-02-06 22:39:08.8040915,271,Verbose,Microsoft-Windows-StateRepository,Microsoft-Windows-StateRepository/Operational,2396,3064,WIN-IGJLHARSET8,0,S-1-5-18,,,,,,,,,,,False,c:\temp\b0f5cb3c534e29b6ade44c0e5667ea9e_MicrosoftWindowsStateRepository4Operational.evtx,0x4000200000000001,0,"{""EventData"":{""Data"":{""@Name"":""Options"",""#text"":""0x0""}}}"
156,156,2026-02-06 22:39:09.3298327,271,Verbose,Microsoft-Windows-StateRepository,Microsoft-Windows-StateRepository/Operational,2396,3064,WIN-IGJLHARSET8,0,S-1-5-18,,,,,,,,,,,False,c:\temp\b0f5cb3c534e29b6ade44c0e5667ea9e_MicrosoftWindowsStateRepository4Operational.evtx,0x4000200000000001,0,"{""EventData"":{""Data"":{""@Name"":""Options"",""#text"":""0x0""}}}"
157,157,2026-02-06 22:39:09.4481766,271,Verbose,Microsoft-Windows-StateRepository,Microsoft-Windows-StateRepository/Operational,2396,3064,WIN-IGJLHARSET8,0,S-1-5-18,,,,,,,,,,,False,c:\temp\b0f5cb3c534e29b6ade44c0e5667ea9e_MicrosoftWindowsStateRepository4Operational.evtx,0x4000200000000001,0,"{""EventData"":{""Data"":{""@Name"":""Options"",""#text"":""0x0""}}}"
158,158,2026-02-06 22:39:09.9298932,271,Verbose,Microsoft-Windows-StateRepository,Microsoft-Windows-StateRepository/Operational,2396,2840,WIN-IGJLHARSET8,1,S-1-5-18,,,,,,,,,,,False,c:\temp\b0f5cb3c534e29b6ade44c0e5667ea9e_MicrosoftWindowsStateRepository4Operational.evtx,0x4000200000000001,0,"{""EventData"":{""Data"":{""@Name"":""Options"",""#text"":""0x0""}}}"
159,159,2026-02-06 22:39:10.0411313,271,Verbose,Microsoft-Windows-StateRepository,Microsoft-Windows-StateRepository/Operational,2396,2840,WIN-IGJLHARSET8,1,S-1-5-18,,,,,,,,,,,False,c:\temp\b0f5cb3c534e29b6ade44c0e5667ea9e_MicrosoftWindowsStateRepository4Operational.evtx,0x4000200000000001,0,"{""EventData"":{""Data"":{""@Name"":""Options"",""#text"":""0x0""}}}"
160,160,2026-02-06 22:39:10.6544681,271,Verbose,Microsoft-Windows-StateRepository,Microsoft-Windows-StateRepository/Operational,2396,3064,WIN-IGJLHARSET8,1,S-1-5-18,,,,,,,,,,,False,c:\temp\b0f5cb3c534e29b6ade44c0e5667ea9e_MicrosoftWindowsStateRepository4Operational.evtx,0x4000200000000001,0,"{""EventData"":{""Data"":{""@Name"":""Options"",""#text"":""0x0""}}}"
161,161,2026-02-06 22:39:10.7808759,271,Verbose,Microsoft-Windows-StateRepository,Microsoft-Windows-StateRepository/Operational,2396,2840,WIN-IGJLHARSET8,1,S-1-5-18,,,,,,,,,,,False,c:\temp\b0f5cb3c534e29b6ade44c0e5667ea9e_MicrosoftWindowsStateRepository4Operational.evtx,0x4000200000000001,0,"{""EventData"":{""Data"":{""@Name"":""Options"",""#text"":""0x0""}}}"
162,162,2026-02-06 22:39:11.2423434,271,Verbose,Microsoft-Windows-StateRepository,Microsoft-Windows-StateRepository/Operational,2396,2840,WIN-IGJLHARSET8,1,S-1-5-18,,,,,,,,,,,False,c:\temp\b0f5cb3c534e29b6ade44c0e5667ea9e_MicrosoftWindowsStateRepository4Operational.evtx,0x4000200000000001,0,"{""EventData"":{""Data"":{""@Name"":""Options"",""#text"":""0x0""}}}"
163,163,2026-02-06 22:39:11.3545266,271,Verbose,Microsoft-Windows-StateRepository,Microsoft-Windows-StateRepository/Operational,2396,3064,WIN-IGJLHARSET8,1,S-1-5-18,,,,,,,,,,,False,c:\temp\b0f5cb3c534e29b6ade44c0e5667ea9e_MicrosoftWindowsStateRepository4Operational.evtx,0x4000200000000001,0,"{""EventData"":{""Data"":{""@Name"":""Options"",""#text"":""0x0""}}}"
164,164,2026-02-06 22:39:11.7898270,271,Verbose,Microsoft-Windows-StateRepository,Microsoft-Windows-StateRepository/Operational,2396,2840,WIN-IGJLHARSET8,1,S-1-5-18,,,,,,,,,,,False,c:\temp\b0f5cb3c534e29b6ade44c0e5667ea9e_MicrosoftWindowsStateRepository4Operational.evtx,0x4000200000000001,0,"{""EventData"":{""Data"":{""@Name"":""Options"",""#text"":""0x0""}}}"
165,165,2026-02-06 22:39:11.9118674,271,Verbose,Microsoft-Windows-StateRepository,Microsoft-Windows-StateRepository/Operational,2396,3064,WIN-IGJLHARSET8,1,S-1-5-18,,,,,,,,,,,False,c:\temp\b0f5cb3c534e29b6ade44c0e5667ea9e_MicrosoftWindowsStateRepository4Operational.evtx,0x4000200000000001,0,"{""EventData"":{""Data"":{""@Name"":""Options"",""#text"":""0x0""}}}"
166,166,2026-02-06 22:39:12.3615328,271,Verbose,Microsoft-Windows-StateRepository,Microsoft-Windows-StateRepository/Operational,2396,3868,WIN-IGJLHARSET8,1,S-1-5-18,,,,,,,,,,,False,c:\temp\b0f5cb3c534e29b6ade44c0e5667ea9e_MicrosoftWindowsStateRepository4Operational.evtx,0x4000200000000001,0,"{""EventData"":{""Data"":{""@Name"":""Options"",""#text"":""0x0""}}}"
167,167,2026-02-06 22:39:12.4411908,271,Verbose,Microsoft-Windows-StateRepository,Microsoft-Windows-StateRepository/Operational,2396,3868,WIN-IGJLHARSET8,1,S-1-5-18,,,,,,,,,,,False,c:\temp\b0f5cb3c534e29b6ade44c0e5667ea9e_MicrosoftWindowsStateRepository4Operational.evtx,0x4000200000000001,0,"{""EventData"":{""Data"":{""@Name"":""Options"",""#text"":""0x0""}}}"
168,168,2026-02-06 22:39:12.9224102,271,Verbose,Microsoft-Windows-StateRepository,Microsoft-Windows-StateRepository/Operational,2396,3868,WIN-IGJLHARSET8,1,S-1-5-18,,,,,,,,,,,False,c:\temp\b0f5cb3c534e29b6ade44c0e5667ea9e_MicrosoftWindowsStateRepository4Operational.evtx,0x4000200000000001,0,"{""EventData"":{""Data"":{""@Name"":""Options"",""#text"":""0x0""}}}"
169,169,2026-02-06 22:39:12.9914655,271,Verbose,Microsoft-Windows-StateRepository,Microsoft-Windows-StateRepository/Operational,2396,3868,WIN-IGJLHARSET8,1,S-1-5-18,,,,,,,,,,,False,c:\temp\b0f5cb3c534e29b6ade44c0e5667ea9e_MicrosoftWindowsStateRepository4Operational.evtx,0x4000200000000001,0,"{""EventData"":{""Data"":{""@Name"":""Options"",""#text"":""0x0""}}}"
170,170,2026-02-06 22:39:13.6040396,271,Verbose,Microsoft-Windows-StateRepository,Microsoft-Windows-StateRepository/Operational,2396,2072,WIN-IGJLHARSET8,1,S-1-5-18,,,,,,,,,,,False,c:\temp\b0f5cb3c534e29b6ade44c0e5667ea9e_MicrosoftWindowsStateRepository4Operational.evtx,0x4000200000000001,0,"{""EventData"":{""Data"":{""@Name"":""Options"",""#text"":""0x0""}}}"
171,171,2026-02-06 22:39:13.7267381,271,Verbose,Microsoft-Windows-StateRepository,Microsoft-Windows-StateRepository/Operational,2396,2072,WIN-IGJLHARSET8,1,S-1-5-18,,,,,,,,,,,False,c:\temp\b0f5cb3c534e29b6ade44c0e5667ea9e_MicrosoftWindowsStateRepository4Operational.evtx,0x4000200000000001,0,"{""EventData"":{""Data"":{""@Name"":""Options"",""#text"":""0x0""}}}"
172,172,2026-02-06 22:39:14.3597820,271,Verbose,Microsoft-Windows-StateRepository,Microsoft-Windows-StateRepository/Operational,2396,2072,WIN-IGJLHARSET8,1,S-1-5-18,,,,,,,,,,,False,c:\temp\b0f5cb3c534e29b6ade44c0e5667ea9e_MicrosoftWindowsStateRepository4Operational.evtx,0x4000200000000001,0,"{""EventData"":{""Data"":{""@Name"":""Options"",""#text"":""0x0""}}}"
173,173,2026-02-06 22:39:14.4840415,271,Verbose,Microsoft-Windows-StateRepository,Microsoft-Windows-StateRepository/Operational,2396,2072,WIN-IGJLHARSET8,1,S-1-5-18,,,,,,,,,,,False,c:\temp\b0f5cb3c534e29b6ade44c0e5667ea9e_MicrosoftWindowsStateRepository4Operational.evtx,0x4000200000000001,0,"{""EventData"":{""Data"":{""@Name"":""Options"",""#text"":""0x0""}}}"
174,174,2026-02-06 22:39:14.9931342,221,Verbose,Microsoft-Windows-StateRepository,Microsoft-Windows-StateRepository/Operational,2972,4948,WIN-IGJLHARSET8,1,S-1-5-18,,,,,,,,,,,False,c:\temp\b0f5cb3c534e29b6ade44c0e5667ea9e_MicrosoftWindowsStateRepository4Operational.evtx,0x4000000000000001,0,"{""EventData"":{""Data"":[{""@Name"":""Partition"",""#text"":""1""},{""@Name"":""ProcessId"",""#text"":""2972""},{""@Name"":""Scope"",""#text"":""(database)""}]}}"
175,175,2026-02-06 22:39:15.0399308,271,Verbose,Microsoft-Windows-StateRepository,Microsoft-Windows-StateRepository/Operational,2396,3868,WIN-IGJLHARSET8,1,S-1-5-18,,,,,,,,,,,False,c:\temp\b0f5cb3c534e29b6ade44c0e5667ea9e_MicrosoftWindowsStateRepository4Operational.evtx,0x4000200000000001,0,"{""EventData"":{""Data"":{""@Name"":""Options"",""#text"":""0x0""}}}"
176,176,2026-02-06 22:39:15.2506213,271,Verbose,Microsoft-Windows-StateRepository,Microsoft-Windows-StateRepository/Operational,2396,3868,WIN-IGJLHARSET8,1,S-1-5-18,,,,,,,,,,,False,c:\temp\b0f5cb3c534e29b6ade44c0e5667ea9e_MicrosoftWindowsStateRepository4Operational.evtx,0x4000200000000001,0,"{""EventData"":{""Data"":{""@Name"":""Options"",""#text"":""0x0""}}}"
177,177,2026-02-06 22:39:15.8912886,271,Verbose,Microsoft-Windows-StateRepository,Microsoft-Windows-StateRepository/Operational,2396,2840,WIN-IGJLHARSET8,1,S-1-5-18,,,,,,,,,,,False,c:\temp\b0f5cb3c534e29b6ade44c0e5667ea9e_MicrosoftWindowsStateRepository4Operational.evtx,0x4000200000000001,0,"{""EventData"":{""Data"":{""@Name"":""Options"",""#text"":""0x0""}}}"
178,178,2026-02-06 22:39:16.0757117,271,Verbose,Microsoft-Windows-StateRepository,Microsoft-Windows-StateRepository/Operational,2396,2840,WIN-IGJLHARSET8,1,S-1-5-18,,,,,,,,,,,False,c:\temp\b0f5cb3c534e29b6ade44c0e5667ea9e_MicrosoftWindowsStateRepository4Operational.evtx,0x4000200000000001,0,"{""EventData"":{""Data"":{""@Name"":""Options"",""#text"":""0x0""}}}"
179,179,2026-02-06 22:39:16.8656695,271,Verbose,Microsoft-Windows-StateRepository,Microsoft-Windows-StateRepository/Operational,2396,3064,WIN-IGJLHARSET8,1,S-1-5-18,,,,,,,,,,,False,c:\temp\b0f5cb3c534e29b6ade44c0e5667ea9e_MicrosoftWindowsStateRepository4Operational.evtx,0x4000200000000001,0,"{""EventData"":{""Data"":{""@Name"":""Options"",""#text"":""0x0""}}}"
180,180,2026-02-06 22:39:16.9705168,271,Verbose,Microsoft-Windows-StateRepository,Microsoft-Windows-StateRepository/Operational,2396,3064,WIN-IGJLHARSET8,1,S-1-5-18,,,,,,,,,,,False,c:\temp\b0f5cb3c534e29b6ade44c0e5667ea9e_MicrosoftWindowsStateRepository4Operational.evtx,0x4000200000000001,0,"{""EventData"":{""Data"":{""@Name"":""Options"",""#text"":""0x0""}}}"
181,181,2026-02-06 22:39:18.5883611,271,Verbose,Microsoft-Windows-StateRepository,Microsoft-Windows-StateRepository/Operational,2396,3064,WIN-IGJLHARSET8,1,S-1-5-18,,,,,,,,,,,False,c:\temp\b0f5cb3c534e29b6ade44c0e5667ea9e_MicrosoftWindowsStateRepository4Operational.evtx,0x4000200000000001,0,"{""EventData"":{""Data"":{""@Name"":""Options"",""#text"":""0x0""}}}"
182,182,2026-02-06 22:39:18.7627258,271,Verbose,Microsoft-Windows-StateRepository,Microsoft-Windows-StateRepository/Operational,2396,3064,WIN-IGJLHARSET8,1,S-1-5-18,,,,,,,,,,,False,c:\temp\b0f5cb3c534e29b6ade44c0e5667ea9e_MicrosoftWindowsStateRepository4Operational.evtx,0x4000200000000001,0,"{""EventData"":{""Data"":{""@Name"":""Options"",""#text"":""0x0""}}}"
183,183,2026-02-06 22:39:20.0287939,271,Verbose,Microsoft-Windows-StateRepository,Microsoft-Windows-StateRepository/Operational,2396,2840,WIN-IGJLHARSET8,1,S-1-5-18,,,,,,,,,,,False,c:\temp\b0f5cb3c534e29b6ade44c0e5667ea9e_MicrosoftWindowsStateRepository4Operational.evtx,0x4000200000000001,0,"{""EventData"":{""Data"":{""@Name"":""Options"",""#text"":""0x0""}}}"
184,184,2026-02-06 22:39:20.2398997,271,Verbose,Microsoft-Windows-StateRepository,Microsoft-Windows-StateRepository/Operational,2396,3064,WIN-IGJLHARSET8,1,S-1-5-18,,,,,,,,,,,False,c:\temp\b0f5cb3c534e29b6ade44c0e5667ea9e_MicrosoftWindowsStateRepository4Operational.evtx,0x4000200000000001,0,"{""EventData"":{""Data"":{""@Name"":""Options"",""#text"":""0x0""}}}"
185,185,2026-02-06 22:39:20.6137698,271,Verbose,Microsoft-Windows-StateRepository,Microsoft-Windows-StateRepository/Operational,2396,3064,WIN-IGJLHARSET8,1,S-1-5-18,,,,,,,,,,,False,c:\temp\b0f5cb3c534e29b6ade44c0e5667ea9e_MicrosoftWindowsStateRepository4Operational.evtx,0x4000200000000001,0,"{""EventData"":{""Data"":{""@Name"":""Options"",""#text"":""0x0""}}}"
186,186,2026-02-06 22:39:20.6848689,271,Verbose,Microsoft-Windows-StateRepository,Microsoft-Windows-StateRepository/Operational,2396,3064,WIN-IGJLHARSET8,1,S-1-5-18,,,,,,,,,,,False,c:\temp\b0f5cb3c534e29b6ade44c0e5667ea9e_MicrosoftWindowsStateRepository4Operational.evtx,0x4000200000000001,0,"{""EventData"":{""Data"":{""@Name"":""Options"",""#text"":""0x0""}}}"
187,187,2026-02-06 22:39:21.0772013,271,Verbose,Microsoft-Windows-StateRepository,Microsoft-Windows-StateRepository/Operational,2396,3868,WIN-IGJLHARSET8,1,S-1-5-18,,,,,,,,,,,False,c:\temp\b0f5cb3c534e29b6ade44c0e5667ea9e_MicrosoftWindowsStateRepository4Operational.evtx,0x4000200000000001,0,"{""EventData"":{""Data"":{""@Name"":""Options"",""#text"":""0x0""}}}"
188,188,2026-02-06 22:39:21.1275059,271,Verbose,Microsoft-Windows-StateRepository,Microsoft-Windows-StateRepository/Operational,2396,3868,WIN-IGJLHARSET8,1,S-1-5-18,,,,,,,,,,,False,c:\temp\b0f5cb3c534e29b6ade44c0e5667ea9e_MicrosoftWindowsStateRepository4Operational.evtx,0x4000200000000001,0,"{""EventData"":{""Data"":{""@Name"":""Options"",""#text"":""0x0""}}}"
189,189,2026-02-06 22:39:21.4910966,271,Verbose,Microsoft-Windows-StateRepository,Microsoft-Windows-StateRepository/Operational,2396,3064,WIN-IGJLHARSET8,1,S-1-5-18,,,,,,,,,,,False,c:\temp\b0f5cb3c534e29b6ade44c0e5667ea9e_MicrosoftWindowsStateRepository4Operational.evtx,0x4000200000000001,0,"{""EventData"":{""Data"":{""@Name"":""Options"",""#text"":""0x0""}}}"
190,190,2026-02-06 22:39:21.5478033,271,Verbose,Microsoft-Windows-StateRepository,Microsoft-Windows-StateRepository/Operational,2396,3064,WIN-IGJLHARSET8,1,S-1-5-18,,,,,,,,,,,False,c:\temp\b0f5cb3c534e29b6ade44c0e5667ea9e_MicrosoftWindowsStateRepository4Operational.evtx,0x4000200000000001,0,"{""EventData"":{""Data"":{""@Name"":""Options"",""#text"":""0x0""}}}"
191,191,2026-02-06 22:39:21.8860427,271,Verbose,Microsoft-Windows-StateRepository,Microsoft-Windows-StateRepository/Operational,2396,3064,WIN-IGJLHARSET8,1,S-1-5-18,,,,,,,,,,,False,c:\temp\b0f5cb3c534e29b6ade44c0e5667ea9e_MicrosoftWindowsStateRepository4Operational.evtx,0x4000200000000001,0,"{""EventData"":{""Data"":{""@Name"":""Options"",""#text"":""0x0""}}}"
192,192,2026-02-06 22:39:21.9901867,271,Verbose,Microsoft-Windows-StateRepository,Microsoft-Windows-StateRepository/Operational,2396,3064,WIN-IGJLHARSET8,1,S-1-5-18,,,,,,,,,,,False,c:\temp\b0f5cb3c534e29b6ade44c0e5667ea9e_MicrosoftWindowsStateRepository4Operational.evtx,0x4000200000000001,0,"{""EventData"":{""Data"":{""@Name"":""Options"",""#text"":""0x0""}}}"
193,193,2026-02-06 22:39:22.3171277,271,Verbose,Microsoft-Windows-StateRepository,Microsoft-Windows-StateRepository/Operational,2396,3868,WIN-IGJLHARSET8,1,S-1-5-18,,,,,,,,,,,False,c:\temp\b0f5cb3c534e29b6ade44c0e5667ea9e_MicrosoftWindowsStateRepository4Operational.evtx,0x4000200000000001,0,"{""EventData"":{""Data"":{""@Name"":""Options"",""#text"":""0x0""}}}"
194,194,2026-02-06 22:39:22.4126010,271,Verbose,Microsoft-Windows-StateRepository,Microsoft-Windows-StateRepository/Operational,2396,3064,WIN-IGJLHARSET8,1,S-1-5-18,,,,,,,,,,,False,c:\temp\b0f5cb3c534e29b6ade44c0e5667ea9e_MicrosoftWindowsStateRepository4Operational.evtx,0x4000200000000001,0,"{""EventData"":{""Data"":{""@Name"":""Options"",""#text"":""0x0""}}}"
195,195,2026-02-06 22:39:22.8435743,271,Verbose,Microsoft-Windows-StateRepository,Microsoft-Windows-StateRepository/Operational,2396,3868,WIN-IGJLHARSET8,1,S-1-5-18,,,,,,,,,,,False,c:\temp\b0f5cb3c534e29b6ade44c0e5667ea9e_MicrosoftWindowsStateRepository4Operational.evtx,0x4000200000000001,0,"{""EventData"":{""Data"":{""@Name"":""Options"",""#text"":""0x0""}}}"
196,196,2026-02-06 22:39:22.9882627,271,Verbose,Microsoft-Windows-StateRepository,Microsoft-Windows-StateRepository/Operational,2396,2840,WIN-IGJLHARSET8,1,S-1-5-18,,,,,,,,,,,False,c:\temp\b0f5cb3c534e29b6ade44c0e5667ea9e_MicrosoftWindowsStateRepository4Operational.evtx,0x4000200000000001,0,"{""EventData"":{""Data"":{""@Name"":""Options"",""#text"":""0x0""}}}"
197,197,2026-02-06 22:39:23.3813158,271,Verbose,Microsoft-Windows-StateRepository,Microsoft-Windows-StateRepository/Operational,2396,3064,WIN-IGJLHARSET8,1,S-1-5-18,,,,,,,,,,,False,c:\temp\b0f5cb3c534e29b6ade44c0e5667ea9e_MicrosoftWindowsStateRepository4Operational.evtx,0x4000200000000001,0,"{""EventData"":{""Data"":{""@Name"":""Options"",""#text"":""0x0""}}}"
198,198,2026-02-06 22:39:23.4248302,271,Verbose,Microsoft-Windows-StateRepository,Microsoft-Windows-StateRepository/Operational,2396,3064,WIN-IGJLHARSET8,1,S-1-5-18,,,,,,,,,,,False,c:\temp\b0f5cb3c534e29b6ade44c0e5667ea9e_MicrosoftWindowsStateRepository4Operational.evtx,0x4000200000000001,0,"{""EventData"":{""Data"":{""@Name"":""Options"",""#text"":""0x0""}}}"
199,199,2026-02-06 22:39:23.8650928,271,Verbose,Microsoft-Windows-StateRepository,Microsoft-Windows-StateRepository/Operational,2396,3064,WIN-IGJLHARSET8,1,S-1-5-18,,,,,,,,,,,False,c:\temp\b0f5cb3c534e29b6ade44c0e5667ea9e_MicrosoftWindowsStateRepository4Operational.evtx,0x4000200000000001,0,"{""EventData"":{""Data"":{""@Name"":""Options"",""#text"":""0x0""}}}"
200,200,2026-02-06 22:39:23.9833601,271,Verbose,Microsoft-Windows-StateRepository,Microsoft-Windows-StateRepository/Operational,2396,3064,WIN-IGJLHARSET8,1,S-1-5-18,,,,,,,,,,,False,c:\temp\b0f5cb3c534e29b6ade44c0e5667ea9e_MicrosoftWindowsStateRepository4Operational.evtx,0x4000200000000001,0,"{""EventData"":{""Data"":{""@Name"":""Options"",""#text"":""0x0""}}}"
201,201,2026-02-06 22:39:24.7143234,271,Verbose,Microsoft-Windows-StateRepository,Microsoft-Windows-StateRepository/Operational,2396,3064,WIN-IGJLHARSET8,1,S-1-5-18,,,,,,,,,,,False,c:\temp\b0f5cb3c534e29b6ade44c0e5667ea9e_MicrosoftWindowsStateRepository4Operational.evtx,0x4000200000000001,0,"{""EventData"":{""Data"":{""@Name"":""Options"",""#text"":""0x0""}}}"
202,202,2026-02-06 22:39:24.8063359,271,Verbose,Microsoft-Windows-StateRepository,Microsoft-Windows-StateRepository/Operational,2396,3064,WIN-IGJLHARSET8,1,S-1-5-18,,,,,,,,,,,False,c:\temp\b0f5cb3c534e29b6ade44c0e5667ea9e_MicrosoftWindowsStateRepository4Operational.evtx,0x4000200000000001,0,"{""EventData"":{""Data"":{""@Name"":""Options"",""#text"":""0x0""}}}"
203,203,2026-02-06 22:39:25.6237910,271,Verbose,Microsoft-Windows-StateRepository,Microsoft-Windows-StateRepository/Operational,2396,3064,WIN-IGJLHARSET8,1,S-1-5-18,,,,,,,,,,,False,c:\temp\b0f5cb3c534e29b6ade44c0e5667ea9e_MicrosoftWindowsStateRepository4Operational.evtx,0x4000200000000001,0,"{""EventData"":{""Data"":{""@Name"":""Options"",""#text"":""0x0""}}}"
204,204,2026-02-06 22:39:25.7602472,271,Verbose,Microsoft-Windows-StateRepository,Microsoft-Windows-StateRepository/Operational,2396,3064,WIN-IGJLHARSET8,1,S-1-5-18,,,,,,,,,,,False,c:\temp\b0f5cb3c534e29b6ade44c0e5667ea9e_MicrosoftWindowsStateRepository4Operational.evtx,0x4000200000000001,0,"{""EventData"":{""Data"":{""@Name"":""Options"",""#text"":""0x0""}}}"
205,205,2026-02-06 22:39:33.2461004,271,Verbose,Microsoft-Windows-StateRepository,Microsoft-Windows-StateRepository/Operational,2396,3868,WIN-IGJLHARSET8,1,S-1-5-18,,,,,,,,,,,False,c:\temp\b0f5cb3c534e29b6ade44c0e5667ea9e_MicrosoftWindowsStateRepository4Operational.evtx,0x4000200000000001,0,"{""EventData"":{""Data"":{""@Name"":""Options"",""#text"":""0x0""}}}"
206,206,2026-02-06 22:39:33.4047706,271,Verbose,Microsoft-Windows-StateRepository,Microsoft-Windows-StateRepository/Operational,2396,3868,WIN-IGJLHARSET8,1,S-1-5-18,,,,,,,,,,,False,c:\temp\b0f5cb3c534e29b6ade44c0e5667ea9e_MicrosoftWindowsStateRepository4Operational.evtx,0x4000200000000001,0,"{""EventData"":{""Data"":{""@Name"":""Options"",""#text"":""0x0""}}}"
207,207,2026-02-06 22:39:34.0552609,271,Verbose,Microsoft-Windows-StateRepository,Microsoft-Windows-StateRepository/Operational,2396,3868,WIN-IGJLHARSET8,1,S-1-5-18,,,,,,,,,,,False,c:\temp\b0f5cb3c534e29b6ade44c0e5667ea9e_MicrosoftWindowsStateRepository4Operational.evtx,0x4000200000000001,0,"{""EventData"":{""Data"":{""@Name"":""Options"",""#text"":""0x0""}}}"
208,208,2026-02-06 22:39:34.1891833,271,Verbose,Microsoft-Windows-StateRepository,Microsoft-Windows-StateRepository/Operational,2396,3868,WIN-IGJLHARSET8,1,S-1-5-18,,,,,,,,,,,False,c:\temp\b0f5cb3c534e29b6ade44c0e5667ea9e_MicrosoftWindowsStateRepository4Operational.evtx,0x4000200000000001,0,"{""EventData"":{""Data"":{""@Name"":""Options"",""#text"":""0x0""}}}"
209,209,2026-02-06 22:39:34.5230287,271,Verbose,Microsoft-Windows-StateRepository,Microsoft-Windows-StateRepository/Operational,2396,2840,WIN-IGJLHARSET8,1,S-1-5-18,,,,,,,,,,,False,c:\temp\b0f5cb3c534e29b6ade44c0e5667ea9e_MicrosoftWindowsStateRepository4Operational.evtx,0x4000200000000001,0,"{""EventData"":{""Data"":{""@Name"":""Options"",""#text"":""0x0""}}}"
210,210,2026-02-06 22:39:34.6276167,271,Verbose,Microsoft-Windows-StateRepository,Microsoft-Windows-StateRepository/Operational,2396,2840,WIN-IGJLHARSET8,1,S-1-5-18,,,,,,,,,,,False,c:\temp\b0f5cb3c534e29b6ade44c0e5667ea9e_MicrosoftWindowsStateRepository4Operational.evtx,0x4000200000000001,0,"{""EventData"":{""Data"":{""@Name"":""Options"",""#text"":""0x0""}}}"
211,211,2026-02-06 22:39:36.1694195,271,Verbose,Microsoft-Windows-StateRepository,Microsoft-Windows-StateRepository/Operational,2396,3868,WIN-IGJLHARSET8,1,S-1-5-18,,,,,,,,,,,False,c:\temp\b0f5cb3c534e29b6ade44c0e5667ea9e_MicrosoftWindowsStateRepository4Operational.evtx,0x4000200000000001,0,"{""EventData"":{""Data"":{""@Name"":""Options"",""#text"":""0x0""}}}"
212,212,2026-02-06 22:39:36.3917048,271,Verbose,Microsoft-Windows-StateRepository,Microsoft-Windows-StateRepository/Operational,2396,3868,WIN-IGJLHARSET8,1,S-1-5-18,,,,,,,,,,,False,c:\temp\b0f5cb3c534e29b6ade44c0e5667ea9e_MicrosoftWindowsStateRepository4Operational.evtx,0x4000200000000001,0,"{""EventData"":{""Data"":{""@Name"":""Options"",""#text"":""0x0""}}}"
213,213,2026-02-06 22:39:38.8075206,271,Verbose,Microsoft-Windows-StateRepository,Microsoft-Windows-StateRepository/Operational,2396,2840,WIN-IGJLHARSET8,1,S-1-5-18,,,,,,,,,,,False,c:\temp\b0f5cb3c534e29b6ade44c0e5667ea9e_MicrosoftWindowsStateRepository4Operational.evtx,0x4000200000000001,0,"{""EventData"":{""Data"":{""@Name"":""Options"",""#text"":""0x0""}}}"
214,214,2026-02-06 22:39:38.9277729,271,Verbose,Microsoft-Windows-StateRepository,Microsoft-Windows-StateRepository/Operational,2396,2840,WIN-IGJLHARSET8,1,S-1-5-18,,,,,,,,,,,False,c:\temp\b0f5cb3c534e29b6ade44c0e5667ea9e_MicrosoftWindowsStateRepository4Operational.evtx,0x4000200000000001,0,"{""EventData"":{""Data"":{""@Name"":""Options"",""#text"":""0x0""}}}"
215,215,2026-02-06 22:39:41.1811589,271,Verbose,Microsoft-Windows-StateRepository,Microsoft-Windows-StateRepository/Operational,2396,3868,WIN-IGJLHARSET8,1,S-1-5-18,,,,,,,,,,,False,c:\temp\b0f5cb3c534e29b6ade44c0e5667ea9e_MicrosoftWindowsStateRepository4Operational.evtx,0x4000200000000001,0,"{""EventData"":{""Data"":{""@Name"":""Options"",""#text"":""0x0""}}}"
216,216,2026-02-06 22:39:41.3449572,271,Verbose,Microsoft-Windows-StateRepository,Microsoft-Windows-StateRepository/Operational,2396,3868,WIN-IGJLHARSET8,1,S-1-5-18,,,,,,,,,,,False,c:\temp\b0f5cb3c534e29b6ade44c0e5667ea9e_MicrosoftWindowsStateRepository4Operational.evtx,0x4000200000000001,0,"{""EventData"":{""Data"":{""@Name"":""Options"",""#text"":""0x0""}}}"
217,217,2026-02-06 22:39:56.5496277,242,Verbose,Microsoft-Windows-StateRepository,Microsoft-Windows-StateRepository/Operational,2396,3064,WIN-IGJLHARSET8,1,S-1-5-18,,,,,,,,,,,False,c:\temp\b0f5cb3c534e29b6ade44c0e5667ea9e_MicrosoftWindowsStateRepository4Operational.evtx,0x4000000000000001,0,"{""EventData"":{""Data"":[{""@Name"":""TimeoutMSec"",""#text"":""5000""},{""@Name"":""ElapsedTimeMSec"",""#text"":""0""}]}}"
218,218,2026-02-06 22:39:56.5496298,243,Verbose,Microsoft-Windows-StateRepository,Microsoft-Windows-StateRepository/Operational,2396,3064,WIN-IGJLHARSET8,1,S-1-5-18,,,,,,,,,,,False,c:\temp\b0f5cb3c534e29b6ade44c0e5667ea9e_MicrosoftWindowsStateRepository4Operational.evtx,0x4000000000000001,0,"{""EventData"":{""Data"":[{""@Name"":""TimeoutMSec"",""#text"":""5000""},{""@Name"":""ElapsedTimeMSec"",""#text"":""0""}]}}"
219,219,2026-02-06 22:40:18.3744501,223,Info,Microsoft-Windows-StateRepository,Microsoft-Windows-StateRepository/Operational,2344,2364,WIN-IGJLHARSET8,1,S-1-5-18,,,,,,,,,,,False,c:\temp\b0f5cb3c534e29b6ade44c0e5667ea9e_MicrosoftWindowsStateRepository4Operational.evtx,0x4000000000000001,0,"{""EventData"":{""Data"":[{""@Name"":""Partition"",""#text"":""1""},{""@Name"":""SchemaVersion"",""#text"":""29696""},{""@Name"":""Filename"",""#text"":""C:\\ProgramData\\Microsoft\\Windows\\AppRepository\\StateRepository-Machine.srd""}]}}"
220,220,2026-02-06 22:40:18.4149694,223,Info,Microsoft-Windows-StateRepository,Microsoft-Windows-StateRepository/Operational,2344,2364,WIN-IGJLHARSET8,1,S-1-5-18,,,,,,,,,,,False,c:\temp\b0f5cb3c534e29b6ade44c0e5667ea9e_MicrosoftWindowsStateRepository4Operational.evtx,0x4000000000000001,0,"{""EventData"":{""Data"":[{""@Name"":""Partition"",""#text"":""2""},{""@Name"":""SchemaVersion"",""#text"":""29696""},{""@Name"":""Filename"",""#text"":""C:\\ProgramData\\Microsoft\\Windows\\AppRepository\\StateRepository-Deployment.srd""}]}}"
221,221,2026-02-06 22:40:18.4902212,284,Verbose,Microsoft-Windows-StateRepository,Microsoft-Windows-StateRepository/Operational,2344,2364,WIN-IGJLHARSET8,1,S-1-5-18,,,,,,,,,,,False,c:\temp\b0f5cb3c534e29b6ade44c0e5667ea9e_MicrosoftWindowsStateRepository4Operational.evtx,0x4000000000000001,0,"{""EventData"":{""Data"":[{""@Name"":""Partition"",""#text"":""2""},{""@Name"":""ProcessId"",""#text"":""2344""},{""@Name"":""Scope"",""#text"":""AppInstaller""}]}}"
222,222,2026-02-06 22:40:18.5369209,284,Verbose,Microsoft-Windows-StateRepository,Microsoft-Windows-StateRepository/Operational,2344,2364,WIN-IGJLHARSET8,1,S-1-5-18,,,,,,,,,,,False,c:\temp\b0f5cb3c534e29b6ade44c0e5667ea9e_MicrosoftWindowsStateRepository4Operational.evtx,0x4000000000000001,0,"{""EventData"":{""Data"":[{""@Name"":""Partition"",""#text"":""2""},{""@Name"":""ProcessId"",""#text"":""2344""},{""@Name"":""Scope"",""#text"":""AppInstallerUri""}]}}"
223,223,2026-02-06 22:40:18.5501764,284,Verbose,Microsoft-Windows-StateRepository,Microsoft-Windows-StateRepository/Operational,2344,2364,WIN-IGJLHARSET8,1,S-1-5-18,,,,,,,,,,,False,c:\temp\b0f5cb3c534e29b6ade44c0e5667ea9e_MicrosoftWindowsStateRepository4Operational.evtx,0x4000000000000001,0,"{""EventData"":{""Data"":[{""@Name"":""Partition"",""#text"":""2""},{""@Name"":""ProcessId"",""#text"":""2344""},{""@Name"":""Scope"",""#text"":""AppxManifest""}]}}"
224,224,2026-02-06 22:40:18.5632655,284,Verbose,Microsoft-Windows-StateRepository,Microsoft-Windows-StateRepository/Operational,2344,2364,WIN-IGJLHARSET8,1,S-1-5-18,,,,,,,,,,,False,c:\temp\b0f5cb3c534e29b6ade44c0e5667ea9e_MicrosoftWindowsStateRepository4Operational.evtx,0x4000000000000001,0,"{""EventData"":{""Data"":[{""@Name"":""Partition"",""#text"":""2""},{""@Name"":""ProcessId"",""#text"":""2344""},{""@Name"":""Scope"",""#text"":""AutoUpdatePackage""}]}}"
225,225,2026-02-06 22:40:18.5736760,284,Verbose,Microsoft-Windows-StateRepository,Microsoft-Windows-StateRepository/Operational,2344,2364,WIN-IGJLHARSET8,1,S-1-5-18,,,,,,,,,,,False,c:\temp\b0f5cb3c534e29b6ade44c0e5667ea9e_MicrosoftWindowsStateRepository4Operational.evtx,0x4000000000000001,0,"{""EventData"":{""Data"":[{""@Name"":""Partition"",""#text"":""2""},{""@Name"":""ProcessId"",""#text"":""2344""},{""@Name"":""Scope"",""#text"":""ContentGroup""}]}}"
226,226,2026-02-06 22:40:18.5783029,284,Verbose,Microsoft-Windows-StateRepository,Microsoft-Windows-StateRepository/Operational,2344,2364,WIN-IGJLHARSET8,1,S-1-5-18,,,,,,,,,,,False,c:\temp\b0f5cb3c534e29b6ade44c0e5667ea9e_MicrosoftWindowsStateRepository4Operational.evtx,0x4000000000000001,0,"{""EventData"":{""Data"":[{""@Name"":""Partition"",""#text"":""2""},{""@Name"":""ProcessId"",""#text"":""2344""},{""@Name"":""Scope"",""#text"":""ContentGroupFile""}]}}"
227,227,2026-02-06 22:40:18.6338960,284,Verbose,Microsoft-Windows-StateRepository,Microsoft-Windows-StateRepository/Operational,2344,2364,WIN-IGJLHARSET8,1,S-1-5-18,,,,,,,,,,,False,c:\temp\b0f5cb3c534e29b6ade44c0e5667ea9e_MicrosoftWindowsStateRepository4Operational.evtx,0x4000000000000001,0,"{""EventData"":{""Data"":[{""@Name"":""Partition"",""#text"":""2""},{""@Name"":""ProcessId"",""#text"":""2344""},{""@Name"":""Scope"",""#text"":""File""}]}}"
228,228,2026-02-06 22:40:18.6403155,284,Verbose,Microsoft-Windows-StateRepository,Microsoft-Windows-StateRepository/Operational,2344,2364,WIN-IGJLHARSET8,1,S-1-5-18,,,,,,,,,,,False,c:\temp\b0f5cb3c534e29b6ade44c0e5667ea9e_MicrosoftWindowsStateRepository4Operational.evtx,0x4000000000000001,0,"{""EventData"":{""Data"":[{""@Name"":""Partition"",""#text"":""2""},{""@Name"":""ProcessId"",""#text"":""2344""},{""@Name"":""Scope"",""#text"":""PackageAppInstaller""}]}}"
229,229,2026-02-06 22:40:18.6463856,284,Verbose,Microsoft-Windows-StateRepository,Microsoft-Windows-StateRepository/Operational,2344,2364,WIN-IGJLHARSET8,1,S-1-5-18,,,,,,,,,,,False,c:\temp\b0f5cb3c534e29b6ade44c0e5667ea9e_MicrosoftWindowsStateRepository4Operational.evtx,0x4000000000000001,0,"{""EventData"":{""Data"":[{""@Name"":""Partition"",""#text"":""2""},{""@Name"":""ProcessId"",""#text"":""2344""},{""@Name"":""Scope"",""#text"":""PackageSourceUri""}]}}"
230,230,2026-02-06 22:40:18.6464145,284,Verbose,Microsoft-Windows-StateRepository,Microsoft-Windows-StateRepository/Operational,2344,2364,WIN-IGJLHARSET8,1,S-1-5-18,,,,,,,,,,,False,c:\temp\b0f5cb3c534e29b6ade44c0e5667ea9e_MicrosoftWindowsStateRepository4Operational.evtx,0x4000000000000001,0,"{""EventData"":{""Data"":[{""@Name"":""Partition"",""#text"":""2""},{""@Name"":""ProcessId"",""#text"":""2344""},{""@Name"":""Scope"",""#text"":""NULL""}]}}"
231,231,2026-02-06 22:40:19.2511897,245,Verbose,Microsoft-Windows-StateRepository,Microsoft-Windows-StateRepository/Operational,2344,2364,WIN-IGJLHARSET8,1,S-1-5-18,,,,,,,,,,,False,c:\temp\b0f5cb3c534e29b6ade44c0e5667ea9e_MicrosoftWindowsStateRepository4Operational.evtx,0x4000000000000001,0,"{""EventData"":{""Data"":[{""@Name"":""ErrorCode"",""#text"":""0x0""},{""@Name"":""MachineSize_Before"",""#text"":""2097152""},{""@Name"":""MachineJournalSize_Before"",""#text"":""0""},{""@Name"":""DeploymentSize_Before"",""#text"":""1048576""},{""@Name"":""DeploymentJournalSize_Before"",""#text"":""0""},{""@Name"":""MachineSize_After"",""#text"":""2097152""},{""@Name"":""MachineJournalSize_After"",""#text"":""0""},{""@Name"":""DeploymentSize_After"",""#text"":""1048576""},{""@Name"":""DeploymentJournalSize_After"",""#text"":""262144""},{""@Name"":""MaintenancePerformed"",""#text"":""0xD3""}]}}"
232,232,2026-02-06 22:40:19.8563343,269,Verbose,Microsoft-Windows-StateRepository,Microsoft-Windows-StateRepository/Operational,2344,2364,WIN-IGJLHARSET8,1,S-1-5-18,,,,,,,,,,,False,c:\temp\b0f5cb3c534e29b6ade44c0e5667ea9e_MicrosoftWindowsStateRepository4Operational.evtx,0x4000200000000001,0,"{""EventData"":{""Data"":{""@Name"":""Options"",""#text"":""0x0""}}}"
233,233,2026-02-06 22:40:20.7653673,216,Info,Microsoft-Windows-StateRepository,Microsoft-Windows-StateRepository/Operational,2344,2364,WIN-IGJLHARSET8,1,S-1-5-18,,,,,,,,,,,False,c:\temp\b0f5cb3c534e29b6ade44c0e5667ea9e_MicrosoftWindowsStateRepository4Operational.evtx,0x4000000000000001,0,"{""EventData"":{""Data"":{""@Name"":""ProcessId"",""#text"":""2344""}}}"
234,234,2026-02-06 22:40:21.5225399,231,Verbose,Microsoft-Windows-StateRepository,Microsoft-Windows-StateRepository/Operational,2344,2360,WIN-IGJLHARSET8,1,S-1-5-18,,,,,,,,,,,False,c:\temp\b0f5cb3c534e29b6ade44c0e5667ea9e_MicrosoftWindowsStateRepository4Operational.evtx,0x4000000000000001,0,"{""EventData"":{""Data"":{""@Name"":""Options"",""#text"":""0x1""}}}"
235,235,2026-02-06 22:40:40.9213113,271,Verbose,Microsoft-Windows-StateRepository,Microsoft-Windows-StateRepository/Operational,2344,3352,WIN-IGJLHARSET8,1,S-1-5-18,,,,,,,,,,,False,c:\temp\b0f5cb3c534e29b6ade44c0e5667ea9e_MicrosoftWindowsStateRepository4Operational.evtx,0x4000200000000001,0,"{""EventData"":{""Data"":{""@Name"":""Options"",""#text"":""0x0""}}}"
236,236,2026-02-06 22:40:58.1406859,271,Verbose,Microsoft-Windows-StateRepository,Microsoft-Windows-StateRepository/Operational,2344,3244,WIN-IGJLHARSET8,1,S-1-5-18,,,,,,,,,,,False,c:\temp\b0f5cb3c534e29b6ade44c0e5667ea9e_MicrosoftWindowsStateRepository4Operational.evtx,0x4000200000000001,0,"{""EventData"":{""Data"":{""@Name"":""Options"",""#text"":""0x0""}}}"
237,237,2026-02-06 22:40:58.2233074,221,Verbose,Microsoft-Windows-StateRepository,Microsoft-Windows-StateRepository/Operational,3256,4336,WIN-IGJLHARSET8,1,S-1-5-21-2536040012-3163820203-994092140-500,,,,,,,,,,,False,c:\temp\b0f5cb3c534e29b6ade44c0e5667ea9e_MicrosoftWindowsStateRepository4Operational.evtx,0x4000000000000001,0,"{""EventData"":{""Data"":[{""@Name"":""Partition"",""#text"":""1""},{""@Name"":""ProcessId"",""#text"":""3256""},{""@Name"":""Scope"",""#text"":""(database)""}]}}"
238,238,2026-02-06 22:40:58.2423627,221,Verbose,Microsoft-Windows-StateRepository,Microsoft-Windows-StateRepository/Operational,3256,4336,WIN-IGJLHARSET8,1,S-1-5-21-2536040012-3163820203-994092140-500,,,,,,,,,,,False,c:\temp\b0f5cb3c534e29b6ade44c0e5667ea9e_MicrosoftWindowsStateRepository4Operational.evtx,0x4000000000000001,0,"{""EventData"":{""Data"":[{""@Name"":""Partition"",""#text"":""2""},{""@Name"":""ProcessId"",""#text"":""3256""},{""@Name"":""Scope"",""#text"":""(database)""}]}}"
239,239,2026-02-06 22:40:58.3084999,271,Verbose,Microsoft-Windows-StateRepository,Microsoft-Windows-StateRepository/Operational,2344,4484,WIN-IGJLHARSET8,1,S-1-5-18,,,,,,,,,,,False,c:\temp\b0f5cb3c534e29b6ade44c0e5667ea9e_MicrosoftWindowsStateRepository4Operational.evtx,0x4000200000000001,0,"{""EventData"":{""Data"":{""@Name"":""Options"",""#text"":""0x0""}}}"
240,240,2026-02-06 22:40:58.8859104,271,Verbose,Microsoft-Windows-StateRepository,Microsoft-Windows-StateRepository/Operational,2344,3352,WIN-IGJLHARSET8,1,S-1-5-18,,,,,,,,,,,False,c:\temp\b0f5cb3c534e29b6ade44c0e5667ea9e_MicrosoftWindowsStateRepository4Operational.evtx,0x4000200000000001,0,"{""EventData"":{""Data"":{""@Name"":""Options"",""#text"":""0x0""}}}"
241,241,2026-02-06 22:41:02.7312830,271,Verbose,Microsoft-Windows-StateRepository,Microsoft-Windows-StateRepository/Operational,2344,3244,WIN-IGJLHARSET8,1,S-1-5-18,,,,,,,,,,,False,c:\temp\b0f5cb3c534e29b6ade44c0e5667ea9e_MicrosoftWindowsStateRepository4Operational.evtx,0x4000200000000001,0,"{""EventData"":{""Data"":{""@Name"":""Options"",""#text"":""0x0""}}}"
242,242,2026-02-06 22:41:06.1419472,271,Verbose,Microsoft-Windows-StateRepository,Microsoft-Windows-StateRepository/Operational,2344,3352,WIN-IGJLHARSET8,1,S-1-5-18,,,,,,,,,,,False,c:\temp\b0f5cb3c534e29b6ade44c0e5667ea9e_MicrosoftWindowsStateRepository4Operational.evtx,0x4000200000000001,0,"{""EventData"":{""Data"":{""@Name"":""Options"",""#text"":""0x0""}}}"
243,243,2026-02-06 22:41:06.1693814,271,Verbose,Microsoft-Windows-StateRepository,Microsoft-Windows-StateRepository/Operational,2344,3352,WIN-IGJLHARSET8,1,S-1-5-18,,,,,,,,,,,False,c:\temp\b0f5cb3c534e29b6ade44c0e5667ea9e_MicrosoftWindowsStateRepository4Operational.evtx,0x4000200000000001,0,"{""EventData"":{""Data"":{""@Name"":""Options"",""#text"":""0x0""}}}"
244,244,2026-02-06 22:41:06.1884344,271,Verbose,Microsoft-Windows-StateRepository,Microsoft-Windows-StateRepository/Operational,2344,3352,WIN-IGJLHARSET8,1,S-1-5-18,,,,,,,,,,,False,c:\temp\b0f5cb3c534e29b6ade44c0e5667ea9e_MicrosoftWindowsStateRepository4Operational.evtx,0x4000200000000001,0,"{""EventData"":{""Data"":{""@Name"":""Options"",""#text"":""0x0""}}}"
245,245,2026-02-06 22:41:06.5499683,271,Verbose,Microsoft-Windows-StateRepository,Microsoft-Windows-StateRepository/Operational,2344,3244,WIN-IGJLHARSET8,1,S-1-5-18,,,,,,,,,,,False,c:\temp\b0f5cb3c534e29b6ade44c0e5667ea9e_MicrosoftWindowsStateRepository4Operational.evtx,0x4000200000000001,0,"{""EventData"":{""Data"":{""@Name"":""Options"",""#text"":""0x0""}}}"
246,246,2026-02-06 22:43:01.4801090,271,Verbose,Microsoft-Windows-StateRepository,Microsoft-Windows-StateRepository/Operational,2344,3352,WIN-IGJLHARSET8,1,S-1-5-18,,,,,,,,,,,False,c:\temp\b0f5cb3c534e29b6ade44c0e5667ea9e_MicrosoftWindowsStateRepository4Operational.evtx,0x4000200000000001,0,"{""EventData"":{""Data"":{""@Name"":""Options"",""#text"":""0x0""}}}"
247,247,2026-02-06 22:43:07.4343190,271,Verbose,Microsoft-Windows-StateRepository,Microsoft-Windows-StateRepository/Operational,2344,3352,WIN-IGJLHARSET8,1,S-1-5-18,,,,,,,,,,,False,c:\temp\b0f5cb3c534e29b6ade44c0e5667ea9e_MicrosoftWindowsStateRepository4Operational.evtx,0x4000200000000001,0,"{""EventData"":{""Data"":{""@Name"":""Options"",""#text"":""0x0""}}}"
248,248,2026-02-06 22:46:07.9324551,221,Verbose,Microsoft-Windows-StateRepository,Microsoft-Windows-StateRepository/Operational,3256,4420,WIN-IGJLHARSET8,1,S-1-5-21-2536040012-3163820203-994092140-500,,,,,,,,,,,False,c:\temp\b0f5cb3c534e29b6ade44c0e5667ea9e_MicrosoftWindowsStateRepository4Operational.evtx,0x4000000000000001,0,"{""EventData"":{""Data"":[{""@Name"":""Partition"",""#text"":""1""},{""@Name"":""ProcessId"",""#text"":""3256""},{""@Name"":""Scope"",""#text"":""(database)""}]}}"
249,249,2026-02-06 22:46:07.9793523,221,Verbose,Microsoft-Windows-StateRepository,Microsoft-Windows-StateRepository/Operational,3256,4420,WIN-IGJLHARSET8,1,S-1-5-21-2536040012-3163820203-994092140-500,,,,,,,,,,,False,c:\temp\b0f5cb3c534e29b6ade44c0e5667ea9e_MicrosoftWindowsStateRepository4Operational.evtx,0x4000000000000001,0,"{""EventData"":{""Data"":[{""@Name"":""Partition"",""#text"":""2""},{""@Name"":""ProcessId"",""#text"":""3256""},{""@Name"":""Scope"",""#text"":""(database)""}]}}"
250,250,2026-02-06 22:46:08.0268397,271,Verbose,Microsoft-Windows-StateRepository,Microsoft-Windows-StateRepository/Operational,2344,2860,WIN-IGJLHARSET8,1,S-1-5-18,,,,,,,,,,,False,c:\temp\b0f5cb3c534e29b6ade44c0e5667ea9e_MicrosoftWindowsStateRepository4Operational.evtx,0x4000200000000001,0,"{""EventData"":{""Data"":{""@Name"":""Options"",""#text"":""0x0""}}}"
251,251,2026-02-06 22:46:14.2804764,271,Verbose,Microsoft-Windows-StateRepository,Microsoft-Windows-StateRepository/Operational,2344,2860,WIN-IGJLHARSET8,1,S-1-5-18,,,,,,,,,,,False,c:\temp\b0f5cb3c534e29b6ade44c0e5667ea9e_MicrosoftWindowsStateRepository4Operational.evtx,0x4000200000000001,0,"{""EventData"":{""Data"":{""@Name"":""Options"",""#text"":""0x0""}}}"
252,252,2026-02-06 22:46:15.5561702,271,Verbose,Microsoft-Windows-StateRepository,Microsoft-Windows-StateRepository/Operational,2344,2860,WIN-IGJLHARSET8,1,S-1-5-18,,,,,,,,,,,False,c:\temp\b0f5cb3c534e29b6ade44c0e5667ea9e_MicrosoftWindowsStateRepository4Operational.evtx,0x4000200000000001,0,"{""EventData"":{""Data"":{""@Name"":""Options"",""#text"":""0x0""}}}"
253,253,2026-02-06 22:46:33.2234795,271,Verbose,Microsoft-Windows-StateRepository,Microsoft-Windows-StateRepository/Operational,2344,5524,WIN-IGJLHARSET8,1,S-1-5-18,,,,,,,,,,,False,c:\temp\b0f5cb3c534e29b6ade44c0e5667ea9e_MicrosoftWindowsStateRepository4Operational.evtx,0x4000200000000001,0,"{""EventData"":{""Data"":{""@Name"":""Options"",""#text"":""0x0""}}}"
254,254,2026-02-06 22:48:06.9451658,271,Verbose,Microsoft-Windows-StateRepository,Microsoft-Windows-StateRepository/Operational,2344,2860,WIN-IGJLHARSET8,1,S-1-5-18,,,,,,,,,,,False,c:\temp\b0f5cb3c534e29b6ade44c0e5667ea9e_MicrosoftWindowsStateRepository4Operational.evtx,0x4000200000000001,0,"{""EventData"":{""Data"":{""@Name"":""Options"",""#text"":""0x0""}}}"
255,255,2026-02-06 22:48:12.7476711,271,Verbose,Microsoft-Windows-StateRepository,Microsoft-Windows-StateRepository/Operational,2344,2860,WIN-IGJLHARSET8,1,S-1-5-18,,,,,,,,,,,False,c:\temp\b0f5cb3c534e29b6ade44c0e5667ea9e_MicrosoftWindowsStateRepository4Operational.evtx,0x4000200000000001,0,"{""EventData"":{""Data"":{""@Name"":""Options"",""#text"":""0x0""}}}"
256,256,2026-02-06 22:52:19.7027036,221,Verbose,Microsoft-Windows-StateRepository,Microsoft-Windows-StateRepository/Operational,3256,4336,WIN-IGJLHARSET8,1,S-1-5-21-2536040012-3163820203-994092140-500,,,,,,,,,,,False,c:\temp\b0f5cb3c534e29b6ade44c0e5667ea9e_MicrosoftWindowsStateRepository4Operational.evtx,0x4000000000000001,0,"{""EventData"":{""Data"":[{""@Name"":""Partition"",""#text"":""1""},{""@Name"":""ProcessId"",""#text"":""3256""},{""@Name"":""Scope"",""#text"":""(database)""}]}}"
