858,858,2026-03-05 03:30:48.6923098,284,Verbose,Microsoft-Windows-StateRepository,Microsoft-Windows-StateRepository/Operational,2600,2776,vm-final-lab-wo,5,S-1-5-18,,,,,,,,,,,False,c:\temp\b0f5cb3c534e29b6ade44c0e5667ea9e_MicrosoftWindowsStateRepository4Operational.evtx,0x4000000000000001,0,"{""EventData"":{""Data"":[{""@Name"":""Partition"",""#text"":""2""},{""@Name"":""ProcessId"",""#text"":""2600""},{""@Name"":""Scope"",""#text"":""File""}]}}"
859,859,2026-03-05 03:30:48.6992767,284,Verbose,Microsoft-Windows-StateRepository,Microsoft-Windows-StateRepository/Operational,2600,2776,vm-final-lab-wo,5,S-1-5-18,,,,,,,,,,,False,c:\temp\b0f5cb3c534e29b6ade44c0e5667ea9e_MicrosoftWindowsStateRepository4Operational.evtx,0x4000000000000001,0,"{""EventData"":{""Data"":[{""@Name"":""Partition"",""#text"":""2""},{""@Name"":""ProcessId"",""#text"":""2600""},{""@Name"":""Scope"",""#text"":""PackageAppInstaller""}]}}"
860,860,2026-03-05 03:30:48.7081745,284,Verbose,Microsoft-Windows-StateRepository,Microsoft-Windows-StateRepository/Operational,2600,2776,vm-final-lab-wo,5,S-1-5-18,,,,,,,,,,,False,c:\temp\b0f5cb3c534e29b6ade44c0e5667ea9e_MicrosoftWindowsStateRepository4Operational.evtx,0x4000000000000001,0,"{""EventData"":{""Data"":[{""@Name"":""Partition"",""#text"":""2""},{""@Name"":""ProcessId"",""#text"":""2600""},{""@Name"":""Scope"",""#text"":""PackageSourceUri""}]}}"
861,861,2026-03-05 03:30:48.7081966,284,Verbose,Microsoft-Windows-StateRepository,Microsoft-Windows-StateRepository/Operational,2600,2776,vm-final-lab-wo,5,S-1-5-18,,,,,,,,,,,False,c:\temp\b0f5cb3c534e29b6ade44c0e5667ea9e_MicrosoftWindowsStateRepository4Operational.evtx,0x4000000000000001,0,"{""EventData"":{""Data"":[{""@Name"":""Partition"",""#text"":""2""},{""@Name"":""ProcessId"",""#text"":""2600""},{""@Name"":""Scope"",""#text"":""NULL""}]}}"
862,862,2026-03-05 03:30:49.1427804,265,Verbose,Microsoft-Windows-StateRepository,Microsoft-Windows-StateRepository/Operational,2600,2776,vm-final-lab-wo,5,S-1-5-18,,,,,,,,,,,False,c:\temp\b0f5cb3c534e29b6ade44c0e5667ea9e_MicrosoftWindowsStateRepository4Operational.evtx,0x4000200000000001,0,"{""EventData"":{""Data"":[{""@Name"":""ErrorCode"",""#text"":""0x0""},{""@Name"":""Options"",""#text"":""0x0""},{""@Name"":""MachineDatabase_Pages"",""#text"":""0""},{""@Name"":""MachineDatabase_PagesCheckpointed"",""#text"":""0""},{""@Name"":""DeploymentDatabase_Pages"",""#text"":""0""},{""@Name"":""DeploymentDatabase_PagesCheckpointed"",""#text"":""0""}]}}"
863,863,2026-03-05 03:30:52.9369658,245,Verbose,Microsoft-Windows-StateRepository,Microsoft-Windows-StateRepository/Operational,2600,2776,vm-final-lab-wo,5,S-1-5-18,,,,,,,,,,,False,c:\temp\b0f5cb3c534e29b6ade44c0e5667ea9e_MicrosoftWindowsStateRepository4Operational.evtx,0x4000000000000001,0,"{""EventData"":{""Data"":[{""@Name"":""ErrorCode"",""#text"":""0x0""},{""@Name"":""MachineSize_Before"",""#text"":""2097152""},{""@Name"":""MachineJournalSize_Before"",""#text"":""0""},{""@Name"":""DeploymentSize_Before"",""#text"":""1048576""},{""@Name"":""DeploymentJournalSize_Before"",""#text"":""0""},{""@Name"":""MachineSize_After"",""#text"":""2097152""},{""@Name"":""MachineJournalSize_After"",""#text"":""0""},{""@Name"":""DeploymentSize_After"",""#text"":""1048576""},{""@Name"":""DeploymentJournalSize_After"",""#text"":""0""},{""@Name"":""MaintenancePerformed"",""#text"":""0xD3""}]}}"
864,864,2026-03-05 03:30:54.8069324,269,Verbose,Microsoft-Windows-StateRepository,Microsoft-Windows-StateRepository/Operational,2600,2776,vm-final-lab-wo,5,S-1-5-18,,,,,,,,,,,False,c:\temp\b0f5cb3c534e29b6ade44c0e5667ea9e_MicrosoftWindowsStateRepository4Operational.evtx,0x4000200000000001,0,"{""EventData"":{""Data"":{""@Name"":""Options"",""#text"":""0x0""}}}"
865,865,2026-03-05 03:30:55.3700553,216,Info,Microsoft-Windows-StateRepository,Microsoft-Windows-StateRepository/Operational,2600,2776,vm-final-lab-wo,5,S-1-5-18,,,,,,,,,,,False,c:\temp\b0f5cb3c534e29b6ade44c0e5667ea9e_MicrosoftWindowsStateRepository4Operational.evtx,0x4000000000000001,0,"{""EventData"":{""Data"":{""@Name"":""ProcessId"",""#text"":""2600""}}}"
866,866,2026-03-05 03:30:56.1533301,231,Verbose,Microsoft-Windows-StateRepository,Microsoft-Windows-StateRepository/Operational,2600,4020,vm-final-lab-wo,5,S-1-5-18,,,,,,,,,,,False,c:\temp\b0f5cb3c534e29b6ade44c0e5667ea9e_MicrosoftWindowsStateRepository4Operational.evtx,0x4000000000000001,0,"{""EventData"":{""Data"":{""@Name"":""Options"",""#text"":""0x1""}}}"
867,867,2026-03-05 03:43:11.1432064,284,Verbose,Microsoft-Windows-StateRepository,Microsoft-Windows-StateRepository/Operational,2600,6596,vm-final-lab-wo,5,S-1-5-18,,,,,,,,,,,False,c:\temp\b0f5cb3c534e29b6ade44c0e5667ea9e_MicrosoftWindowsStateRepository4Operational.evtx,0x4000000000000001,0,"{""EventData"":{""Data"":[{""@Name"":""Partition"",""#text"":""1""},{""@Name"":""ProcessId"",""#text"":""2600""},{""@Name"":""Scope"",""#text"":""(database)""}]}}"
868,868,2026-03-05 03:43:11.1756368,284,Verbose,Microsoft-Windows-StateRepository,Microsoft-Windows-StateRepository/Operational,2600,6596,vm-final-lab-wo,5,S-1-5-18,,,,,,,,,,,False,c:\temp\b0f5cb3c534e29b6ade44c0e5667ea9e_MicrosoftWindowsStateRepository4Operational.evtx,0x4000000000000001,0,"{""EventData"":{""Data"":[{""@Name"":""Partition"",""#text"":""2""},{""@Name"":""ProcessId"",""#text"":""2600""},{""@Name"":""Scope"",""#text"":""(database)""}]}}"
869,869,2026-03-05 03:43:11.1964310,221,Verbose,Microsoft-Windows-StateRepository,Microsoft-Windows-StateRepository/Operational,2600,2592,vm-final-lab-wo,5,S-1-5-18,,,,,,,,,,,False,c:\temp\b0f5cb3c534e29b6ade44c0e5667ea9e_MicrosoftWindowsStateRepository4Operational.evtx,0x4000000000000001,0,"{""EventData"":{""Data"":[{""@Name"":""Partition"",""#text"":""1""},{""@Name"":""ProcessId"",""#text"":""2600""},{""@Name"":""Scope"",""#text"":""(database)""}]}}"
870,870,2026-03-05 03:43:11.2005128,221,Verbose,Microsoft-Windows-StateRepository,Microsoft-Windows-StateRepository/Operational,2600,2592,vm-final-lab-wo,5,S-1-5-18,,,,,,,,,,,False,c:\temp\b0f5cb3c534e29b6ade44c0e5667ea9e_MicrosoftWindowsStateRepository4Operational.evtx,0x4000000000000001,0,"{""EventData"":{""Data"":[{""@Name"":""Partition"",""#text"":""2""},{""@Name"":""ProcessId"",""#text"":""2600""},{""@Name"":""Scope"",""#text"":""(database)""}]}}"
871,871,2026-03-05 04:33:00.5961231,231,Verbose,Microsoft-Windows-StateRepository,Microsoft-Windows-StateRepository/Operational,2600,5684,vm-final-lab-wo,5,S-1-5-18,,,,,,,,,,,False,c:\temp\b0f5cb3c534e29b6ade44c0e5667ea9e_MicrosoftWindowsStateRepository4Operational.evtx,0x4000000000000001,0,"{""EventData"":{""Data"":{""@Name"":""Options"",""#text"":""0x1""}}}"
872,872,2026-03-05 05:32:22.2879899,242,Verbose,Microsoft-Windows-StateRepository,Microsoft-Windows-StateRepository/Operational,2600,6156,vm-final-lab-wo,5,S-1-5-18,,,,,,,,,,,False,c:\temp\b0f5cb3c534e29b6ade44c0e5667ea9e_MicrosoftWindowsStateRepository4Operational.evtx,0x4000000000000001,0,"{""EventData"":{""Data"":[{""@Name"":""TimeoutMSec"",""#text"":""5000""},{""@Name"":""ElapsedTimeMSec"",""#text"":""0""}]}}"
873,873,2026-03-05 05:32:22.2879913,243,Verbose,Microsoft-Windows-StateRepository,Microsoft-Windows-StateRepository/Operational,2600,6156,vm-final-lab-wo,5,S-1-5-18,,,,,,,,,,,False,c:\temp\b0f5cb3c534e29b6ade44c0e5667ea9e_MicrosoftWindowsStateRepository4Operational.evtx,0x4000000000000001,0,"{""EventData"":{""Data"":[{""@Name"":""TimeoutMSec"",""#text"":""5000""},{""@Name"":""ElapsedTimeMSec"",""#text"":""0""}]}}"
874,874,2026-03-05 06:33:45.1068501,223,Info,Microsoft-Windows-StateRepository,Microsoft-Windows-StateRepository/Operational,2612,2676,vm-final-lab-wo,5,S-1-5-18,,,,,,,,,,,False,c:\temp\b0f5cb3c534e29b6ade44c0e5667ea9e_MicrosoftWindowsStateRepository4Operational.evtx,0x4000000000000001,0,"{""EventData"":{""Data"":[{""@Name"":""Partition"",""#text"":""1""},{""@Name"":""SchemaVersion"",""#text"":""29696""},{""@Name"":""Filename"",""#text"":""C:\\ProgramData\\Microsoft\\Windows\\AppRepository\\StateRepository-Machine.srd""}]}}"
875,875,2026-03-05 06:33:45.1159323,223,Info,Microsoft-Windows-StateRepository,Microsoft-Windows-StateRepository/Operational,2612,2676,vm-final-lab-wo,5,S-1-5-18,,,,,,,,,,,False,c:\temp\b0f5cb3c534e29b6ade44c0e5667ea9e_MicrosoftWindowsStateRepository4Operational.evtx,0x4000000000000001,0,"{""EventData"":{""Data"":[{""@Name"":""Partition"",""#text"":""2""},{""@Name"":""SchemaVersion"",""#text"":""29696""},{""@Name"":""Filename"",""#text"":""C:\\ProgramData\\Microsoft\\Windows\\AppRepository\\StateRepository-Deployment.srd""}]}}"
876,876,2026-03-05 06:33:45.3395040,284,Verbose,Microsoft-Windows-StateRepository,Microsoft-Windows-StateRepository/Operational,2612,2676,vm-final-lab-wo,5,S-1-5-18,,,,,,,,,,,False,c:\temp\b0f5cb3c534e29b6ade44c0e5667ea9e_MicrosoftWindowsStateRepository4Operational.evtx,0x4000000000000001,0,"{""EventData"":{""Data"":[{""@Name"":""Partition"",""#text"":""2""},{""@Name"":""ProcessId"",""#text"":""2612""},{""@Name"":""Scope"",""#text"":""AppInstaller""}]}}"
877,877,2026-03-05 06:33:45.3439317,284,Verbose,Microsoft-Windows-StateRepository,Microsoft-Windows-StateRepository/Operational,2612,2676,vm-final-lab-wo,5,S-1-5-18,,,,,,,,,,,False,c:\temp\b0f5cb3c534e29b6ade44c0e5667ea9e_MicrosoftWindowsStateRepository4Operational.evtx,0x4000000000000001,0,"{""EventData"":{""Data"":[{""@Name"":""Partition"",""#text"":""2""},{""@Name"":""ProcessId"",""#text"":""2612""},{""@Name"":""Scope"",""#text"":""AppInstallerUri""}]}}"
878,878,2026-03-05 06:33:45.3486110,284,Verbose,Microsoft-Windows-StateRepository,Microsoft-Windows-StateRepository/Operational,2612,2676,vm-final-lab-wo,5,S-1-5-18,,,,,,,,,,,False,c:\temp\b0f5cb3c534e29b6ade44c0e5667ea9e_MicrosoftWindowsStateRepository4Operational.evtx,0x4000000000000001,0,"{""EventData"":{""Data"":[{""@Name"":""Partition"",""#text"":""2""},{""@Name"":""ProcessId"",""#text"":""2612""},{""@Name"":""Scope"",""#text"":""AppxManifest""}]}}"
879,879,2026-03-05 06:33:45.3535345,284,Verbose,Microsoft-Windows-StateRepository,Microsoft-Windows-StateRepository/Operational,2612,2676,vm-final-lab-wo,5,S-1-5-18,,,,,,,,,,,False,c:\temp\b0f5cb3c534e29b6ade44c0e5667ea9e_MicrosoftWindowsStateRepository4Operational.evtx,0x4000000000000001,0,"{""EventData"":{""Data"":[{""@Name"":""Partition"",""#text"":""2""},{""@Name"":""ProcessId"",""#text"":""2612""},{""@Name"":""Scope"",""#text"":""AutoUpdatePackage""}]}}"
880,880,2026-03-05 06:33:45.3598058,284,Verbose,Microsoft-Windows-StateRepository,Microsoft-Windows-StateRepository/Operational,2612,2676,vm-final-lab-wo,5,S-1-5-18,,,,,,,,,,,False,c:\temp\b0f5cb3c534e29b6ade44c0e5667ea9e_MicrosoftWindowsStateRepository4Operational.evtx,0x4000000000000001,0,"{""EventData"":{""Data"":[{""@Name"":""Partition"",""#text"":""2""},{""@Name"":""ProcessId"",""#text"":""2612""},{""@Name"":""Scope"",""#text"":""ContentGroup""}]}}"
881,881,2026-03-05 06:33:45.3651076,284,Verbose,Microsoft-Windows-StateRepository,Microsoft-Windows-StateRepository/Operational,2612,2676,vm-final-lab-wo,5,S-1-5-18,,,,,,,,,,,False,c:\temp\b0f5cb3c534e29b6ade44c0e5667ea9e_MicrosoftWindowsStateRepository4Operational.evtx,0x4000000000000001,0,"{""EventData"":{""Data"":[{""@Name"":""Partition"",""#text"":""2""},{""@Name"":""ProcessId"",""#text"":""2612""},{""@Name"":""Scope"",""#text"":""ContentGroupFile""}]}}"
882,882,2026-03-05 06:33:45.4736803,284,Verbose,Microsoft-Windows-StateRepository,Microsoft-Windows-StateRepository/Operational,2612,2676,vm-final-lab-wo,5,S-1-5-18,,,,,,,,,,,False,c:\temp\b0f5cb3c534e29b6ade44c0e5667ea9e_MicrosoftWindowsStateRepository4Operational.evtx,0x4000000000000001,0,"{""EventData"":{""Data"":[{""@Name"":""Partition"",""#text"":""2""},{""@Name"":""ProcessId"",""#text"":""2612""},{""@Name"":""Scope"",""#text"":""File""}]}}"
883,883,2026-03-05 06:33:45.4833760,284,Verbose,Microsoft-Windows-StateRepository,Microsoft-Windows-StateRepository/Operational,2612,2676,vm-final-lab-wo,5,S-1-5-18,,,,,,,,,,,False,c:\temp\b0f5cb3c534e29b6ade44c0e5667ea9e_MicrosoftWindowsStateRepository4Operational.evtx,0x4000000000000001,0,"{""EventData"":{""Data"":[{""@Name"":""Partition"",""#text"":""2""},{""@Name"":""ProcessId"",""#text"":""2612""},{""@Name"":""Scope"",""#text"":""PackageAppInstaller""}]}}"
884,884,2026-03-05 06:33:45.4908004,284,Verbose,Microsoft-Windows-StateRepository,Microsoft-Windows-StateRepository/Operational,2612,2676,vm-final-lab-wo,5,S-1-5-18,,,,,,,,,,,False,c:\temp\b0f5cb3c534e29b6ade44c0e5667ea9e_MicrosoftWindowsStateRepository4Operational.evtx,0x4000000000000001,0,"{""EventData"":{""Data"":[{""@Name"":""Partition"",""#text"":""2""},{""@Name"":""ProcessId"",""#text"":""2612""},{""@Name"":""Scope"",""#text"":""PackageSourceUri""}]}}"
885,885,2026-03-05 06:33:45.4908311,284,Verbose,Microsoft-Windows-StateRepository,Microsoft-Windows-StateRepository/Operational,2612,2676,vm-final-lab-wo,5,S-1-5-18,,,,,,,,,,,False,c:\temp\b0f5cb3c534e29b6ade44c0e5667ea9e_MicrosoftWindowsStateRepository4Operational.evtx,0x4000000000000001,0,"{""EventData"":{""Data"":[{""@Name"":""Partition"",""#text"":""2""},{""@Name"":""ProcessId"",""#text"":""2612""},{""@Name"":""Scope"",""#text"":""NULL""}]}}"
886,886,2026-03-05 06:33:45.7692002,245,Verbose,Microsoft-Windows-StateRepository,Microsoft-Windows-StateRepository/Operational,2612,2676,vm-final-lab-wo,5,S-1-5-18,,,,,,,,,,,False,c:\temp\b0f5cb3c534e29b6ade44c0e5667ea9e_MicrosoftWindowsStateRepository4Operational.evtx,0x4000000000000001,0,"{""EventData"":{""Data"":[{""@Name"":""ErrorCode"",""#text"":""0x0""},{""@Name"":""MachineSize_Before"",""#text"":""2097152""},{""@Name"":""MachineJournalSize_Before"",""#text"":""0""},{""@Name"":""DeploymentSize_Before"",""#text"":""1048576""},{""@Name"":""DeploymentJournalSize_Before"",""#text"":""0""},{""@Name"":""MachineSize_After"",""#text"":""2097152""},{""@Name"":""MachineJournalSize_After"",""#text"":""0""},{""@Name"":""DeploymentSize_After"",""#text"":""1048576""},{""@Name"":""DeploymentJournalSize_After"",""#text"":""327680""},{""@Name"":""MaintenancePerformed"",""#text"":""0xD3""}]}}"
887,887,2026-03-05 06:33:47.8800966,269,Verbose,Microsoft-Windows-StateRepository,Microsoft-Windows-StateRepository/Operational,2612,2676,vm-final-lab-wo,5,S-1-5-18,,,,,,,,,,,False,c:\temp\b0f5cb3c534e29b6ade44c0e5667ea9e_MicrosoftWindowsStateRepository4Operational.evtx,0x4000200000000001,0,"{""EventData"":{""Data"":{""@Name"":""Options"",""#text"":""0x0""}}}"
888,888,2026-03-05 06:33:49.4487253,216,Info,Microsoft-Windows-StateRepository,Microsoft-Windows-StateRepository/Operational,2612,2676,vm-final-lab-wo,5,S-1-5-18,,,,,,,,,,,False,c:\temp\b0f5cb3c534e29b6ade44c0e5667ea9e_MicrosoftWindowsStateRepository4Operational.evtx,0x4000000000000001,0,"{""EventData"":{""Data"":{""@Name"":""ProcessId"",""#text"":""2612""}}}"
889,889,2026-03-05 06:33:50.4545927,231,Verbose,Microsoft-Windows-StateRepository,Microsoft-Windows-StateRepository/Operational,2612,3364,vm-final-lab-wo,5,S-1-5-18,,,,,,,,,,,False,c:\temp\b0f5cb3c534e29b6ade44c0e5667ea9e_MicrosoftWindowsStateRepository4Operational.evtx,0x4000000000000001,0,"{""EventData"":{""Data"":{""@Name"":""Options"",""#text"":""0x1""}}}"
