RecordNumber,EventRecordId,TimeCreated,EventId,Level,Provider,Channel,ProcessId,ThreadId,Computer,ChunkNumber,UserId,MapDescription,UserName,RemoteHost,PayloadData1,PayloadData2,PayloadData3,PayloadData4,PayloadData5,PayloadData6,ExecutableInfo,HiddenRecord,SourceFile,Keywords,ExtraDataOffset,Payload
1,1,2026-02-06 22:38:05.4084092,223,Info,Microsoft-Windows-StateRepository,Microsoft-Windows-StateRepository/Operational,2396,2440,WIN-IGJLHARSET8,0,S-1-5-18,,,,,,,,,,,False,c:\temp\b0f5cb3c534e29b6ade44c0e5667ea9e_MicrosoftWindowsStateRepository4Operational.evtx,0x4000000000000001,0,"{""EventData"":{""Data"":[{""@Name"":""Partition"",""#text"":""1""},{""@Name"":""SchemaVersion"",""#text"":""29696""},{""@Name"":""Filename"",""#text"":""C:\\ProgramData\\Microsoft\\Windows\\AppRepository\\StateRepository-Machine.srd""}]}}"
2,2,2026-02-06 22:38:05.4992706,223,Info,Microsoft-Windows-StateRepository,Microsoft-Windows-StateRepository/Operational,2396,2440,WIN-IGJLHARSET8,0,S-1-5-18,,,,,,,,,,,False,c:\temp\b0f5cb3c534e29b6ade44c0e5667ea9e_MicrosoftWindowsStateRepository4Operational.evtx,0x4000000000000001,0,"{""EventData"":{""Data"":[{""@Name"":""Partition"",""#text"":""2""},{""@Name"":""SchemaVersion"",""#text"":""29696""},{""@Name"":""Filename"",""#text"":""C:\\ProgramData\\Microsoft\\Windows\\AppRepository\\StateRepository-Deployment.srd""}]}}"
3,3,2026-02-06 22:38:05.5684426,234,Info,Microsoft-Windows-StateRepository,Microsoft-Windows-StateRepository/Operational,2396,2440,WIN-IGJLHARSET8,0,S-1-5-18,,,,,,,,,,,False,c:\temp\b0f5cb3c534e29b6ade44c0e5667ea9e_MicrosoftWindowsStateRepository4Operational.evtx,0x4000000000000001,0,"{""EventData"":{""Data"":[{""@Name"":""MachineDisposition"",""#text"":""1""},{""@Name"":""PreviousMachineVersion"",""#text"":""0""},{""@Name"":""DeploymentDisposition"",""#text"":""1""},{""@Name"":""PreviousDeploymentVersion"",""#text"":""0""},{""@Name"":""MigratorErrors"",""#text"":""0""}]}}"
4,4,2026-02-06 22:38:05.6327115,284,Verbose,Microsoft-Windows-StateRepository,Microsoft-Windows-StateRepository/Operational,2396,2440,WIN-IGJLHARSET8,0,S-1-5-18,,,,,,,,,,,False,c:\temp\b0f5cb3c534e29b6ade44c0e5667ea9e_MicrosoftWindowsStateRepository4Operational.evtx,0x4000000000000001,0,"{""EventData"":{""Data"":[{""@Name"":""Partition"",""#text"":""2""},{""@Name"":""ProcessId"",""#text"":""2396""},{""@Name"":""Scope"",""#text"":""AppInstaller""}]}}"
5,5,2026-02-06 22:38:05.6466499,284,Verbose,Microsoft-Windows-StateRepository,Microsoft-Windows-StateRepository/Operational,2396,2440,WIN-IGJLHARSET8,0,S-1-5-18,,,,,,,,,,,False,c:\temp\b0f5cb3c534e29b6ade44c0e5667ea9e_MicrosoftWindowsStateRepository4Operational.evtx,0x4000000000000001,0,"{""EventData"":{""Data"":[{""@Name"":""Partition"",""#text"":""2""},{""@Name"":""ProcessId"",""#text"":""2396""},{""@Name"":""Scope"",""#text"":""AppInstallerUri""}]}}"
6,6,2026-02-06 22:38:05.6545184,284,Verbose,Microsoft-Windows-StateRepository,Microsoft-Windows-StateRepository/Operational,2396,2440,WIN-IGJLHARSET8,0,S-1-5-18,,,,,,,,,,,False,c:\temp\b0f5cb3c534e29b6ade44c0e5667ea9e_MicrosoftWindowsStateRepository4Operational.evtx,0x4000000000000001,0,"{""EventData"":{""Data"":[{""@Name"":""Partition"",""#text"":""2""},{""@Name"":""ProcessId"",""#text"":""2396""},{""@Name"":""Scope"",""#text"":""AppxManifest""}]}}"
7,7,2026-02-06 22:38:05.6591507,284,Verbose,Microsoft-Windows-StateRepository,Microsoft-Windows-StateRepository/Operational,2396,2440,WIN-IGJLHARSET8,0,S-1-5-18,,,,,,,,,,,False,c:\temp\b0f5cb3c534e29b6ade44c0e5667ea9e_MicrosoftWindowsStateRepository4Operational.evtx,0x4000000000000001,0,"{""EventData"":{""Data"":[{""@Name"":""Partition"",""#text"":""2""},{""@Name"":""ProcessId"",""#text"":""2396""},{""@Name"":""Scope"",""#text"":""AutoUpdatePackage""}]}}"
8,8,2026-02-06 22:38:05.6651900,284,Verbose,Microsoft-Windows-StateRepository,Microsoft-Windows-StateRepository/Operational,2396,2440,WIN-IGJLHARSET8,0,S-1-5-18,,,,,,,,,,,False,c:\temp\b0f5cb3c534e29b6ade44c0e5667ea9e_MicrosoftWindowsStateRepository4Operational.evtx,0x4000000000000001,0,"{""EventData"":{""Data"":[{""@Name"":""Partition"",""#text"":""2""},{""@Name"":""ProcessId"",""#text"":""2396""},{""@Name"":""Scope"",""#text"":""ContentGroup""}]}}"
9,9,2026-02-06 22:38:05.6811193,284,Verbose,Microsoft-Windows-StateRepository,Microsoft-Windows-StateRepository/Operational,2396,2440,WIN-IGJLHARSET8,0,S-1-5-18,,,,,,,,,,,False,c:\temp\b0f5cb3c534e29b6ade44c0e5667ea9e_MicrosoftWindowsStateRepository4Operational.evtx,0x4000000000000001,0,"{""EventData"":{""Data"":[{""@Name"":""Partition"",""#text"":""2""},{""@Name"":""ProcessId"",""#text"":""2396""},{""@Name"":""Scope"",""#text"":""ContentGroupFile""}]}}"
10,10,2026-02-06 22:38:05.7043608,284,Verbose,Microsoft-Windows-StateRepository,Microsoft-Windows-StateRepository/Operational,2396,2440,WIN-IGJLHARSET8,0,S-1-5-18,,,,,,,,,,,False,c:\temp\b0f5cb3c534e29b6ade44c0e5667ea9e_MicrosoftWindowsStateRepository4Operational.evtx,0x4000000000000001,0,"{""EventData"":{""Data"":[{""@Name"":""Partition"",""#text"":""2""},{""@Name"":""ProcessId"",""#text"":""2396""},{""@Name"":""Scope"",""#text"":""File""}]}}"
11,11,2026-02-06 22:38:05.7072796,284,Verbose,Microsoft-Windows-StateRepository,Microsoft-Windows-StateRepository/Operational,2396,2440,WIN-IGJLHARSET8,0,S-1-5-18,,,,,,,,,,,False,c:\temp\b0f5cb3c534e29b6ade44c0e5667ea9e_MicrosoftWindowsStateRepository4Operational.evtx,0x4000000000000001,0,"{""EventData"":{""Data"":[{""@Name"":""Partition"",""#text"":""2""},{""@Name"":""ProcessId"",""#text"":""2396""},{""@Name"":""Scope"",""#text"":""PackageAppInstaller""}]}}"
12,12,2026-02-06 22:38:05.7095424,284,Verbose,Microsoft-Windows-StateRepository,Microsoft-Windows-StateRepository/Operational,2396,2440,WIN-IGJLHARSET8,0,S-1-5-18,,,,,,,,,,,False,c:\temp\b0f5cb3c534e29b6ade44c0e5667ea9e_MicrosoftWindowsStateRepository4Operational.evtx,0x4000000000000001,0,"{""EventData"":{""Data"":[{""@Name"":""Partition"",""#text"":""2""},{""@Name"":""ProcessId"",""#text"":""2396""},{""@Name"":""Scope"",""#text"":""PackageSourceUri""}]}}"
13,13,2026-02-06 22:38:05.7095794,284,Verbose,Microsoft-Windows-StateRepository,Microsoft-Windows-StateRepository/Operational,2396,2440,WIN-IGJLHARSET8,0,S-1-5-18,,,,,,,,,,,False,c:\temp\b0f5cb3c534e29b6ade44c0e5667ea9e_MicrosoftWindowsStateRepository4Operational.evtx,0x4000000000000001,0,"{""EventData"":{""Data"":[{""@Name"":""Partition"",""#text"":""2""},{""@Name"":""ProcessId"",""#text"":""2396""},{""@Name"":""Scope"",""#text"":""NULL""}]}}"
14,14,2026-02-06 22:38:05.8187544,265,Verbose,Microsoft-Windows-StateRepository,Microsoft-Windows-StateRepository/Operational,2396,2440,WIN-IGJLHARSET8,0,S-1-5-18,,,,,,,,,,,False,c:\temp\b0f5cb3c534e29b6ade44c0e5667ea9e_MicrosoftWindowsStateRepository4Operational.evtx,0x4000200000000001,0,"{""EventData"":{""Data"":[{""@Name"":""ErrorCode"",""#text"":""0x0""},{""@Name"":""Options"",""#text"":""0x0""},{""@Name"":""MachineDatabase_Pages"",""#text"":""0""},{""@Name"":""MachineDatabase_PagesCheckpointed"",""#text"":""0""},{""@Name"":""DeploymentDatabase_Pages"",""#text"":""0""},{""@Name"":""DeploymentDatabase_PagesCheckpointed"",""#text"":""0""}]}}"
15,15,2026-02-06 22:38:05.8340942,221,Verbose,Microsoft-Windows-StateRepository,Microsoft-Windows-StateRepository/Operational,2396,2440,WIN-IGJLHARSET8,0,S-1-5-18,,,,,,,,,,,False,c:\temp\b0f5cb3c534e29b6ade44c0e5667ea9e_MicrosoftWindowsStateRepository4Operational.evtx,0x4000000000000001,0,"{""EventData"":{""Data"":[{""@Name"":""Partition"",""#text"":""2""},{""@Name"":""ProcessId"",""#text"":""2396""},{""@Name"":""Scope"",""#text"":""AppInstaller""}]}}"
16,16,2026-02-06 22:38:05.8343341,221,Verbose,Microsoft-Windows-StateRepository,Microsoft-Windows-StateRepository/Operational,2396,2440,WIN-IGJLHARSET8,0,S-1-5-18,,,,,,,,,,,False,c:\temp\b0f5cb3c534e29b6ade44c0e5667ea9e_MicrosoftWindowsStateRepository4Operational.evtx,0x4000000000000001,0,"{""EventData"":{""Data"":[{""@Name"":""Partition"",""#text"":""2""},{""@Name"":""ProcessId"",""#text"":""2396""},{""@Name"":""Scope"",""#text"":""AppInstallerUri""}]}}"
17,17,2026-02-06 22:38:05.8408919,221,Verbose,Microsoft-Windows-StateRepository,Microsoft-Windows-StateRepository/Operational,2396,2440,WIN-IGJLHARSET8,0,S-1-5-18,,,,,,,,,,,False,c:\temp\b0f5cb3c534e29b6ade44c0e5667ea9e_MicrosoftWindowsStateRepository4Operational.evtx,0x4000000000000001,0,"{""EventData"":{""Data"":[{""@Name"":""Partition"",""#text"":""2""},{""@Name"":""ProcessId"",""#text"":""2396""},{""@Name"":""Scope"",""#text"":""AppxManifest""}]}}"
18,18,2026-02-06 22:38:05.8410224,221,Verbose,Microsoft-Windows-StateRepository,Microsoft-Windows-StateRepository/Operational,2396,2440,WIN-IGJLHARSET8,0,S-1-5-18,,,,,,,,,,,False,c:\temp\b0f5cb3c534e29b6ade44c0e5667ea9e_MicrosoftWindowsStateRepository4Operational.evtx,0x4000000000000001,0,"{""EventData"":{""Data"":[{""@Name"":""Partition"",""#text"":""2""},{""@Name"":""ProcessId"",""#text"":""2396""},{""@Name"":""Scope"",""#text"":""AutoUpdatePackage""}]}}"
19,19,2026-02-06 22:38:05.8501584,221,Verbose,Microsoft-Windows-StateRepository,Microsoft-Windows-StateRepository/Operational,2396,2440,WIN-IGJLHARSET8,0,S-1-5-18,,,,,,,,,,,False,c:\temp\b0f5cb3c534e29b6ade44c0e5667ea9e_MicrosoftWindowsStateRepository4Operational.evtx,0x4000000000000001,0,"{""EventData"":{""Data"":[{""@Name"":""Partition"",""#text"":""2""},{""@Name"":""ProcessId"",""#text"":""2396""},{""@Name"":""Scope"",""#text"":""ContentGroup""}]}}"
20,20,2026-02-06 22:38:05.8605098,221,Verbose,Microsoft-Windows-StateRepository,Microsoft-Windows-StateRepository/Operational,2396,2440,WIN-IGJLHARSET8,0,S-1-5-18,,,,,,,,,,,False,c:\temp\b0f5cb3c534e29b6ade44c0e5667ea9e_MicrosoftWindowsStateRepository4Operational.evtx,0x4000000000000001,0,"{""EventData"":{""Data"":[{""@Name"":""Partition"",""#text"":""2""},{""@Name"":""ProcessId"",""#text"":""2396""},{""@Name"":""Scope"",""#text"":""ContentGroupFile""}]}}"
21,21,2026-02-06 22:38:05.8652425,221,Verbose,Microsoft-Windows-StateRepository,Microsoft-Windows-StateRepository/Operational,2396,2440,WIN-IGJLHARSET8,0,S-1-5-18,,,,,,,,,,,False,c:\temp\b0f5cb3c534e29b6ade44c0e5667ea9e_MicrosoftWindowsStateRepository4Operational.evtx,0x4000000000000001,0,"{""EventData"":{""Data"":[{""@Name"":""Partition"",""#text"":""2""},{""@Name"":""ProcessId"",""#text"":""2396""},{""@Name"":""Scope"",""#text"":""File""}]}}"
22,22,2026-02-06 22:38:05.8709610,221,Verbose,Microsoft-Windows-StateRepository,Microsoft-Windows-StateRepository/Operational,2396,2440,WIN-IGJLHARSET8,0,S-1-5-18,,,,,,,,,,,False,c:\temp\b0f5cb3c534e29b6ade44c0e5667ea9e_MicrosoftWindowsStateRepository4Operational.evtx,0x4000000000000001,0,"{""EventData"":{""Data"":[{""@Name"":""Partition"",""#text"":""2""},{""@Name"":""ProcessId"",""#text"":""2396""},{""@Name"":""Scope"",""#text"":""PackageAppInstaller""}]}}"
23,23,2026-02-06 22:38:05.8729384,221,Verbose,Microsoft-Windows-StateRepository,Microsoft-Windows-StateRepository/Operational,2396,2440,WIN-IGJLHARSET8,0,S-1-5-18,,,,,,,,,,,False,c:\temp\b0f5cb3c534e29b6ade44c0e5667ea9e_MicrosoftWindowsStateRepository4Operational.evtx,0x4000000000000001,0,"{""EventData"":{""Data"":[{""@Name"":""Partition"",""#text"":""2""},{""@Name"":""ProcessId"",""#text"":""2396""},{""@Name"":""Scope"",""#text"":""PackageSourceUri""}]}}"
24,24,2026-02-06 22:38:05.8729961,221,Verbose,Microsoft-Windows-StateRepository,Microsoft-Windows-StateRepository/Operational,2396,2440,WIN-IGJLHARSET8,0,S-1-5-18,,,,,,,,,,,False,c:\temp\b0f5cb3c534e29b6ade44c0e5667ea9e_MicrosoftWindowsStateRepository4Operational.evtx,0x4000000000000001,0,"{""EventData"":{""Data"":[{""@Name"":""Partition"",""#text"":""2""},{""@Name"":""ProcessId"",""#text"":""2396""},{""@Name"":""Scope"",""#text"":""NULL""}]}}"
25,25,2026-02-06 22:38:05.9200044,245,Verbose,Microsoft-Windows-StateRepository,Microsoft-Windows-StateRepository/Operational,2396,2440,WIN-IGJLHARSET8,0,S-1-5-18,,,,,,,,,,,False,c:\temp\b0f5cb3c534e29b6ade44c0e5667ea9e_MicrosoftWindowsStateRepository4Operational.evtx,0x4000000000000001,0,"{""EventData"":{""Data"":[{""@Name"":""ErrorCode"",""#text"":""0x0""},{""@Name"":""MachineSize_Before"",""#text"":""1048576""},{""@Name"":""MachineJournalSize_Before"",""#text"":""0""},{""@Name"":""DeploymentSize_Before"",""#text"":""1048576""},{""@Name"":""DeploymentJournalSize_Before"",""#text"":""0""},{""@Name"":""MachineSize_After"",""#text"":""1048576""},{""@Name"":""MachineJournalSize_After"",""#text"":""0""},{""@Name"":""DeploymentSize_After"",""#text"":""1048576""},{""@Name"":""DeploymentJournalSize_After"",""#text"":""16384""},{""@Name"":""MaintenancePerformed"",""#text"":""0xF3""}]}}"
26,26,2026-02-06 22:38:06.0548047,269,Verbose,Microsoft-Windows-StateRepository,Microsoft-Windows-StateRepository/Operational,2396,2440,WIN-IGJLHARSET8,0,S-1-5-18,,,,,,,,,,,False,c:\temp\b0f5cb3c534e29b6ade44c0e5667ea9e_MicrosoftWindowsStateRepository4Operational.evtx,0x4000200000000001,0,"{""EventData"":{""Data"":{""@Name"":""Options"",""#text"":""0x0""}}}"
27,27,2026-02-06 22:38:07.2354549,216,Info,Microsoft-Windows-StateRepository,Microsoft-Windows-StateRepository/Operational,2396,2440,WIN-IGJLHARSET8,0,S-1-5-18,,,,,,,,,,,False,c:\temp\b0f5cb3c534e29b6ade44c0e5667ea9e_MicrosoftWindowsStateRepository4Operational.evtx,0x4000000000000001,0,"{""EventData"":{""Data"":{""@Name"":""ProcessId"",""#text"":""2396""}}}"
28,28,2026-02-06 22:38:08.0727742,231,Verbose,Microsoft-Windows-StateRepository,Microsoft-Windows-StateRepository/Operational,2396,2072,WIN-IGJLHARSET8,0,S-1-5-18,,,,,,,,,,,False,c:\temp\b0f5cb3c534e29b6ade44c0e5667ea9e_MicrosoftWindowsStateRepository4Operational.evtx,0x4000000000000001,0,"{""EventData"":{""Data"":{""@Name"":""Options"",""#text"":""0x1""}}}"
29,29,2026-02-06 22:38:14.8815074,221,Verbose,Microsoft-Windows-StateRepository,Microsoft-Windows-StateRepository/Operational,2972,4864,WIN-IGJLHARSET8,0,S-1-5-18,,,,,,,,,,,False,c:\temp\b0f5cb3c534e29b6ade44c0e5667ea9e_MicrosoftWindowsStateRepository4Operational.evtx,0x4000000000000001,0,"{""EventData"":{""Data"":[{""@Name"":""Partition"",""#text"":""1""},{""@Name"":""ProcessId"",""#text"":""2972""},{""@Name"":""Scope"",""#text"":""(database)""}]}}"
30,30,2026-02-06 22:38:14.9259461,271,Verbose,Microsoft-Windows-StateRepository,Microsoft-Windows-StateRepository/Operational,2396,2072,WIN-IGJLHARSET8,0,S-1-5-18,,,,,,,,,,,False,c:\temp\b0f5cb3c534e29b6ade44c0e5667ea9e_MicrosoftWindowsStateRepository4Operational.evtx,0x4000200000000001,0,"{""EventData"":{""Data"":{""@Name"":""Options"",""#text"":""0x0""}}}"
31,31,2026-02-06 22:38:15.0577484,271,Verbose,Microsoft-Windows-StateRepository,Microsoft-Windows-StateRepository/Operational,2396,2072,WIN-IGJLHARSET8,0,S-1-5-18,,,,,,,,,,,False,c:\temp\b0f5cb3c534e29b6ade44c0e5667ea9e_MicrosoftWindowsStateRepository4Operational.evtx,0x4000200000000001,0,"{""EventData"":{""Data"":{""@Name"":""Options"",""#text"":""0x0""}}}"
32,32,2026-02-06 22:38:15.7448952,271,Verbose,Microsoft-Windows-StateRepository,Microsoft-Windows-StateRepository/Operational,2396,2840,WIN-IGJLHARSET8,0,S-1-5-18,,,,,,,,,,,False,c:\temp\b0f5cb3c534e29b6ade44c0e5667ea9e_MicrosoftWindowsStateRepository4Operational.evtx,0x4000200000000001,0,"{""EventData"":{""Data"":{""@Name"":""Options"",""#text"":""0x0""}}}"
33,33,2026-02-06 22:38:15.8571428,271,Verbose,Microsoft-Windows-StateRepository,Microsoft-Windows-StateRepository/Operational,2396,2840,WIN-IGJLHARSET8,0,S-1-5-18,,,,,,,,,,,False,c:\temp\b0f5cb3c534e29b6ade44c0e5667ea9e_MicrosoftWindowsStateRepository4Operational.evtx,0x4000200000000001,0,"{""EventData"":{""Data"":{""@Name"":""Options"",""#text"":""0x0""}}}"
34,34,2026-02-06 22:38:16.6065650,271,Verbose,Microsoft-Windows-StateRepository,Microsoft-Windows-StateRepository/Operational,2396,2840,WIN-IGJLHARSET8,0,S-1-5-18,,,,,,,,,,,False,c:\temp\b0f5cb3c534e29b6ade44c0e5667ea9e_MicrosoftWindowsStateRepository4Operational.evtx,0x4000200000000001,0,"{""EventData"":{""Data"":{""@Name"":""Options"",""#text"":""0x0""}}}"
35,35,2026-02-06 22:38:16.7261208,271,Verbose,Microsoft-Windows-StateRepository,Microsoft-Windows-StateRepository/Operational,2396,2840,WIN-IGJLHARSET8,0,S-1-5-18,,,,,,,,,,,False,c:\temp\b0f5cb3c534e29b6ade44c0e5667ea9e_MicrosoftWindowsStateRepository4Operational.evtx,0x4000200000000001,0,"{""EventData"":{""Data"":{""@Name"":""Options"",""#text"":""0x0""}}}"
36,36,2026-02-06 22:38:17.4179474,271,Verbose,Microsoft-Windows-StateRepository,Microsoft-Windows-StateRepository/Operational,2396,2432,WIN-IGJLHARSET8,0,S-1-5-18,,,,,,,,,,,False,c:\temp\b0f5cb3c534e29b6ade44c0e5667ea9e_MicrosoftWindowsStateRepository4Operational.evtx,0x4000200000000001,0,"{""EventData"":{""Data"":{""@Name"":""Options"",""#text"":""0x0""}}}"
37,37,2026-02-06 22:38:17.5994975,271,Verbose,Microsoft-Windows-StateRepository,Microsoft-Windows-StateRepository/Operational,2396,2432,WIN-IGJLHARSET8,0,S-1-5-18,,,,,,,,,,,False,c:\temp\b0f5cb3c534e29b6ade44c0e5667ea9e_MicrosoftWindowsStateRepository4Operational.evtx,0x4000200000000001,0,"{""EventData"":{""Data"":{""@Name"":""Options"",""#text"":""0x0""}}}"
38,38,2026-02-06 22:38:19.2980392,271,Verbose,Microsoft-Windows-StateRepository,Microsoft-Windows-StateRepository/Operational,2396,2432,WIN-IGJLHARSET8,0,S-1-5-18,,,,,,,,,,,False,c:\temp\b0f5cb3c534e29b6ade44c0e5667ea9e_MicrosoftWindowsStateRepository4Operational.evtx,0x4000200000000001,0,"{""EventData"":{""Data"":{""@Name"":""Options"",""#text"":""0x0""}}}"
39,39,2026-02-06 22:38:19.5336303,271,Verbose,Microsoft-Windows-StateRepository,Microsoft-Windows-StateRepository/Operational,2396,2432,WIN-IGJLHARSET8,0,S-1-5-18,,,,,,,,,,,False,c:\temp\b0f5cb3c534e29b6ade44c0e5667ea9e_MicrosoftWindowsStateRepository4Operational.evtx,0x4000200000000001,0,"{""EventData"":{""Data"":{""@Name"":""Options"",""#text"":""0x0""}}}"
40,40,2026-02-06 22:38:20.5638819,271,Verbose,Microsoft-Windows-StateRepository,Microsoft-Windows-StateRepository/Operational,2396,3064,WIN-IGJLHARSET8,0,S-1-5-18,,,,,,,,,,,False,c:\temp\b0f5cb3c534e29b6ade44c0e5667ea9e_MicrosoftWindowsStateRepository4Operational.evtx,0x4000200000000001,0,"{""EventData"":{""Data"":{""@Name"":""Options"",""#text"":""0x0""}}}"
41,41,2026-02-06 22:38:20.7295165,271,Verbose,Microsoft-Windows-StateRepository,Microsoft-Windows-StateRepository/Operational,2396,3064,WIN-IGJLHARSET8,0,S-1-5-18,,,,,,,,,,,False,c:\temp\b0f5cb3c534e29b6ade44c0e5667ea9e_MicrosoftWindowsStateRepository4Operational.evtx,0x4000200000000001,0,"{""EventData"":{""Data"":{""@Name"":""Options"",""#text"":""0x0""}}}"
42,42,2026-02-06 22:38:21.7160020,271,Verbose,Microsoft-Windows-StateRepository,Microsoft-Windows-StateRepository/Operational,2396,2840,WIN-IGJLHARSET8,0,S-1-5-18,,,,,,,,,,,False,c:\temp\b0f5cb3c534e29b6ade44c0e5667ea9e_MicrosoftWindowsStateRepository4Operational.evtx,0x4000200000000001,0,"{""EventData"":{""Data"":{""@Name"":""Options"",""#text"":""0x0""}}}"
43,43,2026-02-06 22:38:21.8077676,271,Verbose,Microsoft-Windows-StateRepository,Microsoft-Windows-StateRepository/Operational,2396,2840,WIN-IGJLHARSET8,0,S-1-5-18,,,,,,,,,,,False,c:\temp\b0f5cb3c534e29b6ade44c0e5667ea9e_MicrosoftWindowsStateRepository4Operational.evtx,0x4000200000000001,0,"{""EventData"":{""Data"":{""@Name"":""Options"",""#text"":""0x0""}}}"
44,44,2026-02-06 22:38:22.7456971,271,Verbose,Microsoft-Windows-StateRepository,Microsoft-Windows-StateRepository/Operational,2396,2840,WIN-IGJLHARSET8,0,S-1-5-18,,,,,,,,,,,False,c:\temp\b0f5cb3c534e29b6ade44c0e5667ea9e_MicrosoftWindowsStateRepository4Operational.evtx,0x4000200000000001,0,"{""EventData"":{""Data"":{""@Name"":""Options"",""#text"":""0x0""}}}"
45,45,2026-02-06 22:38:22.8697895,271,Verbose,Microsoft-Windows-StateRepository,Microsoft-Windows-StateRepository/Operational,2396,2840,WIN-IGJLHARSET8,0,S-1-5-18,,,,,,,,,,,False,c:\temp\b0f5cb3c534e29b6ade44c0e5667ea9e_MicrosoftWindowsStateRepository4Operational.evtx,0x4000200000000001,0,"{""EventData"":{""Data"":{""@Name"":""Options"",""#text"":""0x0""}}}"
46,46,2026-02-06 22:38:23.5435379,271,Verbose,Microsoft-Windows-StateRepository,Microsoft-Windows-StateRepository/Operational,2396,3064,WIN-IGJLHARSET8,0,S-1-5-18,,,,,,,,,,,False,c:\temp\b0f5cb3c534e29b6ade44c0e5667ea9e_MicrosoftWindowsStateRepository4Operational.evtx,0x4000200000000001,0,"{""EventData"":{""Data"":{""@Name"":""Options"",""#text"":""0x0""}}}"
47,47,2026-02-06 22:38:23.7736763,271,Verbose,Microsoft-Windows-StateRepository,Microsoft-Windows-StateRepository/Operational,2396,3064,WIN-IGJLHARSET8,0,S-1-5-18,,,,,,,,,,,False,c:\temp\b0f5cb3c534e29b6ade44c0e5667ea9e_MicrosoftWindowsStateRepository4Operational.evtx,0x4000200000000001,0,"{""EventData"":{""Data"":{""@Name"":""Options"",""#text"":""0x0""}}}"
48,48,2026-02-06 22:38:25.0452066,271,Verbose,Microsoft-Windows-StateRepository,Microsoft-Windows-StateRepository/Operational,2396,2840,WIN-IGJLHARSET8,0,S-1-5-18,,,,,,,,,,,False,c:\temp\b0f5cb3c534e29b6ade44c0e5667ea9e_MicrosoftWindowsStateRepository4Operational.evtx,0x4000200000000001,0,"{""EventData"":{""Data"":{""@Name"":""Options"",""#text"":""0x0""}}}"
49,49,2026-02-06 22:38:25.1639494,271,Verbose,Microsoft-Windows-StateRepository,Microsoft-Windows-StateRepository/Operational,2396,2840,WIN-IGJLHARSET8,0,S-1-5-18,,,,,,,,,,,False,c:\temp\b0f5cb3c534e29b6ade44c0e5667ea9e_MicrosoftWindowsStateRepository4Operational.evtx,0x4000200000000001,0,"{""EventData"":{""Data"":{""@Name"":""Options"",""#text"":""0x0""}}}"
50,50,2026-02-06 22:38:26.0721461,271,Verbose,Microsoft-Windows-StateRepository,Microsoft-Windows-StateRepository/Operational,2396,3064,WIN-IGJLHARSET8,0,S-1-5-18,,,,,,,,,,,False,c:\temp\b0f5cb3c534e29b6ade44c0e5667ea9e_MicrosoftWindowsStateRepository4Operational.evtx,0x4000200000000001,0,"{""EventData"":{""Data"":{""@Name"":""Options"",""#text"":""0x0""}}}"
51,51,2026-02-06 22:38:26.2177828,271,Verbose,Microsoft-Windows-StateRepository,Microsoft-Windows-StateRepository/Operational,2396,3064,WIN-IGJLHARSET8,0,S-1-5-18,,,,,,,,,,,False,c:\temp\b0f5cb3c534e29b6ade44c0e5667ea9e_MicrosoftWindowsStateRepository4Operational.evtx,0x4000200000000001,0,"{""EventData"":{""Data"":{""@Name"":""Options"",""#text"":""0x0""}}}"
52,52,2026-02-06 22:38:27.2119560,271,Verbose,Microsoft-Windows-StateRepository,Microsoft-Windows-StateRepository/Operational,2396,3064,WIN-IGJLHARSET8,0,S-1-5-18,,,,,,,,,,,False,c:\temp\b0f5cb3c534e29b6ade44c0e5667ea9e_MicrosoftWindowsStateRepository4Operational.evtx,0x4000200000000001,0,"{""EventData"":{""Data"":{""@Name"":""Options"",""#text"":""0x0""}}}"
53,53,2026-02-06 22:38:27.3630560,271,Verbose,Microsoft-Windows-StateRepository,Microsoft-Windows-StateRepository/Operational,2396,3064,WIN-IGJLHARSET8,0,S-1-5-18,,,,,,,,,,,False,c:\temp\b0f5cb3c534e29b6ade44c0e5667ea9e_MicrosoftWindowsStateRepository4Operational.evtx,0x4000200000000001,0,"{""EventData"":{""Data"":{""@Name"":""Options"",""#text"":""0x0""}}}"
54,54,2026-02-06 22:38:28.1042984,271,Verbose,Microsoft-Windows-StateRepository,Microsoft-Windows-StateRepository/Operational,2396,2840,WIN-IGJLHARSET8,0,S-1-5-18,,,,,,,,,,,False,c:\temp\b0f5cb3c534e29b6ade44c0e5667ea9e_MicrosoftWindowsStateRepository4Operational.evtx,0x4000200000000001,0,"{""EventData"":{""Data"":{""@Name"":""Options"",""#text"":""0x0""}}}"
55,55,2026-02-06 22:38:28.2336825,271,Verbose,Microsoft-Windows-StateRepository,Microsoft-Windows-StateRepository/Operational,2396,2840,WIN-IGJLHARSET8,0,S-1-5-18,,,,,,,,,,,False,c:\temp\b0f5cb3c534e29b6ade44c0e5667ea9e_MicrosoftWindowsStateRepository4Operational.evtx,0x4000200000000001,0,"{""EventData"":{""Data"":{""@Name"":""Options"",""#text"":""0x0""}}}"
56,56,2026-02-06 22:38:29.8841720,271,Verbose,Microsoft-Windows-StateRepository,Microsoft-Windows-StateRepository/Operational,2396,3064,WIN-IGJLHARSET8,0,S-1-5-18,,,,,,,,,,,False,c:\temp\b0f5cb3c534e29b6ade44c0e5667ea9e_MicrosoftWindowsStateRepository4Operational.evtx,0x4000200000000001,0,"{""EventData"":{""Data"":{""@Name"":""Options"",""#text"":""0x0""}}}"
57,57,2026-02-06 22:38:30.0239622,271,Verbose,Microsoft-Windows-StateRepository,Microsoft-Windows-StateRepository/Operational,2396,3064,WIN-IGJLHARSET8,0,S-1-5-18,,,,,,,,,,,False,c:\temp\b0f5cb3c534e29b6ade44c0e5667ea9e_MicrosoftWindowsStateRepository4Operational.evtx,0x4000200000000001,0,"{""EventData"":{""Data"":{""@Name"":""Options"",""#text"":""0x0""}}}"
58,58,2026-02-06 22:38:30.3407142,271,Verbose,Microsoft-Windows-StateRepository,Microsoft-Windows-StateRepository/Operational,2396,2840,WIN-IGJLHARSET8,0,S-1-5-18,,,,,,,,,,,False,c:\temp\b0f5cb3c534e29b6ade44c0e5667ea9e_MicrosoftWindowsStateRepository4Operational.evtx,0x4000200000000001,0,"{""EventData"":{""Data"":{""@Name"":""Options"",""#text"":""0x0""}}}"
59,59,2026-02-06 22:38:30.8039163,271,Verbose,Microsoft-Windows-StateRepository,Microsoft-Windows-StateRepository/Operational,2396,3064,WIN-IGJLHARSET8,0,S-1-5-18,,,,,,,,,,,False,c:\temp\b0f5cb3c534e29b6ade44c0e5667ea9e_MicrosoftWindowsStateRepository4Operational.evtx,0x4000200000000001,0,"{""EventData"":{""Data"":{""@Name"":""Options"",""#text"":""0x0""}}}"
60,60,2026-02-06 22:38:30.8050884,271,Verbose,Microsoft-Windows-StateRepository,Microsoft-Windows-StateRepository/Operational,2396,2840,WIN-IGJLHARSET8,0,S-1-5-18,,,,,,,,,,,False,c:\temp\b0f5cb3c534e29b6ade44c0e5667ea9e_MicrosoftWindowsStateRepository4Operational.evtx,0x4000200000000001,0,"{""EventData"":{""Data"":{""@Name"":""Options"",""#text"":""0x0""}}}"
61,61,2026-02-06 22:38:30.9605388,271,Verbose,Microsoft-Windows-StateRepository,Microsoft-Windows-StateRepository/Operational,2396,2840,WIN-IGJLHARSET8,0,S-1-5-18,,,,,,,,,,,False,c:\temp\b0f5cb3c534e29b6ade44c0e5667ea9e_MicrosoftWindowsStateRepository4Operational.evtx,0x4000200000000001,0,"{""EventData"":{""Data"":{""@Name"":""Options"",""#text"":""0x0""}}}"
62,62,2026-02-06 22:38:31.6877774,271,Verbose,Microsoft-Windows-StateRepository,Microsoft-Windows-StateRepository/Operational,2396,2840,WIN-IGJLHARSET8,0,S-1-5-18,,,,,,,,,,,False,c:\temp\b0f5cb3c534e29b6ade44c0e5667ea9e_MicrosoftWindowsStateRepository4Operational.evtx,0x4000200000000001,0,"{""EventData"":{""Data"":{""@Name"":""Options"",""#text"":""0x0""}}}"
63,63,2026-02-06 22:38:31.9415276,271,Verbose,Microsoft-Windows-StateRepository,Microsoft-Windows-StateRepository/Operational,2396,2840,WIN-IGJLHARSET8,0,S-1-5-18,,,,,,,,,,,False,c:\temp\b0f5cb3c534e29b6ade44c0e5667ea9e_MicrosoftWindowsStateRepository4Operational.evtx,0x4000200000000001,0,"{""EventData"":{""Data"":{""@Name"":""Options"",""#text"":""0x0""}}}"
64,64,2026-02-06 22:38:32.0035202,271,Verbose,Microsoft-Windows-StateRepository,Microsoft-Windows-StateRepository/Operational,2396,3064,WIN-IGJLHARSET8,0,S-1-5-18,,,,,,,,,,,False,c:\temp\b0f5cb3c534e29b6ade44c0e5667ea9e_MicrosoftWindowsStateRepository4Operational.evtx,0x4000200000000001,0,"{""EventData"":{""Data"":{""@Name"":""Options"",""#text"":""0x0""}}}"
65,65,2026-02-06 22:38:32.8906537,271,Verbose,Microsoft-Windows-StateRepository,Microsoft-Windows-StateRepository/Operational,2396,2840,WIN-IGJLHARSET8,0,S-1-5-18,,,,,,,,,,,False,c:\temp\b0f5cb3c534e29b6ade44c0e5667ea9e_MicrosoftWindowsStateRepository4Operational.evtx,0x4000200000000001,0,"{""EventData"":{""Data"":{""@Name"":""Options"",""#text"":""0x0""}}}"
66,66,2026-02-06 22:38:33.0328670,271,Verbose,Microsoft-Windows-StateRepository,Microsoft-Windows-StateRepository/Operational,2396,2840,WIN-IGJLHARSET8,0,S-1-5-18,,,,,,,,,,,False,c:\temp\b0f5cb3c534e29b6ade44c0e5667ea9e_MicrosoftWindowsStateRepository4Operational.evtx,0x4000200000000001,0,"{""EventData"":{""Data"":{""@Name"":""Options"",""#text"":""0x0""}}}"
67,67,2026-02-06 22:38:33.8080993,271,Verbose,Microsoft-Windows-StateRepository,Microsoft-Windows-StateRepository/Operational,2396,2840,WIN-IGJLHARSET8,0,S-1-5-18,,,,,,,,,,,False,c:\temp\b0f5cb3c534e29b6ade44c0e5667ea9e_MicrosoftWindowsStateRepository4Operational.evtx,0x4000200000000001,0,"{""EventData"":{""Data"":{""@Name"":""Options"",""#text"":""0x0""}}}"
68,68,2026-02-06 22:38:33.9394045,271,Verbose,Microsoft-Windows-StateRepository,Microsoft-Windows-StateRepository/Operational,2396,2840,WIN-IGJLHARSET8,0,S-1-5-18,,,,,,,,,,,False,c:\temp\b0f5cb3c534e29b6ade44c0e5667ea9e_MicrosoftWindowsStateRepository4Operational.evtx,0x4000200000000001,0,"{""EventData"":{""Data"":{""@Name"":""Options"",""#text"":""0x0""}}}"
69,69,2026-02-06 22:38:34.6680747,271,Verbose,Microsoft-Windows-StateRepository,Microsoft-Windows-StateRepository/Operational,2396,2840,WIN-IGJLHARSET8,0,S-1-5-18,,,,,,,,,,,False,c:\temp\b0f5cb3c534e29b6ade44c0e5667ea9e_MicrosoftWindowsStateRepository4Operational.evtx,0x4000200000000001,0,"{""EventData"":{""Data"":{""@Name"":""Options"",""#text"":""0x0""}}}"
70,70,2026-02-06 22:38:34.8349676,271,Verbose,Microsoft-Windows-StateRepository,Microsoft-Windows-StateRepository/Operational,2396,2840,WIN-IGJLHARSET8,0,S-1-5-18,,,,,,,,,,,False,c:\temp\b0f5cb3c534e29b6ade44c0e5667ea9e_MicrosoftWindowsStateRepository4Operational.evtx,0x4000200000000001,0,"{""EventData"":{""Data"":{""@Name"":""Options"",""#text"":""0x0""}}}"
71,71,2026-02-06 22:38:35.4970428,271,Verbose,Microsoft-Windows-StateRepository,Microsoft-Windows-StateRepository/Operational,2396,2840,WIN-IGJLHARSET8,0,S-1-5-18,,,,,,,,,,,False,c:\temp\b0f5cb3c534e29b6ade44c0e5667ea9e_MicrosoftWindowsStateRepository4Operational.evtx,0x4000200000000001,0,"{""EventData"":{""Data"":{""@Name"":""Options"",""#text"":""0x0""}}}"
72,72,2026-02-06 22:38:35.6615966,271,Verbose,Microsoft-Windows-StateRepository,Microsoft-Windows-StateRepository/Operational,2396,2840,WIN-IGJLHARSET8,0,S-1-5-18,,,,,,,,,,,False,c:\temp\b0f5cb3c534e29b6ade44c0e5667ea9e_MicrosoftWindowsStateRepository4Operational.evtx,0x4000200000000001,0,"{""EventData"":{""Data"":{""@Name"":""Options"",""#text"":""0x0""}}}"
73,73,2026-02-06 22:38:36.2578085,271,Verbose,Microsoft-Windows-StateRepository,Microsoft-Windows-StateRepository/Operational,2396,3064,WIN-IGJLHARSET8,0,S-1-5-18,,,,,,,,,,,False,c:\temp\b0f5cb3c534e29b6ade44c0e5667ea9e_MicrosoftWindowsStateRepository4Operational.evtx,0x4000200000000001,0,"{""EventData"":{""Data"":{""@Name"":""Options"",""#text"":""0x0""}}}"
74,74,2026-02-06 22:38:36.4259526,271,Verbose,Microsoft-Windows-StateRepository,Microsoft-Windows-StateRepository/Operational,2396,3064,WIN-IGJLHARSET8,0,S-1-5-18,,,,,,,,,,,False,c:\temp\b0f5cb3c534e29b6ade44c0e5667ea9e_MicrosoftWindowsStateRepository4Operational.evtx,0x4000200000000001,0,"{""EventData"":{""Data"":{""@Name"":""Options"",""#text"":""0x0""}}}"
75,75,2026-02-06 22:38:37.2758337,271,Verbose,Microsoft-Windows-StateRepository,Microsoft-Windows-StateRepository/Operational,2396,2840,WIN-IGJLHARSET8,0,S-1-5-18,,,,,,,,,,,False,c:\temp\b0f5cb3c534e29b6ade44c0e5667ea9e_MicrosoftWindowsStateRepository4Operational.evtx,0x4000200000000001,0,"{""EventData"":{""Data"":{""@Name"":""Options"",""#text"":""0x0""}}}"
76,76,2026-02-06 22:38:37.4297628,271,Verbose,Microsoft-Windows-StateRepository,Microsoft-Windows-StateRepository/Operational,2396,2840,WIN-IGJLHARSET8,0,S-1-5-18,,,,,,,,,,,False,c:\temp\b0f5cb3c534e29b6ade44c0e5667ea9e_MicrosoftWindowsStateRepository4Operational.evtx,0x4000200000000001,0,"{""EventData"":{""Data"":{""@Name"":""Options"",""#text"":""0x0""}}}"
77,77,2026-02-06 22:38:38.1836550,271,Verbose,Microsoft-Windows-StateRepository,Microsoft-Windows-StateRepository/Operational,2396,3064,WIN-IGJLHARSET8,0,S-1-5-18,,,,,,,,,,,False,c:\temp\b0f5cb3c534e29b6ade44c0e5667ea9e_MicrosoftWindowsStateRepository4Operational.evtx,0x4000200000000001,0,"{""EventData"":{""Data"":{""@Name"":""Options"",""#text"":""0x0""}}}"
78,78,2026-02-06 22:38:38.3051290,271,Verbose,Microsoft-Windows-StateRepository,Microsoft-Windows-StateRepository/Operational,2396,3064,WIN-IGJLHARSET8,0,S-1-5-18,,,,,,,,,,,False,c:\temp\b0f5cb3c534e29b6ade44c0e5667ea9e_MicrosoftWindowsStateRepository4Operational.evtx,0x4000200000000001,0,"{""EventData"":{""Data"":{""@Name"":""Options"",""#text"":""0x0""}}}"
79,79,2026-02-06 22:38:39.1838220,271,Verbose,Microsoft-Windows-StateRepository,Microsoft-Windows-StateRepository/Operational,2396,3064,WIN-IGJLHARSET8,0,S-1-5-18,,,,,,,,,,,False,c:\temp\b0f5cb3c534e29b6ade44c0e5667ea9e_MicrosoftWindowsStateRepository4Operational.evtx,0x4000200000000001,0,"{""EventData"":{""Data"":{""@Name"":""Options"",""#text"":""0x0""}}}"
80,80,2026-02-06 22:38:39.3166869,271,Verbose,Microsoft-Windows-StateRepository,Microsoft-Windows-StateRepository/Operational,2396,3064,WIN-IGJLHARSET8,0,S-1-5-18,,,,,,,,,,,False,c:\temp\b0f5cb3c534e29b6ade44c0e5667ea9e_MicrosoftWindowsStateRepository4Operational.evtx,0x4000200000000001,0,"{""EventData"":{""Data"":{""@Name"":""Options"",""#text"":""0x0""}}}"
81,81,2026-02-06 22:38:40.0461634,271,Verbose,Microsoft-Windows-StateRepository,Microsoft-Windows-StateRepository/Operational,2396,3064,WIN-IGJLHARSET8,0,S-1-5-18,,,,,,,,,,,False,c:\temp\b0f5cb3c534e29b6ade44c0e5667ea9e_MicrosoftWindowsStateRepository4Operational.evtx,0x4000200000000001,0,"{""EventData"":{""Data"":{""@Name"":""Options"",""#text"":""0x0""}}}"
82,82,2026-02-06 22:38:40.1706456,271,Verbose,Microsoft-Windows-StateRepository,Microsoft-Windows-StateRepository/Operational,2396,3064,WIN-IGJLHARSET8,0,S-1-5-18,,,,,,,,,,,False,c:\temp\b0f5cb3c534e29b6ade44c0e5667ea9e_MicrosoftWindowsStateRepository4Operational.evtx,0x4000200000000001,0,"{""EventData"":{""Data"":{""@Name"":""Options"",""#text"":""0x0""}}}"
83,83,2026-02-06 22:38:40.8032622,271,Verbose,Microsoft-Windows-StateRepository,Microsoft-Windows-StateRepository/Operational,2396,3064,WIN-IGJLHARSET8,0,S-1-5-18,,,,,,,,,,,False,c:\temp\b0f5cb3c534e29b6ade44c0e5667ea9e_MicrosoftWindowsStateRepository4Operational.evtx,0x4000200000000001,0,"{""EventData"":{""Data"":{""@Name"":""Options"",""#text"":""0x0""}}}"
84,84,2026-02-06 22:38:40.9800377,271,Verbose,Microsoft-Windows-StateRepository,Microsoft-Windows-StateRepository/Operational,2396,3064,WIN-IGJLHARSET8,0,S-1-5-18,,,,,,,,,,,False,c:\temp\b0f5cb3c534e29b6ade44c0e5667ea9e_MicrosoftWindowsStateRepository4Operational.evtx,0x4000200000000001,0,"{""EventData"":{""Data"":{""@Name"":""Options"",""#text"":""0x0""}}}"
85,85,2026-02-06 22:38:41.8398648,271,Verbose,Microsoft-Windows-StateRepository,Microsoft-Windows-StateRepository/Operational,2396,2072,WIN-IGJLHARSET8,0,S-1-5-18,,,,,,,,,,,False,c:\temp\b0f5cb3c534e29b6ade44c0e5667ea9e_MicrosoftWindowsStateRepository4Operational.evtx,0x4000200000000001,0,"{""EventData"":{""Data"":{""@Name"":""Options"",""#text"":""0x0""}}}"
86,86,2026-02-06 22:38:41.9516776,271,Verbose,Microsoft-Windows-StateRepository,Microsoft-Windows-StateRepository/Operational,2396,2072,WIN-IGJLHARSET8,0,S-1-5-18,,,,,,,,,,,False,c:\temp\b0f5cb3c534e29b6ade44c0e5667ea9e_MicrosoftWindowsStateRepository4Operational.evtx,0x4000200000000001,0,"{""EventData"":{""Data"":{""@Name"":""Options"",""#text"":""0x0""}}}"
87,87,2026-02-06 22:38:42.7376287,271,Verbose,Microsoft-Windows-StateRepository,Microsoft-Windows-StateRepository/Operational,2396,3064,WIN-IGJLHARSET8,0,S-1-5-18,,,,,,,,,,,False,c:\temp\b0f5cb3c534e29b6ade44c0e5667ea9e_MicrosoftWindowsStateRepository4Operational.evtx,0x4000200000000001,0,"{""EventData"":{""Data"":{""@Name"":""Options"",""#text"":""0x0""}}}"
88,88,2026-02-06 22:38:42.8372383,271,Verbose,Microsoft-Windows-StateRepository,Microsoft-Windows-StateRepository/Operational,2396,3064,WIN-IGJLHARSET8,0,S-1-5-18,,,,,,,,,,,False,c:\temp\b0f5cb3c534e29b6ade44c0e5667ea9e_MicrosoftWindowsStateRepository4Operational.evtx,0x4000200000000001,0,"{""EventData"":{""Data"":{""@Name"":""Options"",""#text"":""0x0""}}}"
89,89,2026-02-06 22:38:43.4835871,271,Verbose,Microsoft-Windows-StateRepository,Microsoft-Windows-StateRepository/Operational,2396,2072,WIN-IGJLHARSET8,0,S-1-5-18,,,,,,,,,,,False,c:\temp\b0f5cb3c534e29b6ade44c0e5667ea9e_MicrosoftWindowsStateRepository4Operational.evtx,0x4000200000000001,0,"{""EventData"":{""Data"":{""@Name"":""Options"",""#text"":""0x0""}}}"
90,90,2026-02-06 22:38:43.6240279,271,Verbose,Microsoft-Windows-StateRepository,Microsoft-Windows-StateRepository/Operational,2396,2072,WIN-IGJLHARSET8,0,S-1-5-18,,,,,,,,,,,False,c:\temp\b0f5cb3c534e29b6ade44c0e5667ea9e_MicrosoftWindowsStateRepository4Operational.evtx,0x4000200000000001,0,"{""EventData"":{""Data"":{""@Name"":""Options"",""#text"":""0x0""}}}"
91,91,2026-02-06 22:38:44.2048789,271,Verbose,Microsoft-Windows-StateRepository,Microsoft-Windows-StateRepository/Operational,2396,3064,WIN-IGJLHARSET8,0,S-1-5-18,,,,,,,,,,,False,c:\temp\b0f5cb3c534e29b6ade44c0e5667ea9e_MicrosoftWindowsStateRepository4Operational.evtx,0x4000200000000001,0,"{""EventData"":{""Data"":{""@Name"":""Options"",""#text"":""0x0""}}}"
92,92,2026-02-06 22:38:44.3280144,271,Verbose,Microsoft-Windows-StateRepository,Microsoft-Windows-StateRepository/Operational,2396,3064,WIN-IGJLHARSET8,0,S-1-5-18,,,,,,,,,,,False,c:\temp\b0f5cb3c534e29b6ade44c0e5667ea9e_MicrosoftWindowsStateRepository4Operational.evtx,0x4000200000000001,0,"{""EventData"":{""Data"":{""@Name"":""Options"",""#text"":""0x0""}}}"
93,93,2026-02-06 22:38:44.9888569,271,Verbose,Microsoft-Windows-StateRepository,Microsoft-Windows-StateRepository/Operational,2396,3064,WIN-IGJLHARSET8,0,S-1-5-18,,,,,,,,,,,False,c:\temp\b0f5cb3c534e29b6ade44c0e5667ea9e_MicrosoftWindowsStateRepository4Operational.evtx,0x4000200000000001,0,"{""EventData"":{""Data"":{""@Name"":""Options"",""#text"":""0x0""}}}"
94,94,2026-02-06 22:38:45.1378098,271,Verbose,Microsoft-Windows-StateRepository,Microsoft-Windows-StateRepository/Operational,2396,3064,WIN-IGJLHARSET8,0,S-1-5-18,,,,,,,,,,,False,c:\temp\b0f5cb3c534e29b6ade44c0e5667ea9e_MicrosoftWindowsStateRepository4Operational.evtx,0x4000200000000001,0,"{""EventData"":{""Data"":{""@Name"":""Options"",""#text"":""0x0""}}}"
95,95,2026-02-06 22:38:45.8043567,271,Verbose,Microsoft-Windows-StateRepository,Microsoft-Windows-StateRepository/Operational,2396,3064,WIN-IGJLHARSET8,0,S-1-5-18,,,,,,,,,,,False,c:\temp\b0f5cb3c534e29b6ade44c0e5667ea9e_MicrosoftWindowsStateRepository4Operational.evtx,0x4000200000000001,0,"{""EventData"":{""Data"":{""@Name"":""Options"",""#text"":""0x0""}}}"
96,96,2026-02-06 22:38:45.9599133,271,Verbose,Microsoft-Windows-StateRepository,Microsoft-Windows-StateRepository/Operational,2396,3064,WIN-IGJLHARSET8,0,S-1-5-18,,,,,,,,,,,False,c:\temp\b0f5cb3c534e29b6ade44c0e5667ea9e_MicrosoftWindowsStateRepository4Operational.evtx,0x4000200000000001,0,"{""EventData"":{""Data"":{""@Name"":""Options"",""#text"":""0x0""}}}"
97,97,2026-02-06 22:38:46.6671696,271,Verbose,Microsoft-Windows-StateRepository,Microsoft-Windows-StateRepository/Operational,2396,2072,WIN-IGJLHARSET8,0,S-1-5-18,,,,,,,,,,,False,c:\temp\b0f5cb3c534e29b6ade44c0e5667ea9e_MicrosoftWindowsStateRepository4Operational.evtx,0x4000200000000001,0,"{""EventData"":{""Data"":{""@Name"":""Options"",""#text"":""0x0""}}}"
98,98,2026-02-06 22:38:46.7995281,271,Verbose,Microsoft-Windows-StateRepository,Microsoft-Windows-StateRepository/Operational,2396,2072,WIN-IGJLHARSET8,0,S-1-5-18,,,,,,,,,,,False,c:\temp\b0f5cb3c534e29b6ade44c0e5667ea9e_MicrosoftWindowsStateRepository4Operational.evtx,0x4000200000000001,0,"{""EventData"":{""Data"":{""@Name"":""Options"",""#text"":""0x0""}}}"
99,99,2026-02-06 22:38:49.2737470,271,Verbose,Microsoft-Windows-StateRepository,Microsoft-Windows-StateRepository/Operational,2396,2072,WIN-IGJLHARSET8,0,S-1-5-18,,,,,,,,,,,False,c:\temp\b0f5cb3c534e29b6ade44c0e5667ea9e_MicrosoftWindowsStateRepository4Operational.evtx,0x4000200000000001,0,"{""EventData"":{""Data"":{""@Name"":""Options"",""#text"":""0x0""}}}"
100,100,2026-02-06 22:38:49.4218302,271,Verbose,Microsoft-Windows-StateRepository,Microsoft-Windows-StateRepository/Operational,2396,2072,WIN-IGJLHARSET8,0,S-1-5-18,,,,,,,,,,,False,c:\temp\b0f5cb3c534e29b6ade44c0e5667ea9e_MicrosoftWindowsStateRepository4Operational.evtx,0x4000200000000001,0,"{""EventData"":{""Data"":{""@Name"":""Options"",""#text"":""0x0""}}}"
101,101,2026-02-06 22:38:50.7613619,271,Verbose,Microsoft-Windows-StateRepository,Microsoft-Windows-StateRepository/Operational,2396,2072,WIN-IGJLHARSET8,0,S-1-5-18,,,,,,,,,,,False,c:\temp\b0f5cb3c534e29b6ade44c0e5667ea9e_MicrosoftWindowsStateRepository4Operational.evtx,0x4000200000000001,0,"{""EventData"":{""Data"":{""@Name"":""Options"",""#text"":""0x0""}}}"
102,102,2026-02-06 22:38:50.9020502,271,Verbose,Microsoft-Windows-StateRepository,Microsoft-Windows-StateRepository/Operational,2396,2072,WIN-IGJLHARSET8,0,S-1-5-18,,,,,,,,,,,False,c:\temp\b0f5cb3c534e29b6ade44c0e5667ea9e_MicrosoftWindowsStateRepository4Operational.evtx,0x4000200000000001,0,"{""EventData"":{""Data"":{""@Name"":""Options"",""#text"":""0x0""}}}"
103,103,2026-02-06 22:38:51.5857809,271,Verbose,Microsoft-Windows-StateRepository,Microsoft-Windows-StateRepository/Operational,2396,2072,WIN-IGJLHARSET8,0,S-1-5-18,,,,,,,,,,,False,c:\temp\b0f5cb3c534e29b6ade44c0e5667ea9e_MicrosoftWindowsStateRepository4Operational.evtx,0x4000200000000001,0,"{""EventData"":{""Data"":{""@Name"":""Options"",""#text"":""0x0""}}}"
104,104,2026-02-06 22:38:51.7585376,271,Verbose,Microsoft-Windows-StateRepository,Microsoft-Windows-StateRepository/Operational,2396,2072,WIN-IGJLHARSET8,0,S-1-5-18,,,,,,,,,,,False,c:\temp\b0f5cb3c534e29b6ade44c0e5667ea9e_MicrosoftWindowsStateRepository4Operational.evtx,0x4000200000000001,0,"{""EventData"":{""Data"":{""@Name"":""Options"",""#text"":""0x0""}}}"
105,105,2026-02-06 22:38:52.6295459,271,Verbose,Microsoft-Windows-StateRepository,Microsoft-Windows-StateRepository/Operational,2396,2072,WIN-IGJLHARSET8,0,S-1-5-18,,,,,,,,,,,False,c:\temp\b0f5cb3c534e29b6ade44c0e5667ea9e_MicrosoftWindowsStateRepository4Operational.evtx,0x4000200000000001,0,"{""EventData"":{""Data"":{""@Name"":""Options"",""#text"":""0x0""}}}"
106,106,2026-02-06 22:38:52.8467852,271,Verbose,Microsoft-Windows-StateRepository,Microsoft-Windows-StateRepository/Operational,2396,2072,WIN-IGJLHARSET8,0,S-1-5-18,,,,,,,,,,,False,c:\temp\b0f5cb3c534e29b6ade44c0e5667ea9e_MicrosoftWindowsStateRepository4Operational.evtx,0x4000200000000001,0,"{""EventData"":{""Data"":{""@Name"":""Options"",""#text"":""0x0""}}}"
107,107,2026-02-06 22:38:53.5880865,271,Verbose,Microsoft-Windows-StateRepository,Microsoft-Windows-StateRepository/Operational,2396,2072,WIN-IGJLHARSET8,0,S-1-5-18,,,,,,,,,,,False,c:\temp\b0f5cb3c534e29b6ade44c0e5667ea9e_MicrosoftWindowsStateRepository4Operational.evtx,0x4000200000000001,0,"{""EventData"":{""Data"":{""@Name"":""Options"",""#text"":""0x0""}}}"
108,108,2026-02-06 22:38:53.7759626,271,Verbose,Microsoft-Windows-StateRepository,Microsoft-Windows-StateRepository/Operational,2396,2072,WIN-IGJLHARSET8,0,S-1-5-18,,,,,,,,,,,False,c:\temp\b0f5cb3c534e29b6ade44c0e5667ea9e_MicrosoftWindowsStateRepository4Operational.evtx,0x4000200000000001,0,"{""EventData"":{""Data"":{""@Name"":""Options"",""#text"":""0x0""}}}"
109,109,2026-02-06 22:38:54.2814894,271,Verbose,Microsoft-Windows-StateRepository,Microsoft-Windows-StateRepository/Operational,2396,3064,WIN-IGJLHARSET8,0,S-1-5-18,,,,,,,,,,,False,c:\temp\b0f5cb3c534e29b6ade44c0e5667ea9e_MicrosoftWindowsStateRepository4Operational.evtx,0x4000200000000001,0,"{""EventData"":{""Data"":{""@Name"":""Options"",""#text"":""0x0""}}}"
110,110,2026-02-06 22:38:54.4230493,271,Verbose,Microsoft-Windows-StateRepository,Microsoft-Windows-StateRepository/Operational,2396,3064,WIN-IGJLHARSET8,0,S-1-5-18,,,,,,,,,,,False,c:\temp\b0f5cb3c534e29b6ade44c0e5667ea9e_MicrosoftWindowsStateRepository4Operational.evtx,0x4000200000000001,0,"{""EventData"":{""Data"":{""@Name"":""Options"",""#text"":""0x0""}}}"
111,111,2026-02-06 22:38:54.9705611,271,Verbose,Microsoft-Windows-StateRepository,Microsoft-Windows-StateRepository/Operational,2396,2072,WIN-IGJLHARSET8,0,S-1-5-18,,,,,,,,,,,False,c:\temp\b0f5cb3c534e29b6ade44c0e5667ea9e_MicrosoftWindowsStateRepository4Operational.evtx,0x4000200000000001,0,"{""EventData"":{""Data"":{""@Name"":""Options"",""#text"":""0x0""}}}"
112,112,2026-02-06 22:38:55.1298714,271,Verbose,Microsoft-Windows-StateRepository,Microsoft-Windows-StateRepository/Operational,2396,2072,WIN-IGJLHARSET8,0,S-1-5-18,,,,,,,,,,,False,c:\temp\b0f5cb3c534e29b6ade44c0e5667ea9e_MicrosoftWindowsStateRepository4Operational.evtx,0x4000200000000001,0,"{""EventData"":{""Data"":{""@Name"":""Options"",""#text"":""0x0""}}}"
113,113,2026-02-06 22:38:55.6653627,271,Verbose,Microsoft-Windows-StateRepository,Microsoft-Windows-StateRepository/Operational,2396,3064,WIN-IGJLHARSET8,0,S-1-5-18,,,,,,,,,,,False,c:\temp\b0f5cb3c534e29b6ade44c0e5667ea9e_MicrosoftWindowsStateRepository4Operational.evtx,0x4000200000000001,0,"{""EventData"":{""Data"":{""@Name"":""Options"",""#text"":""0x0""}}}"
114,114,2026-02-06 22:38:55.8093201,271,Verbose,Microsoft-Windows-StateRepository,Microsoft-Windows-StateRepository/Operational,2396,3064,WIN-IGJLHARSET8,0,S-1-5-18,,,,,,,,,,,False,c:\temp\b0f5cb3c534e29b6ade44c0e5667ea9e_MicrosoftWindowsStateRepository4Operational.evtx,0x4000200000000001,0,"{""EventData"":{""Data"":{""@Name"":""Options"",""#text"":""0x0""}}}"
115,115,2026-02-06 22:38:56.5304912,271,Verbose,Microsoft-Windows-StateRepository,Microsoft-Windows-StateRepository/Operational,2396,2072,WIN-IGJLHARSET8,0,S-1-5-18,,,,,,,,,,,False,c:\temp\b0f5cb3c534e29b6ade44c0e5667ea9e_MicrosoftWindowsStateRepository4Operational.evtx,0x4000200000000001,0,"{""EventData"":{""Data"":{""@Name"":""Options"",""#text"":""0x0""}}}"
116,116,2026-02-06 22:38:56.7049133,271,Verbose,Microsoft-Windows-StateRepository,Microsoft-Windows-StateRepository/Operational,2396,2072,WIN-IGJLHARSET8,0,S-1-5-18,,,,,,,,,,,False,c:\temp\b0f5cb3c534e29b6ade44c0e5667ea9e_MicrosoftWindowsStateRepository4Operational.evtx,0x4000200000000001,0,"{""EventData"":{""Data"":{""@Name"":""Options"",""#text"":""0x0""}}}"
117,117,2026-02-06 22:38:57.2979482,271,Verbose,Microsoft-Windows-StateRepository,Microsoft-Windows-StateRepository/Operational,2396,2840,WIN-IGJLHARSET8,0,S-1-5-18,,,,,,,,,,,False,c:\temp\b0f5cb3c534e29b6ade44c0e5667ea9e_MicrosoftWindowsStateRepository4Operational.evtx,0x4000200000000001,0,"{""EventData"":{""Data"":{""@Name"":""Options"",""#text"":""0x0""}}}"
118,118,2026-02-06 22:38:57.3402840,271,Verbose,Microsoft-Windows-StateRepository,Microsoft-Windows-StateRepository/Operational,2396,2840,WIN-IGJLHARSET8,0,S-1-5-18,,,,,,,,,,,False,c:\temp\b0f5cb3c534e29b6ade44c0e5667ea9e_MicrosoftWindowsStateRepository4Operational.evtx,0x4000200000000001,0,"{""EventData"":{""Data"":{""@Name"":""Options"",""#text"":""0x0""}}}"
119,119,2026-02-06 22:38:57.7688514,271,Verbose,Microsoft-Windows-StateRepository,Microsoft-Windows-StateRepository/Operational,2396,2072,WIN-IGJLHARSET8,0,S-1-5-18,,,,,,,,,,,False,c:\temp\b0f5cb3c534e29b6ade44c0e5667ea9e_MicrosoftWindowsStateRepository4Operational.evtx,0x4000200000000001,0,"{""EventData"":{""Data"":{""@Name"":""Options"",""#text"":""0x0""}}}"
120,120,2026-02-06 22:38:57.8137985,271,Verbose,Microsoft-Windows-StateRepository,Microsoft-Windows-StateRepository/Operational,2396,2072,WIN-IGJLHARSET8,0,S-1-5-18,,,,,,,,,,,False,c:\temp\b0f5cb3c534e29b6ade44c0e5667ea9e_MicrosoftWindowsStateRepository4Operational.evtx,0x4000200000000001,0,"{""EventData"":{""Data"":{""@Name"":""Options"",""#text"":""0x0""}}}"
121,121,2026-02-06 22:38:58.4055525,271,Verbose,Microsoft-Windows-StateRepository,Microsoft-Windows-StateRepository/Operational,2396,2840,WIN-IGJLHARSET8,0,S-1-5-18,,,,,,,,,,,False,c:\temp\b0f5cb3c534e29b6ade44c0e5667ea9e_MicrosoftWindowsStateRepository4Operational.evtx,0x4000200000000001,0,"{""EventData"":{""Data"":{""@Name"":""Options"",""#text"":""0x0""}}}"
122,122,2026-02-06 22:38:58.5229076,271,Verbose,Microsoft-Windows-StateRepository,Microsoft-Windows-StateRepository/Operational,2396,2840,WIN-IGJLHARSET8,0,S-1-5-18,,,,,,,,,,,False,c:\temp\b0f5cb3c534e29b6ade44c0e5667ea9e_MicrosoftWindowsStateRepository4Operational.evtx,0x4000200000000001,0,"{""EventData"":{""Data"":{""@Name"":""Options"",""#text"":""0x0""}}}"
123,123,2026-02-06 22:38:59.0392064,271,Verbose,Microsoft-Windows-StateRepository,Microsoft-Windows-StateRepository/Operational,2396,2072,WIN-IGJLHARSET8,0,S-1-5-18,,,,,,,,,,,False,c:\temp\b0f5cb3c534e29b6ade44c0e5667ea9e_MicrosoftWindowsStateRepository4Operational.evtx,0x4000200000000001,0,"{""EventData"":{""Data"":{""@Name"":""Options"",""#text"":""0x0""}}}"
124,124,2026-02-06 22:38:59.0960030,271,Verbose,Microsoft-Windows-StateRepository,Microsoft-Windows-StateRepository/Operational,2396,2072,WIN-IGJLHARSET8,0,S-1-5-18,,,,,,,,,,,False,c:\temp\b0f5cb3c534e29b6ade44c0e5667ea9e_MicrosoftWindowsStateRepository4Operational.evtx,0x4000200000000001,0,"{""EventData"":{""Data"":{""@Name"":""Options"",""#text"":""0x0""}}}"
125,125,2026-02-06 22:38:59.6643577,271,Verbose,Microsoft-Windows-StateRepository,Microsoft-Windows-StateRepository/Operational,2396,2072,WIN-IGJLHARSET8,0,S-1-5-18,,,,,,,,,,,False,c:\temp\b0f5cb3c534e29b6ade44c0e5667ea9e_MicrosoftWindowsStateRepository4Operational.evtx,0x4000200000000001,0,"{""EventData"":{""Data"":{""@Name"":""Options"",""#text"":""0x0""}}}"
126,126,2026-02-06 22:38:59.7773910,271,Verbose,Microsoft-Windows-StateRepository,Microsoft-Windows-StateRepository/Operational,2396,2072,WIN-IGJLHARSET8,0,S-1-5-18,,,,,,,,,,,False,c:\temp\b0f5cb3c534e29b6ade44c0e5667ea9e_MicrosoftWindowsStateRepository4Operational.evtx,0x4000200000000001,0,"{""EventData"":{""Data"":{""@Name"":""Options"",""#text"":""0x0""}}}"
127,127,2026-02-06 22:39:00.4632407,271,Verbose,Microsoft-Windows-StateRepository,Microsoft-Windows-StateRepository/Operational,2396,2840,WIN-IGJLHARSET8,0,S-1-5-18,,,,,,,,,,,False,c:\temp\b0f5cb3c534e29b6ade44c0e5667ea9e_MicrosoftWindowsStateRepository4Operational.evtx,0x4000200000000001,0,"{""EventData"":{""Data"":{""@Name"":""Options"",""#text"":""0x0""}}}"
